2024-12-15 21:37:31.1803 DataDesigner.Core.CodeGenerator.EnumCodeGenerator.Generate [INFO] ////////////////////////////////////////////////////////// 
2024-12-15 21:37:31.2329 DataDesigner.Core.CodeGenerator.EnumCodeGenerator.Generate [INFO] [EnumCodeGenerator] Generating start... 
2024-12-15 21:37:55.5446 DataDesigner.Core.CodeGenerator.EnumCodeGenerator.Generate [INFO] ////////////////////////////////////////////////////////// 
2024-12-15 21:37:55.5751 DataDesigner.Core.CodeGenerator.EnumCodeGenerator.Generate [INFO] [EnumCodeGenerator] Generating start... 
2024-12-15 21:37:56.3741 DataDesigner.Core.CodeGenerator.EnumCodeGenerator.Generate [INFO] [EnumCodeGenerator] Code generated... 
2024-12-15 21:38:24.2314 DataDesigner.Core.CodeGenerator.EnumCodeGenerator.Generate [INFO] ////////////////////////////////////////////////////////// 
2024-12-15 21:38:24.2628 DataDesigner.Core.CodeGenerator.EnumCodeGenerator.Generate [INFO] [EnumCodeGenerator] Generating start... 
2024-12-15 21:38:25.0827 DataDesigner.Core.CodeGenerator.EnumCodeGenerator.Generate [INFO] [EnumCodeGenerator] Code generated... 
2024-12-15 21:38:25.0906 DataDesigner.Core.CodeGenerator.ClassCodeGenerator.Generate [INFO] ////////////////////////////////////////////////////////// 
2024-12-15 21:38:25.0906 DataDesigner.Core.CodeGenerator.ClassCodeGenerator.Generate [INFO] [ClassCodeGenerator] Generating start... 
2024-12-15 21:38:25.1116 DataDesigner.Core.CodeGenerator.ClassCodeGenerator.Generate [INFO] [ClassCodeGenerator] Code generated... 
2024-12-15 21:38:33.7712 DataDesigner.Core.CodeGenerator.ClassCodeGenerator.GetGeneratedTypes [ERROR] enum code compilation failed. msg: error CS0009: '<메모리 내 어셈블리>' 메타데이터 파일을 열 수 없습니다. PE 이미지에 관리된 메타데이터가 포함되어 있지 않습니다. 
2024-12-15 21:38:33.7832 DataDesigner.Core.CodeGenerator.ClassCodeGenerator.GetGeneratedTypes [ERROR] enum code compilation failed. msg: (28,25): error CS0234: 'TestCode' 네임스페이스에 'Type_EnumCode' 형식 또는 네임스페이스 이름이 없습니다. 어셈블리 참조가 있는지 확인하세요. 
2024-12-15 21:38:33.7832 DataDesigner.Core.CodeGenerator.ClassCodeGenerator.GetGeneratedTypes [ERROR] enum code compilation failed. msg: (43,25): error CS0234: 'TestCode' 네임스페이스에 'Type_EnumCode' 형식 또는 네임스페이스 이름이 없습니다. 어셈블리 참조가 있는지 확인하세요. 
2024-12-15 21:39:37.7680 DataDesigner.Core.CodeGenerator.EnumCodeGenerator.Generate [INFO] ////////////////////////////////////////////////////////// 
2024-12-15 21:39:37.7941 DataDesigner.Core.CodeGenerator.EnumCodeGenerator.Generate [INFO] [EnumCodeGenerator] Generating start... 
2024-12-15 21:39:54.6509 DataDesigner.Core.CodeGenerator.EnumCodeGenerator.Generate [INFO] ////////////////////////////////////////////////////////// 
2024-12-15 21:39:54.6982 DataDesigner.Core.CodeGenerator.EnumCodeGenerator.Generate [INFO] [EnumCodeGenerator] Generating start... 
2024-12-15 21:39:56.0232 DataDesigner.Core.CodeGenerator.EnumCodeGenerator.Generate [INFO] [EnumCodeGenerator] Code generated... 
2024-12-15 21:39:56.0311 DataDesigner.Core.CodeGenerator.ClassCodeGenerator.Generate [INFO] ////////////////////////////////////////////////////////// 
2024-12-15 21:39:56.0311 DataDesigner.Core.CodeGenerator.ClassCodeGenerator.Generate [INFO] [ClassCodeGenerator] Generating start... 
2024-12-15 21:39:56.0427 DataDesigner.Core.CodeGenerator.ClassCodeGenerator.Generate [INFO] [ClassCodeGenerator] Code generated... 
2024-12-15 21:41:57.0383 DataDesigner.Core.CodeGenerator.ClassCodeGenerator.Generate [INFO] ////////////////////////////////////////////////////////// 
2024-12-15 21:41:57.0651 DataDesigner.Core.CodeGenerator.ClassCodeGenerator.Generate [INFO] [ClassCodeGenerator] Generating start... 
2024-12-15 21:41:57.0847 DataDesigner.Core.CodeGenerator.ClassCodeGenerator.Generate [ERROR] [ClassCodeGenerator] Failed to generate code. 
2024-12-15 21:42:34.1979 DataDesigner.Core.CodeGenerator.ClassCodeGenerator.Generate [INFO] ////////////////////////////////////////////////////////// 
2024-12-15 21:42:34.2249 DataDesigner.Core.CodeGenerator.ClassCodeGenerator.Generate [INFO] [ClassCodeGenerator] Generating start... 
2024-12-15 21:42:34.2408 DataDesigner.Core.CodeGenerator.ClassCodeGenerator.Generate [ERROR] [ClassCodeGenerator] Failed to generate code. 
2024-12-15 21:42:47.0482 DataDesigner.Core.CodeGenerator.ClassCodeGenerator.Generate [INFO] ////////////////////////////////////////////////////////// 
2024-12-15 21:42:47.0752 DataDesigner.Core.CodeGenerator.ClassCodeGenerator.Generate [INFO] [ClassCodeGenerator] Generating start... 
2024-12-15 21:42:47.0919 DataDesigner.Core.CodeGenerator.ClassCodeGenerator.Generate [ERROR] [ClassCodeGenerator] Failed to generate code. 
2024-12-15 21:43:22.2312 DataDesigner.Core.CodeGenerator.ClassCodeGenerator.Generate [INFO] ////////////////////////////////////////////////////////// 
2024-12-15 21:43:22.2583 DataDesigner.Core.CodeGenerator.ClassCodeGenerator.Generate [INFO] [ClassCodeGenerator] Generating start... 
2024-12-15 21:43:22.2767 DataDesigner.Core.CodeGenerator.ClassCodeGenerator.Generate [ERROR] [ClassCodeGenerator] Failed to generate code. 
2024-12-15 21:44:10.1145 DataDesigner.Core.CodeGenerator.ClassCodeGenerator.Generate [INFO] ////////////////////////////////////////////////////////// 
2024-12-15 21:44:10.1401 DataDesigner.Core.CodeGenerator.ClassCodeGenerator.Generate [INFO] [ClassCodeGenerator] Generating start... 
2024-12-15 21:44:10.1562 DataDesigner.Core.CodeGenerator.ClassCodeGenerator.Generate [ERROR] [ClassCodeGenerator] Failed to generate code. 
2024-12-15 21:44:38.5849 DataDesigner.Core.CodeGenerator.EnumCodeGenerator.Generate [INFO] ////////////////////////////////////////////////////////// 
2024-12-15 21:44:38.6115 DataDesigner.Core.CodeGenerator.EnumCodeGenerator.Generate [INFO] [EnumCodeGenerator] Generating start... 
2024-12-15 21:44:39.4793 DataDesigner.Core.CodeGenerator.EnumCodeGenerator.Generate [INFO] [EnumCodeGenerator] Code generated... 
2024-12-15 21:44:42.4694 DataDesigner.Core.CodeGenerator.ClassCodeGenerator.Generate [INFO] ////////////////////////////////////////////////////////// 
2024-12-15 21:44:43.4165 DataDesigner.Core.CodeGenerator.ClassCodeGenerator.Generate [INFO] [ClassCodeGenerator] Generating start... 
2024-12-15 21:44:47.9455 DataDesigner.Core.CodeGenerator.ClassCodeGenerator.Generate [INFO] [ClassCodeGenerator] Code generated... 
2024-12-15 21:45:50.0992 DataDesigner.Core.CodeGenerator.EnumCodeGenerator.Generate [INFO] ////////////////////////////////////////////////////////// 
2024-12-15 21:45:50.1391 DataDesigner.Core.CodeGenerator.EnumCodeGenerator.Generate [INFO] [EnumCodeGenerator] Generating start... 
2024-12-15 21:45:51.0047 DataDesigner.Core.CodeGenerator.EnumCodeGenerator.Generate [INFO] [EnumCodeGenerator] Code generated... 
2024-12-15 21:45:52.1556 DataDesigner.Core.CodeGenerator.ClassCodeGenerator.Generate [INFO] ////////////////////////////////////////////////////////// 
2024-12-15 21:45:52.1556 DataDesigner.Core.CodeGenerator.ClassCodeGenerator.Generate [INFO] [ClassCodeGenerator] Generating start... 
2024-12-15 21:45:52.1690 DataDesigner.Core.CodeGenerator.ClassCodeGenerator.Generate [INFO] [ClassCodeGenerator] Code generated... 
2024-12-15 21:46:17.7078 DataDesigner.Core.CodeGenerator.EnumCodeGenerator.Generate [INFO] ////////////////////////////////////////////////////////// 
2024-12-15 21:46:17.7386 DataDesigner.Core.CodeGenerator.EnumCodeGenerator.Generate [INFO] [EnumCodeGenerator] Generating start... 
2024-12-15 21:46:18.5837 DataDesigner.Core.CodeGenerator.EnumCodeGenerator.Generate [INFO] [EnumCodeGenerator] Code generated... 
2024-12-15 21:46:19.9356 DataDesigner.Core.CodeGenerator.ClassCodeGenerator.Generate [INFO] ////////////////////////////////////////////////////////// 
2024-12-15 21:46:19.9356 DataDesigner.Core.CodeGenerator.ClassCodeGenerator.Generate [INFO] [ClassCodeGenerator] Generating start... 
2024-12-15 21:46:19.9483 DataDesigner.Core.CodeGenerator.ClassCodeGenerator.Generate [INFO] [ClassCodeGenerator] Code generated... 
2024-12-15 21:48:14.2619 DataDesigner.Core.CodeGenerator.EnumCodeGenerator.Generate [INFO] ////////////////////////////////////////////////////////// 
2024-12-15 21:48:14.3035 DataDesigner.Core.CodeGenerator.EnumCodeGenerator.Generate [INFO] [EnumCodeGenerator] Generating start... 
2024-12-15 21:48:15.0994 DataDesigner.Core.CodeGenerator.EnumCodeGenerator.EmitToDll [ERROR] enum code compilation failed. msg: (46,9): error CS0102: 'Type_EnumCode' 형식에 이미 'Key0'에 대한 정의가 포함되어 있습니다. 
2024-12-15 21:48:15.0994 DataDesigner.Core.CodeGenerator.EnumCodeGenerator.EmitToDll [ERROR] enum code compilation failed. msg: (49,9): error CS0102: 'Type_EnumCode' 형식에 이미 'Key1'에 대한 정의가 포함되어 있습니다. 
2024-12-15 21:48:15.0994 DataDesigner.Core.CodeGenerator.EnumCodeGenerator.EmitToDll [ERROR] enum code compilation failed. msg: (52,9): error CS0102: 'Type_EnumCode' 형식에 이미 'Key2'에 대한 정의가 포함되어 있습니다. 
2024-12-15 21:48:15.0994 DataDesigner.Core.CodeGenerator.EnumCodeGenerator.EmitToDll [ERROR] enum code compilation failed. msg: (55,9): error CS0102: 'Type_EnumCode' 형식에 이미 'Key3'에 대한 정의가 포함되어 있습니다. 
2024-12-15 21:48:15.0994 DataDesigner.Core.CodeGenerator.EnumCodeGenerator.EmitToDll [ERROR] enum code compilation failed. msg: (58,9): error CS0102: 'Type_EnumCode' 형식에 이미 'Key4'에 대한 정의가 포함되어 있습니다. 
2024-12-15 21:48:15.0994 DataDesigner.Core.CodeGenerator.EnumCodeGenerator.EmitToDll [ERROR] enum code compilation failed. msg: (61,9): error CS0102: 'Type_EnumCode' 형식에 이미 'Key5'에 대한 정의가 포함되어 있습니다. 
2024-12-15 21:48:15.0994 DataDesigner.Core.CodeGenerator.EnumCodeGenerator.EmitToDll [ERROR] enum code compilation failed. msg: (64,9): error CS0102: 'Type_EnumCode' 형식에 이미 'Key6'에 대한 정의가 포함되어 있습니다. 
2024-12-15 21:48:15.0994 DataDesigner.Core.CodeGenerator.EnumCodeGenerator.EmitToDll [ERROR] enum code compilation failed. msg: (67,9): error CS0102: 'Type_EnumCode' 형식에 이미 'Key7'에 대한 정의가 포함되어 있습니다. 
2024-12-15 21:48:15.0994 DataDesigner.Core.CodeGenerator.EnumCodeGenerator.EmitToDll [ERROR] enum code compilation failed. msg: (70,9): error CS0102: 'Type_EnumCode' 형식에 이미 'Key8'에 대한 정의가 포함되어 있습니다. 
2024-12-15 21:48:15.0994 DataDesigner.Core.CodeGenerator.EnumCodeGenerator.EmitToDll [ERROR] enum code compilation failed. msg: (73,9): error CS0102: 'Type_EnumCode' 형식에 이미 'Key9'에 대한 정의가 포함되어 있습니다. 
2024-12-15 21:48:15.0994 DataDesigner.Core.CodeGenerator.EnumCodeGenerator.Generate [INFO] [EnumCodeGenerator] Code generated... 
2024-12-15 21:48:15.0994 DataDesigner.Core.CodeGenerator.EnumCodeGenerator.Generate [INFO] ////////////////////////////////////////////////////////// 
2024-12-15 21:48:15.1037 DataDesigner.Core.CodeGenerator.EnumCodeGenerator.Generate [INFO] [EnumCodeGenerator] Generating start... 
2024-12-15 21:48:15.1277 DataDesigner.Core.CodeGenerator.EnumCodeGenerator.EmitToDll [ERROR] enum code compilation failed. msg: (46,9): error CS0102: 'Type_EnumCode2' 형식에 이미 'Key0'에 대한 정의가 포함되어 있습니다. 
2024-12-15 21:48:15.1277 DataDesigner.Core.CodeGenerator.EnumCodeGenerator.EmitToDll [ERROR] enum code compilation failed. msg: (49,9): error CS0102: 'Type_EnumCode2' 형식에 이미 'Key1'에 대한 정의가 포함되어 있습니다. 
2024-12-15 21:48:15.1277 DataDesigner.Core.CodeGenerator.EnumCodeGenerator.EmitToDll [ERROR] enum code compilation failed. msg: (52,9): error CS0102: 'Type_EnumCode2' 형식에 이미 'Key2'에 대한 정의가 포함되어 있습니다. 
2024-12-15 21:48:15.1277 DataDesigner.Core.CodeGenerator.EnumCodeGenerator.EmitToDll [ERROR] enum code compilation failed. msg: (55,9): error CS0102: 'Type_EnumCode2' 형식에 이미 'Key3'에 대한 정의가 포함되어 있습니다. 
2024-12-15 21:48:15.1277 DataDesigner.Core.CodeGenerator.EnumCodeGenerator.EmitToDll [ERROR] enum code compilation failed. msg: (58,9): error CS0102: 'Type_EnumCode2' 형식에 이미 'Key4'에 대한 정의가 포함되어 있습니다. 
2024-12-15 21:48:15.1277 DataDesigner.Core.CodeGenerator.EnumCodeGenerator.EmitToDll [ERROR] enum code compilation failed. msg: (61,9): error CS0102: 'Type_EnumCode2' 형식에 이미 'Key5'에 대한 정의가 포함되어 있습니다. 
2024-12-15 21:48:15.1277 DataDesigner.Core.CodeGenerator.EnumCodeGenerator.EmitToDll [ERROR] enum code compilation failed. msg: (64,9): error CS0102: 'Type_EnumCode2' 형식에 이미 'Key6'에 대한 정의가 포함되어 있습니다. 
2024-12-15 21:48:15.1277 DataDesigner.Core.CodeGenerator.EnumCodeGenerator.EmitToDll [ERROR] enum code compilation failed. msg: (67,9): error CS0102: 'Type_EnumCode2' 형식에 이미 'Key7'에 대한 정의가 포함되어 있습니다. 
2024-12-15 21:48:15.1351 DataDesigner.Core.CodeGenerator.EnumCodeGenerator.EmitToDll [ERROR] enum code compilation failed. msg: (70,9): error CS0102: 'Type_EnumCode2' 형식에 이미 'Key8'에 대한 정의가 포함되어 있습니다. 
2024-12-15 21:48:15.1351 DataDesigner.Core.CodeGenerator.EnumCodeGenerator.EmitToDll [ERROR] enum code compilation failed. msg: (73,9): error CS0102: 'Type_EnumCode2' 형식에 이미 'Key9'에 대한 정의가 포함되어 있습니다. 
2024-12-15 21:48:15.1351 DataDesigner.Core.CodeGenerator.EnumCodeGenerator.Generate [INFO] [EnumCodeGenerator] Code generated... 
2024-12-15 21:49:01.3717 DataDesigner.Core.CodeGenerator.ClassCodeGenerator.Generate [INFO] ////////////////////////////////////////////////////////// 
2024-12-15 21:49:01.4073 DataDesigner.Core.CodeGenerator.ClassCodeGenerator.Generate [INFO] [ClassCodeGenerator] Generating start... 
2024-12-15 21:49:01.4245 DataDesigner.Core.CodeGenerator.ClassCodeGenerator.Generate [ERROR] [ClassCodeGenerator] Failed to generate code. 
2024-12-15 21:49:03.7117 DataDesigner.Core.CodeGenerator.EnumCodeGenerator.Generate [INFO] ////////////////////////////////////////////////////////// 
2024-12-15 21:49:03.7404 DataDesigner.Core.CodeGenerator.EnumCodeGenerator.Generate [INFO] [EnumCodeGenerator] Generating start... 
2024-12-15 21:49:05.4081 DataDesigner.Core.CodeGenerator.EnumCodeGenerator.EmitToDll [ERROR] enum code compilation failed. msg: (46,9): error CS0102: 'Type_EnumCode' 형식에 이미 'Key0'에 대한 정의가 포함되어 있습니다. 
2024-12-15 21:49:05.4081 DataDesigner.Core.CodeGenerator.EnumCodeGenerator.EmitToDll [ERROR] enum code compilation failed. msg: (49,9): error CS0102: 'Type_EnumCode' 형식에 이미 'Key1'에 대한 정의가 포함되어 있습니다. 
2024-12-15 21:49:05.4081 DataDesigner.Core.CodeGenerator.EnumCodeGenerator.EmitToDll [ERROR] enum code compilation failed. msg: (52,9): error CS0102: 'Type_EnumCode' 형식에 이미 'Key2'에 대한 정의가 포함되어 있습니다. 
2024-12-15 21:49:05.4081 DataDesigner.Core.CodeGenerator.EnumCodeGenerator.EmitToDll [ERROR] enum code compilation failed. msg: (55,9): error CS0102: 'Type_EnumCode' 형식에 이미 'Key3'에 대한 정의가 포함되어 있습니다. 
2024-12-15 21:49:05.4081 DataDesigner.Core.CodeGenerator.EnumCodeGenerator.EmitToDll [ERROR] enum code compilation failed. msg: (58,9): error CS0102: 'Type_EnumCode' 형식에 이미 'Key4'에 대한 정의가 포함되어 있습니다. 
2024-12-15 21:49:05.4081 DataDesigner.Core.CodeGenerator.EnumCodeGenerator.EmitToDll [ERROR] enum code compilation failed. msg: (61,9): error CS0102: 'Type_EnumCode' 형식에 이미 'Key5'에 대한 정의가 포함되어 있습니다. 
2024-12-15 21:49:05.4081 DataDesigner.Core.CodeGenerator.EnumCodeGenerator.EmitToDll [ERROR] enum code compilation failed. msg: (64,9): error CS0102: 'Type_EnumCode' 형식에 이미 'Key6'에 대한 정의가 포함되어 있습니다. 
2024-12-15 21:49:05.4081 DataDesigner.Core.CodeGenerator.EnumCodeGenerator.EmitToDll [ERROR] enum code compilation failed. msg: (67,9): error CS0102: 'Type_EnumCode' 형식에 이미 'Key7'에 대한 정의가 포함되어 있습니다. 
2024-12-15 21:49:05.4081 DataDesigner.Core.CodeGenerator.EnumCodeGenerator.EmitToDll [ERROR] enum code compilation failed. msg: (70,9): error CS0102: 'Type_EnumCode' 형식에 이미 'Key8'에 대한 정의가 포함되어 있습니다. 
2024-12-15 21:49:05.4081 DataDesigner.Core.CodeGenerator.EnumCodeGenerator.EmitToDll [ERROR] enum code compilation failed. msg: (73,9): error CS0102: 'Type_EnumCode' 형식에 이미 'Key9'에 대한 정의가 포함되어 있습니다. 
2024-12-15 21:49:05.4081 DataDesigner.Core.CodeGenerator.EnumCodeGenerator.Generate [INFO] [EnumCodeGenerator] Code generated... 
2024-12-15 21:49:05.4081 DataDesigner.Core.CodeGenerator.EnumCodeGenerator.Generate [INFO] ////////////////////////////////////////////////////////// 
2024-12-15 21:49:05.4081 DataDesigner.Core.CodeGenerator.EnumCodeGenerator.Generate [INFO] [EnumCodeGenerator] Generating start... 
2024-12-15 21:49:09.4688 DataDesigner.Core.CodeGenerator.EnumCodeGenerator.Generate [INFO] ////////////////////////////////////////////////////////// 
2024-12-15 21:49:09.4982 DataDesigner.Core.CodeGenerator.EnumCodeGenerator.Generate [INFO] [EnumCodeGenerator] Generating start... 
2024-12-15 21:49:11.6001 DataDesigner.Core.CodeGenerator.EnumCodeGenerator.EmitToDll [ERROR] enum code compilation failed. msg: (46,9): error CS0102: 'Type_EnumCode' 형식에 이미 'Key0'에 대한 정의가 포함되어 있습니다. 
2024-12-15 21:49:11.6001 DataDesigner.Core.CodeGenerator.EnumCodeGenerator.EmitToDll [ERROR] enum code compilation failed. msg: (49,9): error CS0102: 'Type_EnumCode' 형식에 이미 'Key1'에 대한 정의가 포함되어 있습니다. 
2024-12-15 21:49:11.6001 DataDesigner.Core.CodeGenerator.EnumCodeGenerator.EmitToDll [ERROR] enum code compilation failed. msg: (52,9): error CS0102: 'Type_EnumCode' 형식에 이미 'Key2'에 대한 정의가 포함되어 있습니다. 
2024-12-15 21:49:11.6001 DataDesigner.Core.CodeGenerator.EnumCodeGenerator.EmitToDll [ERROR] enum code compilation failed. msg: (55,9): error CS0102: 'Type_EnumCode' 형식에 이미 'Key3'에 대한 정의가 포함되어 있습니다. 
2024-12-15 21:49:11.6001 DataDesigner.Core.CodeGenerator.EnumCodeGenerator.EmitToDll [ERROR] enum code compilation failed. msg: (58,9): error CS0102: 'Type_EnumCode' 형식에 이미 'Key4'에 대한 정의가 포함되어 있습니다. 
2024-12-15 21:49:11.6001 DataDesigner.Core.CodeGenerator.EnumCodeGenerator.EmitToDll [ERROR] enum code compilation failed. msg: (61,9): error CS0102: 'Type_EnumCode' 형식에 이미 'Key5'에 대한 정의가 포함되어 있습니다. 
2024-12-15 21:49:11.6001 DataDesigner.Core.CodeGenerator.EnumCodeGenerator.EmitToDll [ERROR] enum code compilation failed. msg: (64,9): error CS0102: 'Type_EnumCode' 형식에 이미 'Key6'에 대한 정의가 포함되어 있습니다. 
2024-12-15 21:49:11.6034 DataDesigner.Core.CodeGenerator.EnumCodeGenerator.EmitToDll [ERROR] enum code compilation failed. msg: (67,9): error CS0102: 'Type_EnumCode' 형식에 이미 'Key7'에 대한 정의가 포함되어 있습니다. 
2024-12-15 21:49:11.6034 DataDesigner.Core.CodeGenerator.EnumCodeGenerator.EmitToDll [ERROR] enum code compilation failed. msg: (70,9): error CS0102: 'Type_EnumCode' 형식에 이미 'Key8'에 대한 정의가 포함되어 있습니다. 
2024-12-15 21:49:11.6034 DataDesigner.Core.CodeGenerator.EnumCodeGenerator.EmitToDll [ERROR] enum code compilation failed. msg: (73,9): error CS0102: 'Type_EnumCode' 형식에 이미 'Key9'에 대한 정의가 포함되어 있습니다. 
2024-12-15 21:49:11.6034 DataDesigner.Core.CodeGenerator.EnumCodeGenerator.Generate [INFO] [EnumCodeGenerator] Code generated... 
2024-12-15 21:49:11.6034 DataDesigner.Core.CodeGenerator.EnumCodeGenerator.Generate [INFO] ////////////////////////////////////////////////////////// 
2024-12-15 21:49:11.6034 DataDesigner.Core.CodeGenerator.EnumCodeGenerator.Generate [INFO] [EnumCodeGenerator] Generating start... 
2024-12-15 21:49:32.3562 DataDesigner.Core.CodeGenerator.EnumCodeGenerator.Generate [INFO] ////////////////////////////////////////////////////////// 
2024-12-15 21:49:32.3826 DataDesigner.Core.CodeGenerator.EnumCodeGenerator.Generate [INFO] [EnumCodeGenerator] Generating start... 
2024-12-15 21:49:32.9523 DataDesigner.Core.CodeGenerator.EnumCodeGenerator.EmitToDll [ERROR] enum code compilation failed. msg: (46,9): error CS0102: 'Type_EnumCode' 형식에 이미 'Key0'에 대한 정의가 포함되어 있습니다. 
2024-12-15 21:49:32.9523 DataDesigner.Core.CodeGenerator.EnumCodeGenerator.EmitToDll [ERROR] enum code compilation failed. msg: (49,9): error CS0102: 'Type_EnumCode' 형식에 이미 'Key1'에 대한 정의가 포함되어 있습니다. 
2024-12-15 21:49:32.9523 DataDesigner.Core.CodeGenerator.EnumCodeGenerator.EmitToDll [ERROR] enum code compilation failed. msg: (52,9): error CS0102: 'Type_EnumCode' 형식에 이미 'Key2'에 대한 정의가 포함되어 있습니다. 
2024-12-15 21:49:32.9523 DataDesigner.Core.CodeGenerator.EnumCodeGenerator.EmitToDll [ERROR] enum code compilation failed. msg: (55,9): error CS0102: 'Type_EnumCode' 형식에 이미 'Key3'에 대한 정의가 포함되어 있습니다. 
2024-12-15 21:49:32.9523 DataDesigner.Core.CodeGenerator.EnumCodeGenerator.EmitToDll [ERROR] enum code compilation failed. msg: (58,9): error CS0102: 'Type_EnumCode' 형식에 이미 'Key4'에 대한 정의가 포함되어 있습니다. 
2024-12-15 21:49:32.9523 DataDesigner.Core.CodeGenerator.EnumCodeGenerator.EmitToDll [ERROR] enum code compilation failed. msg: (61,9): error CS0102: 'Type_EnumCode' 형식에 이미 'Key5'에 대한 정의가 포함되어 있습니다. 
2024-12-15 21:49:32.9523 DataDesigner.Core.CodeGenerator.EnumCodeGenerator.EmitToDll [ERROR] enum code compilation failed. msg: (64,9): error CS0102: 'Type_EnumCode' 형식에 이미 'Key6'에 대한 정의가 포함되어 있습니다. 
2024-12-15 21:49:32.9523 DataDesigner.Core.CodeGenerator.EnumCodeGenerator.EmitToDll [ERROR] enum code compilation failed. msg: (67,9): error CS0102: 'Type_EnumCode' 형식에 이미 'Key7'에 대한 정의가 포함되어 있습니다. 
2024-12-15 21:49:32.9523 DataDesigner.Core.CodeGenerator.EnumCodeGenerator.EmitToDll [ERROR] enum code compilation failed. msg: (70,9): error CS0102: 'Type_EnumCode' 형식에 이미 'Key8'에 대한 정의가 포함되어 있습니다. 
2024-12-15 21:49:32.9523 DataDesigner.Core.CodeGenerator.EnumCodeGenerator.EmitToDll [ERROR] enum code compilation failed. msg: (73,9): error CS0102: 'Type_EnumCode' 형식에 이미 'Key9'에 대한 정의가 포함되어 있습니다. 
2024-12-15 21:49:32.9523 DataDesigner.Core.CodeGenerator.EnumCodeGenerator.Generate [INFO] [EnumCodeGenerator] Code generated... 
2024-12-15 21:49:39.9460 DataDesigner.Core.CodeGenerator.EnumCodeGenerator.Generate [INFO] ////////////////////////////////////////////////////////// 
2024-12-15 21:49:39.9714 DataDesigner.Core.CodeGenerator.EnumCodeGenerator.Generate [INFO] [EnumCodeGenerator] Generating start... 
2024-12-15 21:49:40.5538 DataDesigner.Core.CodeGenerator.EnumCodeGenerator.EmitToDll [ERROR] enum code compilation failed. msg: (46,9): error CS0102: 'Type_EnumCode' 형식에 이미 'Key0'에 대한 정의가 포함되어 있습니다. 
2024-12-15 21:49:40.5538 DataDesigner.Core.CodeGenerator.EnumCodeGenerator.EmitToDll [ERROR] enum code compilation failed. msg: (49,9): error CS0102: 'Type_EnumCode' 형식에 이미 'Key1'에 대한 정의가 포함되어 있습니다. 
2024-12-15 21:49:40.5538 DataDesigner.Core.CodeGenerator.EnumCodeGenerator.EmitToDll [ERROR] enum code compilation failed. msg: (52,9): error CS0102: 'Type_EnumCode' 형식에 이미 'Key2'에 대한 정의가 포함되어 있습니다. 
2024-12-15 21:49:40.5538 DataDesigner.Core.CodeGenerator.EnumCodeGenerator.EmitToDll [ERROR] enum code compilation failed. msg: (55,9): error CS0102: 'Type_EnumCode' 형식에 이미 'Key3'에 대한 정의가 포함되어 있습니다. 
2024-12-15 21:49:40.5538 DataDesigner.Core.CodeGenerator.EnumCodeGenerator.EmitToDll [ERROR] enum code compilation failed. msg: (58,9): error CS0102: 'Type_EnumCode' 형식에 이미 'Key4'에 대한 정의가 포함되어 있습니다. 
2024-12-15 21:49:40.5538 DataDesigner.Core.CodeGenerator.EnumCodeGenerator.EmitToDll [ERROR] enum code compilation failed. msg: (61,9): error CS0102: 'Type_EnumCode' 형식에 이미 'Key5'에 대한 정의가 포함되어 있습니다. 
2024-12-15 21:49:40.5564 DataDesigner.Core.CodeGenerator.EnumCodeGenerator.EmitToDll [ERROR] enum code compilation failed. msg: (64,9): error CS0102: 'Type_EnumCode' 형식에 이미 'Key6'에 대한 정의가 포함되어 있습니다. 
2024-12-15 21:49:40.5564 DataDesigner.Core.CodeGenerator.EnumCodeGenerator.EmitToDll [ERROR] enum code compilation failed. msg: (67,9): error CS0102: 'Type_EnumCode' 형식에 이미 'Key7'에 대한 정의가 포함되어 있습니다. 
2024-12-15 21:49:40.5564 DataDesigner.Core.CodeGenerator.EnumCodeGenerator.EmitToDll [ERROR] enum code compilation failed. msg: (70,9): error CS0102: 'Type_EnumCode' 형식에 이미 'Key8'에 대한 정의가 포함되어 있습니다. 
2024-12-15 21:49:40.5564 DataDesigner.Core.CodeGenerator.EnumCodeGenerator.EmitToDll [ERROR] enum code compilation failed. msg: (73,9): error CS0102: 'Type_EnumCode' 형식에 이미 'Key9'에 대한 정의가 포함되어 있습니다. 
2024-12-15 21:49:40.5564 DataDesigner.Core.CodeGenerator.EnumCodeGenerator.Generate [INFO] [EnumCodeGenerator] Code generated... 
2024-12-15 21:49:58.4152 DataDesigner.Core.CodeGenerator.EnumCodeGenerator.Generate [INFO] ////////////////////////////////////////////////////////// 
2024-12-15 21:49:58.4422 DataDesigner.Core.CodeGenerator.EnumCodeGenerator.Generate [INFO] [EnumCodeGenerator] Generating start... 
2024-12-15 21:49:59.1701 DataDesigner.Core.CodeGenerator.EnumCodeGenerator.Generate [INFO] [EnumCodeGenerator] Code generated... 
2024-12-15 21:49:59.1701 DataDesigner.Core.CodeGenerator.EnumCodeGenerator.Generate [INFO] ////////////////////////////////////////////////////////// 
2024-12-15 21:49:59.1701 DataDesigner.Core.CodeGenerator.EnumCodeGenerator.Generate [INFO] [EnumCodeGenerator] Generating start... 
2024-12-15 21:50:32.9900 DataDesigner.Core.CodeGenerator.EnumCodeGenerator.Generate [INFO] ////////////////////////////////////////////////////////// 
2024-12-15 21:50:33.0449 DataDesigner.Core.CodeGenerator.EnumCodeGenerator.Generate [INFO] [EnumCodeGenerator] Generating start... 
2024-12-15 21:50:33.8660 DataDesigner.Core.CodeGenerator.EnumCodeGenerator.Generate [INFO] [EnumCodeGenerator] Code generated... 
2024-12-15 21:50:33.8660 DataDesigner.Core.CodeGenerator.EnumCodeGenerator.Generate [INFO] ////////////////////////////////////////////////////////// 
2024-12-15 21:50:33.8660 DataDesigner.Core.CodeGenerator.EnumCodeGenerator.Generate [INFO] [EnumCodeGenerator] Generating start... 
2024-12-15 21:50:44.5907 DataDesigner.Core.CodeGenerator.EnumCodeGenerator.Generate [INFO] ////////////////////////////////////////////////////////// 
2024-12-15 21:50:44.6164 DataDesigner.Core.CodeGenerator.EnumCodeGenerator.Generate [INFO] [EnumCodeGenerator] Generating start... 
2024-12-15 21:50:45.3936 DataDesigner.Core.CodeGenerator.EnumCodeGenerator.Generate [INFO] [EnumCodeGenerator] Code generated... 
2024-12-15 21:50:46.8994 DataDesigner.Core.CodeGenerator.EnumCodeGenerator.Generate [INFO] ////////////////////////////////////////////////////////// 
2024-12-15 21:50:46.9006 DataDesigner.Core.CodeGenerator.EnumCodeGenerator.Generate [INFO] [EnumCodeGenerator] Generating start... 
2024-12-15 21:52:14.2817 DataDesigner.Core.CodeGenerator.EnumCodeGenerator.Generate [INFO] ////////////////////////////////////////////////////////// 
2024-12-15 21:52:14.3156 DataDesigner.Core.CodeGenerator.EnumCodeGenerator.Generate [INFO] [EnumCodeGenerator] Generating start... 
2024-12-15 21:52:27.8069 DataDesigner.Core.CodeGenerator.EnumCodeGenerator.Generate [INFO] ////////////////////////////////////////////////////////// 
2024-12-15 21:52:27.8342 DataDesigner.Core.CodeGenerator.EnumCodeGenerator.Generate [INFO] [EnumCodeGenerator] Generating start... 
2024-12-15 21:53:54.6539 DataDesigner.Core.CodeGenerator.EnumCodeGenerator.Generate [INFO] ////////////////////////////////////////////////////////// 
2024-12-15 21:53:54.6815 DataDesigner.Core.CodeGenerator.EnumCodeGenerator.Generate [INFO] [EnumCodeGenerator] Generating start... 
2024-12-15 21:53:55.5606 DataDesigner.Core.CodeGenerator.EnumCodeGenerator.Generate [INFO] [EnumCodeGenerator] Code generated... 
2024-12-15 21:53:58.4877 DataDesigner.Core.CodeGenerator.EnumCodeGenerator.Generate [INFO] ////////////////////////////////////////////////////////// 
2024-12-15 21:53:58.5237 DataDesigner.Core.CodeGenerator.EnumCodeGenerator.Generate [INFO] [EnumCodeGenerator] Generating start... 
2024-12-15 21:53:59.3226 DataDesigner.Core.CodeGenerator.EnumCodeGenerator.Generate [INFO] [EnumCodeGenerator] Code generated... 
2024-12-15 21:54:04.1835 DataDesigner.Core.CodeGenerator.ClassCodeGenerator.Generate [INFO] ////////////////////////////////////////////////////////// 
2024-12-15 21:54:04.1835 DataDesigner.Core.CodeGenerator.ClassCodeGenerator.Generate [INFO] [ClassCodeGenerator] Generating start... 
2024-12-15 21:54:04.2054 DataDesigner.Core.CodeGenerator.ClassCodeGenerator.Generate [INFO] [ClassCodeGenerator] Code generated... 
2024-12-15 21:54:05.4504 DataDesigner.Core.CodeGenerator.ClassCodeGenerator.GetGeneratedTypes [ERROR] enum code compilation failed. msg: (31,39): error CS0102: 'ClassCode' 형식에 이미 'TestEnumCode0'에 대한 정의가 포함되어 있습니다. 
2024-12-15 21:54:05.4504 DataDesigner.Core.CodeGenerator.ClassCodeGenerator.GetGeneratedTypes [ERROR] enum code compilation failed. msg: (49,39): error CS0102: 'ClassCode' 형식에 이미 'TestEnumCode1'에 대한 정의가 포함되어 있습니다. 
2024-12-15 21:54:12.6767 DataDesigner.Core.CodeGenerator.EnumCodeGenerator.Generate [INFO] ////////////////////////////////////////////////////////// 
2024-12-15 21:54:12.7175 DataDesigner.Core.CodeGenerator.EnumCodeGenerator.Generate [INFO] [EnumCodeGenerator] Generating start... 
2024-12-15 21:54:13.4871 DataDesigner.Core.CodeGenerator.EnumCodeGenerator.Generate [INFO] [EnumCodeGenerator] Code generated... 
2024-12-15 21:54:13.4958 DataDesigner.Core.CodeGenerator.ClassCodeGenerator.Generate [INFO] ////////////////////////////////////////////////////////// 
2024-12-15 21:54:13.4958 DataDesigner.Core.CodeGenerator.ClassCodeGenerator.Generate [INFO] [ClassCodeGenerator] Generating start... 
2024-12-15 21:54:13.4958 DataDesigner.Core.CodeGenerator.ClassCodeGenerator.Generate [INFO] [ClassCodeGenerator] Code generated... 
2024-12-15 21:54:16.4087 DataDesigner.Core.CodeGenerator.ClassCodeGenerator.GetGeneratedTypes [ERROR] enum code compilation failed. msg: (31,39): error CS0102: 'ClassCode' 형식에 이미 'TestEnumCode0'에 대한 정의가 포함되어 있습니다. 
2024-12-15 21:54:16.4087 DataDesigner.Core.CodeGenerator.ClassCodeGenerator.GetGeneratedTypes [ERROR] enum code compilation failed. msg: (49,39): error CS0102: 'ClassCode' 형식에 이미 'TestEnumCode1'에 대한 정의가 포함되어 있습니다. 
2024-12-15 21:54:46.1787 DataDesigner.Core.CodeGenerator.EnumCodeGenerator.Generate [INFO] ////////////////////////////////////////////////////////// 
2024-12-15 21:54:46.2061 DataDesigner.Core.CodeGenerator.EnumCodeGenerator.Generate [INFO] [EnumCodeGenerator] Generating start... 
2024-12-15 21:54:47.3409 DataDesigner.Core.CodeGenerator.EnumCodeGenerator.Generate [INFO] [EnumCodeGenerator] Code generated... 
2024-12-15 21:54:47.3409 DataDesigner.Core.CodeGenerator.ClassCodeGenerator.Generate [INFO] ////////////////////////////////////////////////////////// 
2024-12-15 21:54:47.3409 DataDesigner.Core.CodeGenerator.ClassCodeGenerator.Generate [INFO] [ClassCodeGenerator] Generating start... 
2024-12-15 21:54:47.3623 DataDesigner.Core.CodeGenerator.ClassCodeGenerator.Generate [INFO] [ClassCodeGenerator] Code generated... 
2024-12-15 21:54:51.4881 DataDesigner.Core.CodeGenerator.ClassCodeGenerator.GetGeneratedTypes [ERROR] enum code compilation failed. msg: (31,39): error CS0102: 'ClassCode' 형식에 이미 'TestEnumCode0'에 대한 정의가 포함되어 있습니다. 
2024-12-15 21:54:51.4881 DataDesigner.Core.CodeGenerator.ClassCodeGenerator.GetGeneratedTypes [ERROR] enum code compilation failed. msg: (49,39): error CS0102: 'ClassCode' 형식에 이미 'TestEnumCode1'에 대한 정의가 포함되어 있습니다. 
2024-12-15 21:55:43.6817 DataDesigner.Core.CodeGenerator.EnumCodeGenerator.Generate [INFO] ////////////////////////////////////////////////////////// 
2024-12-15 21:55:43.7105 DataDesigner.Core.CodeGenerator.EnumCodeGenerator.Generate [INFO] [EnumCodeGenerator] Generating start... 
2024-12-15 21:55:44.5482 DataDesigner.Core.CodeGenerator.EnumCodeGenerator.Generate [INFO] [EnumCodeGenerator] Code generated... 
2024-12-15 21:55:44.5482 DataDesigner.Core.CodeGenerator.ClassCodeGenerator.Generate [INFO] ////////////////////////////////////////////////////////// 
2024-12-15 21:55:44.5482 DataDesigner.Core.CodeGenerator.ClassCodeGenerator.Generate [INFO] [ClassCodeGenerator] Generating start... 
2024-12-15 21:55:44.5664 DataDesigner.Core.CodeGenerator.ClassCodeGenerator.Generate [INFO] [ClassCodeGenerator] Code generated... 
2024-12-15 21:56:12.3924 DataDesigner.Core.CodeGenerator.ClassCodeGenerator.Generate [INFO] ////////////////////////////////////////////////////////// 
2024-12-15 21:56:12.4235 DataDesigner.Core.CodeGenerator.ClassCodeGenerator.Generate [INFO] [ClassCodeGenerator] Generating start... 
2024-12-15 21:56:12.4426 DataDesigner.Core.CodeGenerator.ClassCodeGenerator.Generate [ERROR] [ClassCodeGenerator] Failed to generate code. 
2024-12-15 21:57:33.7221 DataDesigner.Core.CodeGenerator.ClassCodeGenerator.Generate [INFO] ////////////////////////////////////////////////////////// 
2024-12-15 21:57:33.7479 DataDesigner.Core.CodeGenerator.ClassCodeGenerator.Generate [INFO] [ClassCodeGenerator] Generating start... 
2024-12-15 21:57:33.7636 DataDesigner.Core.CodeGenerator.ClassCodeGenerator.Generate [ERROR] [ClassCodeGenerator] Failed to generate code. 
2024-12-15 21:57:57.3593 DataDesigner.Core.CodeGenerator.EnumCodeGenerator.Generate [INFO] ////////////////////////////////////////////////////////// 
2024-12-15 21:57:57.4059 DataDesigner.Core.CodeGenerator.EnumCodeGenerator.Generate [INFO] [EnumCodeGenerator] Generating start... 
2024-12-15 21:57:58.2000 DataDesigner.Core.CodeGenerator.EnumCodeGenerator.Generate [INFO] [EnumCodeGenerator] Code generated... 
2024-12-15 21:57:58.2000 DataDesigner.Core.CodeGenerator.ClassCodeGenerator.Generate [INFO] ////////////////////////////////////////////////////////// 
2024-12-15 21:57:58.2000 DataDesigner.Core.CodeGenerator.ClassCodeGenerator.Generate [INFO] [ClassCodeGenerator] Generating start... 
2024-12-15 21:57:58.2208 DataDesigner.Core.CodeGenerator.ClassCodeGenerator.Generate [INFO] [ClassCodeGenerator] Code generated... 
2024-12-15 21:58:52.6240 DataDesigner.Core.CodeGenerator.EnumCodeGenerator.Generate [INFO] ////////////////////////////////////////////////////////// 
2024-12-15 21:58:52.6600 DataDesigner.Core.CodeGenerator.EnumCodeGenerator.Generate [INFO] [EnumCodeGenerator] Generating start... 
2024-12-15 21:58:53.4702 DataDesigner.Core.CodeGenerator.EnumCodeGenerator.Generate [INFO] [EnumCodeGenerator] Code generated... 
2024-12-15 21:58:53.4702 DataDesigner.Core.CodeGenerator.ClassCodeGenerator.Generate [INFO] ////////////////////////////////////////////////////////// 
2024-12-15 21:58:53.4702 DataDesigner.Core.CodeGenerator.ClassCodeGenerator.Generate [INFO] [ClassCodeGenerator] Generating start... 
2024-12-15 21:59:04.7337 DataDesigner.Core.CodeGenerator.ClassCodeGenerator.Generate [INFO] ////////////////////////////////////////////////////////// 
2024-12-15 21:59:04.7736 DataDesigner.Core.CodeGenerator.ClassCodeGenerator.Generate [INFO] [ClassCodeGenerator] Generating start... 
2024-12-15 21:59:16.3434 DataDesigner.Core.CodeGenerator.ClassCodeGenerator.Generate [ERROR] [ClassCodeGenerator] Failed to generate code. 
2024-12-15 21:59:40.8935 DataDesigner.Core.CodeGenerator.ClassCodeGenerator.Generate [INFO] ////////////////////////////////////////////////////////// 
2024-12-15 21:59:40.9215 DataDesigner.Core.CodeGenerator.ClassCodeGenerator.Generate [INFO] [ClassCodeGenerator] Generating start... 
2024-12-15 22:01:56.7012 DataDesigner.Core.CodeGenerator.EnumCodeGenerator.Generate [INFO] ////////////////////////////////////////////////////////// 
2024-12-15 22:01:56.7569 DataDesigner.Core.CodeGenerator.EnumCodeGenerator.Generate [INFO] [EnumCodeGenerator] Generating start... 
2024-12-15 22:01:57.7128 DataDesigner.Core.CodeGenerator.EnumCodeGenerator.Generate [INFO] [EnumCodeGenerator] Code generated... 
2024-12-15 22:01:57.7128 DataDesigner.Core.CodeGenerator.ClassCodeGenerator.Generate [INFO] ////////////////////////////////////////////////////////// 
2024-12-15 22:01:57.7128 DataDesigner.Core.CodeGenerator.ClassCodeGenerator.Generate [INFO] [ClassCodeGenerator] Generating start... 
2024-12-15 22:01:57.7372 DataDesigner.Core.CodeGenerator.ClassCodeGenerator.Generate [INFO] [ClassCodeGenerator] Code generated... 
2024-12-15 22:02:32.7388 DataDesigner.Core.CodeGenerator.EnumCodeGenerator.Generate [INFO] ////////////////////////////////////////////////////////// 
2024-12-15 22:02:32.7666 DataDesigner.Core.CodeGenerator.EnumCodeGenerator.Generate [INFO] [EnumCodeGenerator] Generating start... 
2024-12-15 22:02:33.5584 DataDesigner.Core.CodeGenerator.EnumCodeGenerator.Generate [INFO] [EnumCodeGenerator] Code generated... 
2024-12-15 22:02:33.5584 DataDesigner.Core.CodeGenerator.ClassCodeGenerator.Generate [INFO] ////////////////////////////////////////////////////////// 
2024-12-15 22:02:33.5584 DataDesigner.Core.CodeGenerator.ClassCodeGenerator.Generate [INFO] [ClassCodeGenerator] Generating start... 
2024-12-15 22:03:44.1020 DataDesigner.Core.CodeGenerator.ClassCodeGenerator.Generate [INFO] [ClassCodeGenerator] Code generated... 
2024-12-15 22:07:42.7044 DataDesigner.Core.CodeGenerator.EnumCodeGenerator.Generate [INFO] ////////////////////////////////////////////////////////// 
2024-12-15 22:07:42.7586 DataDesigner.Core.CodeGenerator.EnumCodeGenerator.Generate [INFO] [EnumCodeGenerator] Generating start... 
2024-12-15 22:19:32.6860 DataDesigner.Core.CodeGenerator.EnumCodeGenerator.Generate [INFO] ////////////////////////////////////////////////////////// 
2024-12-15 22:19:32.7138 DataDesigner.Core.CodeGenerator.EnumCodeGenerator.Generate [INFO] [EnumCodeGenerator] Generating start... 
2024-12-15 22:19:49.5448 DataDesigner.Core.CodeGenerator.EnumCodeGenerator.Generate [INFO] ////////////////////////////////////////////////////////// 
2024-12-15 22:19:49.5968 DataDesigner.Core.CodeGenerator.EnumCodeGenerator.Generate [INFO] [EnumCodeGenerator] Generating start... 
2024-12-15 22:19:58.0411 DataDesigner.Core.CodeGenerator.EnumCodeGenerator.Generate [INFO] ////////////////////////////////////////////////////////// 
2024-12-15 22:19:58.0739 DataDesigner.Core.CodeGenerator.EnumCodeGenerator.Generate [INFO] [EnumCodeGenerator] Generating start... 
2024-12-15 22:19:58.8687 DataDesigner.Core.CodeGenerator.EnumCodeGenerator.Generate [INFO] [EnumCodeGenerator] Code generated... 
2024-12-15 22:19:58.8695 DataDesigner.Core.CodeGenerator.EnumCodeGenerator.Generate [INFO] ////////////////////////////////////////////////////////// 
2024-12-15 22:19:58.8695 DataDesigner.Core.CodeGenerator.EnumCodeGenerator.Generate [INFO] [EnumCodeGenerator] Generating start... 
2024-12-15 22:21:43.7946 DataDesigner.Core.CodeGenerator.EnumCodeGenerator.Generate [INFO] ////////////////////////////////////////////////////////// 
2024-12-15 22:21:43.8213 DataDesigner.Core.CodeGenerator.EnumCodeGenerator.Generate [INFO] [EnumCodeGenerator] Generating start... 
2024-12-15 22:21:44.6920 DataDesigner.Core.CodeGenerator.EnumCodeGenerator.Generate [INFO] [EnumCodeGenerator] Code generated... 
2024-12-15 22:21:44.6920 DataDesigner.Core.CodeGenerator.EnumCodeGenerator.Generate [INFO] ////////////////////////////////////////////////////////// 
2024-12-15 22:21:44.6920 DataDesigner.Core.CodeGenerator.EnumCodeGenerator.Generate [INFO] [EnumCodeGenerator] Generating start... 
2024-12-15 22:21:44.7319 DataDesigner.Core.CodeGenerator.EnumCodeGenerator.Generate [INFO] [EnumCodeGenerator] Code generated... 
2024-12-15 22:21:44.7548 DataDesigner.Core.CodeGenerator.ClassCodeGenerator.Generate [INFO] ////////////////////////////////////////////////////////// 
2024-12-15 22:21:44.7548 DataDesigner.Core.CodeGenerator.ClassCodeGenerator.Generate [INFO] [ClassCodeGenerator] Generating start... 
2024-12-15 22:21:44.8088 DataDesigner.Core.CodeGenerator.ClassCodeGenerator.Generate [ERROR] [ClassCodeGenerator] Failed to generate code. 
2024-12-15 22:22:02.3505 DataDesigner.Core.CodeGenerator.EnumCodeGenerator.Generate [INFO] ////////////////////////////////////////////////////////// 
2024-12-15 22:22:02.3774 DataDesigner.Core.CodeGenerator.EnumCodeGenerator.Generate [INFO] [EnumCodeGenerator] Generating start... 
2024-12-15 22:22:57.6584 DataDesigner.Core.CodeGenerator.EnumCodeGenerator.Generate [INFO] ////////////////////////////////////////////////////////// 
2024-12-15 22:22:57.6938 DataDesigner.Core.CodeGenerator.EnumCodeGenerator.Generate [INFO] [EnumCodeGenerator] Generating start... 
2024-12-15 22:22:58.6099 DataDesigner.Core.CodeGenerator.EnumCodeGenerator.Generate [INFO] [EnumCodeGenerator] Code generated... 
2024-12-15 22:22:58.6099 DataDesigner.Core.CodeGenerator.EnumCodeGenerator.Generate [INFO] ////////////////////////////////////////////////////////// 
2024-12-15 22:22:58.6099 DataDesigner.Core.CodeGenerator.EnumCodeGenerator.Generate [INFO] [EnumCodeGenerator] Generating start... 
2024-12-15 22:22:58.6516 DataDesigner.Core.CodeGenerator.EnumCodeGenerator.Generate [INFO] [EnumCodeGenerator] Code generated... 
2024-12-15 22:22:58.6772 DataDesigner.Core.CodeGenerator.ClassCodeGenerator.Generate [INFO] ////////////////////////////////////////////////////////// 
2024-12-15 22:22:58.6772 DataDesigner.Core.CodeGenerator.ClassCodeGenerator.Generate [INFO] [ClassCodeGenerator] Generating start... 
2024-12-15 22:22:58.6959 DataDesigner.Core.CodeGenerator.ClassCodeGenerator.Generate [ERROR] [ClassCodeGenerator] Failed to generate code. 
2024-12-15 22:23:09.9337 DataDesigner.Core.CodeGenerator.EnumCodeGenerator.Generate [INFO] ////////////////////////////////////////////////////////// 
2024-12-15 22:23:09.9603 DataDesigner.Core.CodeGenerator.EnumCodeGenerator.Generate [INFO] [EnumCodeGenerator] Generating start... 
2024-12-15 22:23:10.7590 DataDesigner.Core.CodeGenerator.EnumCodeGenerator.Generate [INFO] [EnumCodeGenerator] Code generated... 
2024-12-15 22:23:10.7596 DataDesigner.Core.CodeGenerator.EnumCodeGenerator.Generate [INFO] ////////////////////////////////////////////////////////// 
2024-12-15 22:23:10.7596 DataDesigner.Core.CodeGenerator.EnumCodeGenerator.Generate [INFO] [EnumCodeGenerator] Generating start... 
2024-12-15 22:23:10.7937 DataDesigner.Core.CodeGenerator.EnumCodeGenerator.Generate [INFO] [EnumCodeGenerator] Code generated... 
2024-12-15 22:23:10.8160 DataDesigner.Core.CodeGenerator.ClassCodeGenerator.Generate [INFO] ////////////////////////////////////////////////////////// 
2024-12-15 22:23:10.8160 DataDesigner.Core.CodeGenerator.ClassCodeGenerator.Generate [INFO] [ClassCodeGenerator] Generating start... 
2024-12-15 22:23:21.2841 DataDesigner.Core.CodeGenerator.EnumCodeGenerator.Generate [INFO] ////////////////////////////////////////////////////////// 
2024-12-15 22:23:21.3110 DataDesigner.Core.CodeGenerator.EnumCodeGenerator.Generate [INFO] [EnumCodeGenerator] Generating start... 
2024-12-15 22:23:22.1155 DataDesigner.Core.CodeGenerator.EnumCodeGenerator.Generate [INFO] [EnumCodeGenerator] Code generated... 
2024-12-15 22:23:22.1155 DataDesigner.Core.CodeGenerator.EnumCodeGenerator.Generate [INFO] ////////////////////////////////////////////////////////// 
2024-12-15 22:23:22.1155 DataDesigner.Core.CodeGenerator.EnumCodeGenerator.Generate [INFO] [EnumCodeGenerator] Generating start... 
2024-12-15 22:23:22.1530 DataDesigner.Core.CodeGenerator.EnumCodeGenerator.Generate [INFO] [EnumCodeGenerator] Code generated... 
2024-12-15 22:23:22.1789 DataDesigner.Core.CodeGenerator.ClassCodeGenerator.Generate [INFO] ////////////////////////////////////////////////////////// 
2024-12-15 22:23:22.1789 DataDesigner.Core.CodeGenerator.ClassCodeGenerator.Generate [INFO] [ClassCodeGenerator] Generating start... 
2024-12-15 22:24:15.9746 DataDesigner.Core.CodeGenerator.EnumCodeGenerator.Generate [INFO] ////////////////////////////////////////////////////////// 
2024-12-15 22:24:16.0045 DataDesigner.Core.CodeGenerator.EnumCodeGenerator.Generate [INFO] [EnumCodeGenerator] Generating start... 
2024-12-15 22:24:16.8200 DataDesigner.Core.CodeGenerator.EnumCodeGenerator.Generate [INFO] [EnumCodeGenerator] Code generated... 
2024-12-15 22:24:16.8463 DataDesigner.Core.CodeGenerator.ClassCodeGenerator.Generate [INFO] ////////////////////////////////////////////////////////// 
2024-12-15 22:24:16.8463 DataDesigner.Core.CodeGenerator.ClassCodeGenerator.Generate [INFO] [ClassCodeGenerator] Generating start... 
2024-12-15 22:24:20.1492 DataDesigner.Core.CodeGenerator.ClassCodeGenerator.Generate [INFO] [ClassCodeGenerator] Code generated... 
2024-12-15 22:26:18.0717 DataDesigner.Core.CodeGenerator.EnumCodeGenerator.Generate [INFO] ////////////////////////////////////////////////////////// 
2024-12-15 22:26:18.1039 DataDesigner.Core.CodeGenerator.EnumCodeGenerator.Generate [INFO] [EnumCodeGenerator] Generating start... 
2024-12-15 22:26:19.0039 DataDesigner.Core.CodeGenerator.EnumCodeGenerator.Generate [INFO] [EnumCodeGenerator] Code generated... 
2024-12-15 22:26:19.0334 DataDesigner.Core.CodeGenerator.ClassCodeGenerator.Generate [INFO] ////////////////////////////////////////////////////////// 
2024-12-15 22:26:19.0334 DataDesigner.Core.CodeGenerator.ClassCodeGenerator.Generate [INFO] [ClassCodeGenerator] Generating start... 
2024-12-15 22:26:19.0772 DataDesigner.Core.CodeGenerator.ClassCodeGenerator.Generate [INFO] [ClassCodeGenerator] Code generated... 
2024-12-15 22:26:34.4141 DataDesigner.Core.CodeGenerator.EnumCodeGenerator.Generate [INFO] ////////////////////////////////////////////////////////// 
2024-12-15 22:26:34.4405 DataDesigner.Core.CodeGenerator.EnumCodeGenerator.Generate [INFO] [EnumCodeGenerator] Generating start... 
2024-12-15 22:26:35.2604 DataDesigner.Core.CodeGenerator.EnumCodeGenerator.Generate [INFO] [EnumCodeGenerator] Code generated... 
2024-12-15 22:26:35.2604 DataDesigner.Core.CodeGenerator.EnumCodeGenerator.Generate [INFO] ////////////////////////////////////////////////////////// 
2024-12-15 22:26:35.2604 DataDesigner.Core.CodeGenerator.EnumCodeGenerator.Generate [INFO] [EnumCodeGenerator] Generating start... 
2024-12-15 22:26:35.2963 DataDesigner.Core.CodeGenerator.EnumCodeGenerator.Generate [INFO] [EnumCodeGenerator] Code generated... 
2024-12-15 22:26:35.2963 DataDesigner.Core.CodeGenerator.ClassCodeGenerator.Generate [INFO] ////////////////////////////////////////////////////////// 
2024-12-15 22:26:35.2963 DataDesigner.Core.CodeGenerator.ClassCodeGenerator.Generate [INFO] [ClassCodeGenerator] Generating start... 
2024-12-15 22:42:09.8469 DataDesigner.Core.CodeGenerator.EnumCodeGenerator.Generate [DEBUG] ////////////////////////////////////////////////////////// 
2024-12-15 22:42:09.8874 DataDesigner.Core.CodeGenerator.EnumCodeGenerator.Generate [DEBUG] [EnumCodeGenerator] Generating start 
2024-12-15 22:42:10.0095 DataDesigner.Core.CodeGenerator.EnumCodeGenerator.Generate [DEBUG] [EnumCodeGenerator] Code generated 
2024-12-15 22:42:10.0095 DataDesigner.Core.CodeGenerator.EnumCodeGenerator.Generate [DEBUG] ////////////////////////////////////////////////////////// 
2024-12-15 22:42:10.0106 DataDesigner.Core.CodeGenerator.EnumCodeGenerator.Generate [DEBUG] [EnumCodeGenerator] Generating start 
2024-12-15 22:42:10.0106 DataDesigner.Core.CodeGenerator.EnumCodeGenerator.Generate [DEBUG] [EnumCodeGenerator] Code generated 
2024-12-15 22:42:10.6988 DataDesigner.Core.CodeGenerator.ClassCodeGenerator.Generate [INFO] ////////////////////////////////////////////////////////// 
2024-12-15 22:42:10.6988 DataDesigner.Core.CodeGenerator.ClassCodeGenerator.Generate [INFO] [ClassCodeGenerator] Generating start... 
2024-12-15 22:42:10.7808 DataDesigner.Core.CodeGenerator.ClassCodeGenerator.Generate [INFO] [ClassCodeGenerator] Code generated... 
2024-12-15 22:43:07.8380 DataDesigner.Core.CodeGenerator.EnumCodeGenerator.Generate [DEBUG] ////////////////////////////////////////////////////////// 
2024-12-15 22:43:07.8792 DataDesigner.Core.CodeGenerator.EnumCodeGenerator.Generate [DEBUG] [EnumCodeGenerator] Generating start 
2024-12-15 22:43:08.0040 DataDesigner.Core.CodeGenerator.EnumCodeGenerator.Generate [DEBUG] [EnumCodeGenerator] Code generated 
2024-12-15 22:43:08.0040 DataDesigner.Core.CodeGenerator.EnumCodeGenerator.Generate [DEBUG] ////////////////////////////////////////////////////////// 
2024-12-15 22:43:08.0040 DataDesigner.Core.CodeGenerator.EnumCodeGenerator.Generate [DEBUG] [EnumCodeGenerator] Generating start 
2024-12-15 22:43:08.0114 DataDesigner.Core.CodeGenerator.EnumCodeGenerator.Generate [DEBUG] [EnumCodeGenerator] Code generated 
2024-12-15 22:43:08.6754 DataDesigner.Core.CodeGenerator.ClassCodeGenerator.Generate [INFO] ////////////////////////////////////////////////////////// 
2024-12-15 22:43:08.6754 DataDesigner.Core.CodeGenerator.ClassCodeGenerator.Generate [INFO] [ClassCodeGenerator] Generating start... 
2024-12-15 22:43:08.7297 DataDesigner.Core.CodeGenerator.ClassCodeGenerator.Generate [INFO] [ClassCodeGenerator] Code generated... 
2024-12-15 22:43:08.8273 DataDesigner.Core.CodeGenerator.ClassCodeGenerator.GetGeneratedTypes [ERROR] enum code compilation failed. msg: (31,40): error CS0102: 'ClassCode' 형식에 이미 'TestEnumCode0'에 대한 정의가 포함되어 있습니다. 
2024-12-15 22:43:08.8273 DataDesigner.Core.CodeGenerator.ClassCodeGenerator.GetGeneratedTypes [ERROR] enum code compilation failed. msg: (49,40): error CS0102: 'ClassCode' 형식에 이미 'TestEnumCode1'에 대한 정의가 포함되어 있습니다. 
2024-12-15 22:43:25.1492 DataDesigner.Core.CodeGenerator.EnumCodeGenerator.Generate [DEBUG] ////////////////////////////////////////////////////////// 
2024-12-15 22:43:25.2059 DataDesigner.Core.CodeGenerator.EnumCodeGenerator.Generate [DEBUG] [EnumCodeGenerator] Generating start 
2024-12-15 22:43:25.3205 DataDesigner.Core.CodeGenerator.EnumCodeGenerator.Generate [DEBUG] [EnumCodeGenerator] Code generated 
2024-12-15 22:43:25.3205 DataDesigner.Core.CodeGenerator.EnumCodeGenerator.Generate [DEBUG] ////////////////////////////////////////////////////////// 
2024-12-15 22:43:25.3205 DataDesigner.Core.CodeGenerator.EnumCodeGenerator.Generate [DEBUG] [EnumCodeGenerator] Generating start 
2024-12-15 22:43:25.3252 DataDesigner.Core.CodeGenerator.EnumCodeGenerator.Generate [DEBUG] [EnumCodeGenerator] Code generated 
2024-12-15 22:43:26.0048 DataDesigner.Core.CodeGenerator.ClassCodeGenerator.Generate [INFO] ////////////////////////////////////////////////////////// 
2024-12-15 22:43:26.0048 DataDesigner.Core.CodeGenerator.ClassCodeGenerator.Generate [INFO] [ClassCodeGenerator] Generating start... 
2024-12-15 22:43:26.0332 DataDesigner.Core.CodeGenerator.ClassCodeGenerator.Generate [INFO] [ClassCodeGenerator] Code generated... 
2024-12-15 23:04:44.1743 DataDesigner.Core.CodeGenerator.EnumCodeGenerator.AddType [DEBUG] ////////////////////////////////////////////////////////// 
2024-12-15 23:04:44.2008 DataDesigner.Core.CodeGenerator.EnumCodeGenerator.AddType [DEBUG] [EnumCodeGenerator] Generating start 
2024-12-15 23:04:44.2799 DataDesigner.Core.CodeGenerator.EnumCodeGenerator.AddType [DEBUG] [EnumCodeGenerator] Code generated 
2024-12-15 23:04:44.2799 DataDesigner.Core.CodeGenerator.EnumCodeGenerator.AddType [DEBUG] ////////////////////////////////////////////////////////// 
2024-12-15 23:04:44.2799 DataDesigner.Core.CodeGenerator.EnumCodeGenerator.AddType [DEBUG] [EnumCodeGenerator] Generating start 
2024-12-15 23:04:44.2799 DataDesigner.Core.CodeGenerator.EnumCodeGenerator.AddType [DEBUG] [EnumCodeGenerator] Code generated 
2024-12-15 23:04:57.2537 DataDesigner.Core.CodeGenerator.EnumCodeGenerator.AddType [DEBUG] ////////////////////////////////////////////////////////// 
2024-12-15 23:04:57.2847 DataDesigner.Core.CodeGenerator.EnumCodeGenerator.AddType [DEBUG] [EnumCodeGenerator] Generating start 
2024-12-15 23:04:57.4236 DataDesigner.Core.CodeGenerator.EnumCodeGenerator.AddType [DEBUG] [EnumCodeGenerator] Code generated 
2024-12-15 23:04:57.4236 DataDesigner.Core.CodeGenerator.EnumCodeGenerator.AddType [DEBUG] ////////////////////////////////////////////////////////// 
2024-12-15 23:04:57.4236 DataDesigner.Core.CodeGenerator.EnumCodeGenerator.AddType [DEBUG] [EnumCodeGenerator] Generating start 
2024-12-15 23:04:57.4236 DataDesigner.Core.CodeGenerator.EnumCodeGenerator.AddType [DEBUG] [EnumCodeGenerator] Code generated 
2024-12-15 23:05:00.6537 DataDesigner.Core.CodeGenerator.ClassCodeGenerator.AddClass [INFO] ////////////////////////////////////////////////////////// 
2024-12-15 23:05:00.6537 DataDesigner.Core.CodeGenerator.ClassCodeGenerator.AddClass [INFO] [ClassCodeGenerator] Generating start 
2024-12-15 23:05:00.7238 DataDesigner.Core.CodeGenerator.ClassCodeGenerator.AddClass [INFO] [ClassCodeGenerator] Code generated 
2024-12-15 23:09:29.8770 DataDesigner.Core.CodeGenerator.EnumCodeGenerator.AddType [DEBUG] ////////////////////////////////////////////////////////// 
2024-12-15 23:09:29.9327 DataDesigner.Core.CodeGenerator.EnumCodeGenerator.AddType [DEBUG] [EnumCodeGenerator] Generating start 
2024-12-15 23:09:30.0349 DataDesigner.Core.CodeGenerator.EnumCodeGenerator.AddType [DEBUG] [EnumCodeGenerator] Code generated 
2024-12-15 23:09:30.0349 DataDesigner.Core.CodeGenerator.EnumCodeGenerator.AddType [DEBUG] ////////////////////////////////////////////////////////// 
2024-12-15 23:09:30.0349 DataDesigner.Core.CodeGenerator.EnumCodeGenerator.AddType [DEBUG] [EnumCodeGenerator] Generating start 
2024-12-15 23:09:30.0349 DataDesigner.Core.CodeGenerator.EnumCodeGenerator.AddType [DEBUG] [EnumCodeGenerator] Code generated 
2024-12-15 23:09:34.0012 DataDesigner.Core.CodeGenerator.ClassCodeGenerator.AddClass [INFO] ////////////////////////////////////////////////////////// 
2024-12-15 23:09:34.0012 DataDesigner.Core.CodeGenerator.ClassCodeGenerator.AddClass [INFO] [ClassCodeGenerator] Generating start 
2024-12-15 23:09:34.0617 DataDesigner.Core.CodeGenerator.ClassCodeGenerator.AddClass [INFO] [ClassCodeGenerator] Code generated 
2024-12-15 23:09:47.6853 DataDesigner.Core.CodeGenerator.EnumCodeGenerator.AddType [DEBUG] ////////////////////////////////////////////////////////// 
2024-12-15 23:09:47.7120 DataDesigner.Core.CodeGenerator.EnumCodeGenerator.AddType [DEBUG] [EnumCodeGenerator] Generating start 
2024-12-15 23:09:47.7908 DataDesigner.Core.CodeGenerator.EnumCodeGenerator.AddType [DEBUG] [EnumCodeGenerator] Code generated 
2024-12-15 23:09:47.7908 DataDesigner.Core.CodeGenerator.EnumCodeGenerator.AddType [DEBUG] ////////////////////////////////////////////////////////// 
2024-12-15 23:09:47.7918 DataDesigner.Core.CodeGenerator.EnumCodeGenerator.AddType [DEBUG] [EnumCodeGenerator] Generating start 
2024-12-15 23:09:47.7918 DataDesigner.Core.CodeGenerator.EnumCodeGenerator.AddType [DEBUG] [EnumCodeGenerator] Code generated 
2024-12-15 23:09:48.7278 DataDesigner.Core.CodeGenerator.ClassCodeGenerator.AddClass [INFO] ////////////////////////////////////////////////////////// 
2024-12-15 23:09:48.7291 DataDesigner.Core.CodeGenerator.ClassCodeGenerator.AddClass [INFO] [ClassCodeGenerator] Generating start 
2024-12-15 23:09:48.7502 DataDesigner.Core.CodeGenerator.ClassCodeGenerator.AddClass [INFO] [ClassCodeGenerator] Code generated 
2024-12-15 23:12:13.7069 DataDesigner.Core.CodeGenerator.EnumCodeGenerator.AddType [DEBUG] ////////////////////////////////////////////////////////// 
2024-12-15 23:12:13.7420 DataDesigner.Core.CodeGenerator.EnumCodeGenerator.AddType [DEBUG] [EnumCodeGenerator] Generating start 
2024-12-15 23:15:09.0600 DataDesigner.Core.CodeGenerator.EnumCodeGenerator.AddType [DEBUG] ////////////////////////////////////////////////////////// 
2024-12-15 23:15:09.0926 DataDesigner.Core.CodeGenerator.EnumCodeGenerator.AddType [DEBUG] [EnumCodeGenerator] Generating start 
2024-12-15 23:15:12.4962 DataDesigner.Core.CodeGenerator.EnumCodeGenerator.AddType [DEBUG] [EnumCodeGenerator] Code generated 
2024-12-15 23:15:12.4962 DataDesigner.Core.CodeGenerator.EnumCodeGenerator.AddType [DEBUG] ////////////////////////////////////////////////////////// 
2024-12-15 23:15:12.4962 DataDesigner.Core.CodeGenerator.EnumCodeGenerator.AddType [DEBUG] [EnumCodeGenerator] Generating start 
2024-12-15 23:15:12.4962 DataDesigner.Core.CodeGenerator.EnumCodeGenerator.AddType [DEBUG] [EnumCodeGenerator] Code generated 
2024-12-15 23:15:13.2999 DataDesigner.Core.CodeGenerator.ClassCodeGenerator.AddClass [INFO] ////////////////////////////////////////////////////////// 
2024-12-15 23:15:13.2999 DataDesigner.Core.CodeGenerator.ClassCodeGenerator.AddClass [INFO] [ClassCodeGenerator] Generating start 
2024-12-15 23:15:13.3571 DataDesigner.Core.CodeGenerator.ClassCodeGenerator.AddClass [INFO] [ClassCodeGenerator] Code generated 
2024-12-15 23:16:00.1859 DataDesigner.Core.CodeGenerator.EnumCodeGenerator.AddType [DEBUG] ////////////////////////////////////////////////////////// 
2024-12-15 23:16:00.2289 DataDesigner.Core.CodeGenerator.EnumCodeGenerator.AddType [DEBUG] [EnumCodeGenerator] Generating start 
2024-12-15 23:16:00.3311 DataDesigner.Core.CodeGenerator.EnumCodeGenerator.AddType [DEBUG] [EnumCodeGenerator] Code generated 
2024-12-15 23:16:00.3311 DataDesigner.Core.CodeGenerator.EnumCodeGenerator.AddType [DEBUG] ////////////////////////////////////////////////////////// 
2024-12-15 23:16:00.3311 DataDesigner.Core.CodeGenerator.EnumCodeGenerator.AddType [DEBUG] [EnumCodeGenerator] Generating start 
2024-12-15 23:16:00.3311 DataDesigner.Core.CodeGenerator.EnumCodeGenerator.AddType [DEBUG] [EnumCodeGenerator] Code generated 
2024-12-15 23:16:01.2611 DataDesigner.Core.CodeGenerator.ClassCodeGenerator.AddClass [INFO] ////////////////////////////////////////////////////////// 
2024-12-15 23:16:01.2611 DataDesigner.Core.CodeGenerator.ClassCodeGenerator.AddClass [INFO] [ClassCodeGenerator] Generating start 
2024-12-15 23:16:01.2805 DataDesigner.Core.CodeGenerator.ClassCodeGenerator.AddClass [INFO] [ClassCodeGenerator] Code generated 
2024-12-15 23:17:34.1804 DataDesigner.Core.CodeGenerator.EnumCodeGenerator.AddType [DEBUG] ////////////////////////////////////////////////////////// 
2024-12-15 23:17:34.2158 DataDesigner.Core.CodeGenerator.EnumCodeGenerator.AddType [DEBUG] [EnumCodeGenerator] Generating start 
2024-12-15 23:17:34.3232 DataDesigner.Core.CodeGenerator.EnumCodeGenerator.AddType [DEBUG] [EnumCodeGenerator] Code generated 
2024-12-15 23:17:34.3232 DataDesigner.Core.CodeGenerator.EnumCodeGenerator.AddType [DEBUG] ////////////////////////////////////////////////////////// 
2024-12-15 23:17:34.3232 DataDesigner.Core.CodeGenerator.EnumCodeGenerator.AddType [DEBUG] [EnumCodeGenerator] Generating start 
2024-12-15 23:17:34.3232 DataDesigner.Core.CodeGenerator.EnumCodeGenerator.AddType [DEBUG] [EnumCodeGenerator] Code generated 
2024-12-15 23:17:35.2360 DataDesigner.Core.CodeGenerator.ClassCodeGenerator.AddClass [INFO] ////////////////////////////////////////////////////////// 
2024-12-15 23:17:35.2360 DataDesigner.Core.CodeGenerator.ClassCodeGenerator.AddClass [INFO] [ClassCodeGenerator] Generating start 
2024-12-15 23:17:35.3014 DataDesigner.Core.CodeGenerator.ClassCodeGenerator.AddClass [INFO] [ClassCodeGenerator] Code generated 
2024-12-15 23:17:45.0968 DataDesigner.Core.CodeGenerator.EnumCodeGenerator.AddType [DEBUG] ////////////////////////////////////////////////////////// 
2024-12-15 23:17:45.1301 DataDesigner.Core.CodeGenerator.EnumCodeGenerator.AddType [DEBUG] [EnumCodeGenerator] Generating start 
2024-12-15 23:17:45.2526 DataDesigner.Core.CodeGenerator.EnumCodeGenerator.AddType [DEBUG] [EnumCodeGenerator] Code generated 
2024-12-15 23:17:45.2526 DataDesigner.Core.CodeGenerator.EnumCodeGenerator.AddType [DEBUG] ////////////////////////////////////////////////////////// 
2024-12-15 23:17:45.2526 DataDesigner.Core.CodeGenerator.EnumCodeGenerator.AddType [DEBUG] [EnumCodeGenerator] Generating start 
2024-12-15 23:17:45.2526 DataDesigner.Core.CodeGenerator.EnumCodeGenerator.AddType [DEBUG] [EnumCodeGenerator] Code generated 
2024-12-15 23:17:46.2039 DataDesigner.Core.CodeGenerator.ClassCodeGenerator.AddClass [INFO] ////////////////////////////////////////////////////////// 
2024-12-15 23:17:46.2039 DataDesigner.Core.CodeGenerator.ClassCodeGenerator.AddClass [INFO] [ClassCodeGenerator] Generating start 
2024-12-15 23:17:46.2463 DataDesigner.Core.CodeGenerator.ClassCodeGenerator.AddClass [INFO] [ClassCodeGenerator] Code generated 
2024-12-15 23:29:35.2921 DataDesigner.Core.CodeGenerator.EnumCodeGenerator.AddType [DEBUG] ////////////////////////////////////////////////////////// 
2024-12-15 23:29:35.3336 DataDesigner.Core.CodeGenerator.EnumCodeGenerator.AddType [DEBUG] [EnumCodeGenerator] Generating start 
2024-12-15 23:29:35.4466 DataDesigner.Core.CodeGenerator.EnumCodeGenerator.AddType [DEBUG] [EnumCodeGenerator] Code generated 
2024-12-15 23:29:35.4471 DataDesigner.Core.CodeGenerator.EnumCodeGenerator.AddType [DEBUG] ////////////////////////////////////////////////////////// 
2024-12-15 23:29:35.4471 DataDesigner.Core.CodeGenerator.EnumCodeGenerator.AddType [DEBUG] [EnumCodeGenerator] Generating start 
2024-12-15 23:29:35.4471 DataDesigner.Core.CodeGenerator.EnumCodeGenerator.AddType [DEBUG] [EnumCodeGenerator] Code generated 
2024-12-15 23:29:36.3509 DataDesigner.Core.CodeGenerator.ClassCodeGenerator.AddClass [INFO] ////////////////////////////////////////////////////////// 
2024-12-15 23:29:36.3509 DataDesigner.Core.CodeGenerator.ClassCodeGenerator.AddClass [INFO] [ClassCodeGenerator] Generating start 
2024-12-15 23:29:36.3927 DataDesigner.Core.CodeGenerator.ClassCodeGenerator.AddClass [INFO] [ClassCodeGenerator] Code generated 
2024-12-15 23:32:54.6065 DataDesigner.Core.CodeGenerator.EnumCodeGenerator.AddType [DEBUG] ////////////////////////////////////////////////////////// 
2024-12-15 23:32:54.6337 DataDesigner.Core.CodeGenerator.EnumCodeGenerator.AddType [DEBUG] [EnumCodeGenerator] Generating start 
2024-12-15 23:32:54.7511 DataDesigner.Core.CodeGenerator.EnumCodeGenerator.AddType [DEBUG] [EnumCodeGenerator] Code generated 
2024-12-15 23:32:54.7511 DataDesigner.Core.CodeGenerator.EnumCodeGenerator.AddType [DEBUG] ////////////////////////////////////////////////////////// 
2024-12-15 23:32:54.7511 DataDesigner.Core.CodeGenerator.EnumCodeGenerator.AddType [DEBUG] [EnumCodeGenerator] Generating start 
2024-12-15 23:32:54.7511 DataDesigner.Core.CodeGenerator.EnumCodeGenerator.AddType [DEBUG] [EnumCodeGenerator] Code generated 
2024-12-15 23:32:55.6677 DataDesigner.Core.CodeGenerator.ClassCodeGenerator.AddClass [INFO] ////////////////////////////////////////////////////////// 
2024-12-15 23:32:55.6677 DataDesigner.Core.CodeGenerator.ClassCodeGenerator.AddClass [INFO] [ClassCodeGenerator] Generating start 
2024-12-15 23:32:55.6906 DataDesigner.Core.CodeGenerator.ClassCodeGenerator.AddClass [INFO] [ClassCodeGenerator] Code generated 
2024-12-15 23:32:58.2535 DataDesigner.Core.CodeGenerator.EnumCodeGenerator.AddType [DEBUG] ////////////////////////////////////////////////////////// 
2024-12-15 23:32:58.2839 DataDesigner.Core.CodeGenerator.EnumCodeGenerator.AddType [DEBUG] [EnumCodeGenerator] Generating start 
