2024-12-11 23:18:28.9143 DataDesigner.Core.CodeGenerator.EnumCodeGenerator.Generate [INFO] ////////////////////////////////////////////////////////// 
2024-12-11 23:18:28.9425 DataDesigner.Core.CodeGenerator.EnumCodeGenerator.Generate [INFO] [EnumCodeGenerator] Generating start... 
2024-12-11 23:18:29.0101 DataDesigner.Core.CodeGenerator.EnumCodeGenerator.Generate [INFO] [EnumCodeGenerator] Code generated... 
2024-12-11 23:28:37.9138 DataDesigner.Core.CodeGenerator.ClassCodeGenerator.Generate [INFO] ////////////////////////////////////////////////////////// 
2024-12-11 23:28:37.9138 DataDesigner.Core.CodeGenerator.ClassCodeGenerator.Generate [INFO] [ClassCodeGenerator] Generating start... 
2024-12-11 23:28:38.0579 DataDesigner.Core.CodeGenerator.ClassCodeGenerator.Generate [INFO] [EnumCodeGenerator] Code generated... 
2024-12-11 23:31:00.5546 DataDesigner.Core.CodeGenerator.EnumCodeGenerator.Generate [INFO] ////////////////////////////////////////////////////////// 
2024-12-11 23:31:00.5809 DataDesigner.Core.CodeGenerator.EnumCodeGenerator.Generate [INFO] [EnumCodeGenerator] Generating start... 
2024-12-11 23:31:00.6476 DataDesigner.Core.CodeGenerator.EnumCodeGenerator.Generate [INFO] [EnumCodeGenerator] Code generated... 
2024-12-11 23:31:15.7534 DataDesigner.Core.CodeGenerator.EnumCodeGenerator.Generate [INFO] ////////////////////////////////////////////////////////// 
2024-12-11 23:31:15.7826 DataDesigner.Core.CodeGenerator.EnumCodeGenerator.Generate [INFO] [EnumCodeGenerator] Generating start... 
2024-12-11 23:31:35.9458 DataDesigner.Core.CodeGenerator.EnumCodeGenerator.Generate [INFO] [EnumCodeGenerator] Code generated... 
2024-12-11 23:40:04.1085 DataDesigner.Core.CodeGenerator.EnumCodeGenerator.Generate [INFO] ////////////////////////////////////////////////////////// 
2024-12-11 23:40:04.1466 DataDesigner.Core.CodeGenerator.EnumCodeGenerator.Generate [INFO] [EnumCodeGenerator] Generating start... 
2024-12-11 23:40:07.5575 DataDesigner.Core.CodeGenerator.EnumCodeGenerator.Generate [INFO] [EnumCodeGenerator] Code generated... 
2024-12-11 23:41:54.9599 DataDesigner.Core.CodeGenerator.EnumCodeGenerator.Generate [INFO] ////////////////////////////////////////////////////////// 
2024-12-11 23:41:54.9970 DataDesigner.Core.CodeGenerator.EnumCodeGenerator.Generate [INFO] [EnumCodeGenerator] Generating start... 
2024-12-11 23:41:55.0925 DataDesigner.Core.CodeGenerator.EnumCodeGenerator.Generate [INFO] [EnumCodeGenerator] Code generated... 
2024-12-11 23:42:05.5989 DataDesigner.Core.CodeGenerator.ClassCodeGenerator.Generate [INFO] ////////////////////////////////////////////////////////// 
2024-12-11 23:42:05.5989 DataDesigner.Core.CodeGenerator.ClassCodeGenerator.Generate [INFO] [ClassCodeGenerator] Generating start... 
2024-12-11 23:42:05.6510 DataDesigner.Core.CodeGenerator.EnumCodeGenerator.GetGeneratedTypes [ERROR] enum code compilation failed. msg: error CS0009: '<메모리 내 어셈블리>' 메타데이터 파일을 열 수 없습니다. PE 이미지에 관리된 메타데이터가 포함되어 있지 않습니다. 
2024-12-11 23:42:05.6634 DataDesigner.Core.CodeGenerator.ClassCodeGenerator.Generate [ERROR] [ClassCodeGenerator] Failed to generate code. 
2024-12-11 23:42:35.6491 DataDesigner.Core.CodeGenerator.EnumCodeGenerator.Generate [INFO] ////////////////////////////////////////////////////////// 
2024-12-11 23:42:35.6927 DataDesigner.Core.CodeGenerator.EnumCodeGenerator.Generate [INFO] [EnumCodeGenerator] Generating start... 
2024-12-11 23:42:35.7765 DataDesigner.Core.CodeGenerator.EnumCodeGenerator.Generate [INFO] [EnumCodeGenerator] Code generated... 
2024-12-11 23:42:41.2816 DataDesigner.Core.CodeGenerator.ClassCodeGenerator.Generate [INFO] ////////////////////////////////////////////////////////// 
2024-12-11 23:42:41.2816 DataDesigner.Core.CodeGenerator.ClassCodeGenerator.Generate [INFO] [ClassCodeGenerator] Generating start... 
2024-12-11 23:42:41.3091 DataDesigner.Core.CodeGenerator.EnumCodeGenerator.GetGeneratedTypes [ERROR] enum code compilation failed. msg: error CS0009: '<메모리 내 어셈블리>' 메타데이터 파일을 열 수 없습니다. PE 이미지에 관리된 메타데이터가 포함되어 있지 않습니다. 
2024-12-11 23:42:41.3200 DataDesigner.Core.CodeGenerator.ClassCodeGenerator.Generate [ERROR] [ClassCodeGenerator] Failed to generate code. 
2024-12-11 23:43:15.1510 DataDesigner.Core.CodeGenerator.EnumCodeGenerator.Generate [INFO] ////////////////////////////////////////////////////////// 
2024-12-11 23:43:15.1817 DataDesigner.Core.CodeGenerator.EnumCodeGenerator.Generate [INFO] [EnumCodeGenerator] Generating start... 
2024-12-11 23:43:15.2546 DataDesigner.Core.CodeGenerator.EnumCodeGenerator.Generate [INFO] [EnumCodeGenerator] Code generated... 
2024-12-11 23:43:34.0906 DataDesigner.Core.CodeGenerator.ClassCodeGenerator.Generate [INFO] ////////////////////////////////////////////////////////// 
2024-12-11 23:43:34.8715 DataDesigner.Core.CodeGenerator.ClassCodeGenerator.Generate [INFO] [ClassCodeGenerator] Generating start... 
2024-12-11 23:43:46.4041 DataDesigner.Core.CodeGenerator.EnumCodeGenerator.GetGeneratedTypes [ERROR] enum code compilation failed. msg: error CS0009: '<메모리 내 어셈블리>' 메타데이터 파일을 열 수 없습니다. PE 이미지에 관리된 메타데이터가 포함되어 있지 않습니다. 
2024-12-11 23:44:14.8681 DataDesigner.Core.CodeGenerator.EnumCodeGenerator.Generate [INFO] ////////////////////////////////////////////////////////// 
2024-12-11 23:44:14.8951 DataDesigner.Core.CodeGenerator.EnumCodeGenerator.Generate [INFO] [EnumCodeGenerator] Generating start... 
2024-12-11 23:44:14.9662 DataDesigner.Core.CodeGenerator.EnumCodeGenerator.Generate [INFO] [EnumCodeGenerator] Code generated... 
2024-12-11 23:45:57.1222 DataDesigner.Core.CodeGenerator.EnumCodeGenerator.Generate [INFO] ////////////////////////////////////////////////////////// 
2024-12-11 23:45:57.1650 DataDesigner.Core.CodeGenerator.EnumCodeGenerator.Generate [INFO] [EnumCodeGenerator] Generating start... 
2024-12-11 23:45:57.2798 DataDesigner.Core.CodeGenerator.EnumCodeGenerator.Generate [INFO] [EnumCodeGenerator] Code generated... 
2024-12-11 23:45:59.6421 DataDesigner.Core.CodeGenerator.ClassCodeGenerator.Generate [INFO] ////////////////////////////////////////////////////////// 
2024-12-11 23:45:59.6421 DataDesigner.Core.CodeGenerator.ClassCodeGenerator.Generate [INFO] [ClassCodeGenerator] Generating start... 
2024-12-11 23:46:06.1453 DataDesigner.Core.CodeGenerator.ClassCodeGenerator.Generate [INFO] [EnumCodeGenerator] Code generated... 
2024-12-11 23:48:52.9298 DataDesigner.Core.CodeGenerator.EnumCodeGenerator.Generate [INFO] ////////////////////////////////////////////////////////// 
2024-12-11 23:48:52.9667 DataDesigner.Core.CodeGenerator.EnumCodeGenerator.Generate [INFO] [EnumCodeGenerator] Generating start... 
2024-12-11 23:48:53.0525 DataDesigner.Core.CodeGenerator.EnumCodeGenerator.Generate [INFO] [EnumCodeGenerator] Code generated... 
2024-12-11 23:48:56.2391 DataDesigner.Core.CodeGenerator.ClassCodeGenerator.Generate [INFO] ////////////////////////////////////////////////////////// 
2024-12-11 23:48:56.2391 DataDesigner.Core.CodeGenerator.ClassCodeGenerator.Generate [INFO] [ClassCodeGenerator] Generating start... 
2024-12-11 23:48:56.2955 DataDesigner.Core.CodeGenerator.ClassCodeGenerator.Generate [INFO] [EnumCodeGenerator] Code generated... 
2024-12-11 23:53:09.9371 DataDesigner.Core.CodeGenerator.EnumCodeGenerator.Generate [INFO] ////////////////////////////////////////////////////////// 
2024-12-11 23:53:09.9787 DataDesigner.Core.CodeGenerator.EnumCodeGenerator.Generate [INFO] [EnumCodeGenerator] Generating start... 
2024-12-11 23:53:10.0880 DataDesigner.Core.CodeGenerator.EnumCodeGenerator.Generate [INFO] [EnumCodeGenerator] Code generated... 
2024-12-11 23:53:10.7812 DataDesigner.Core.CodeGenerator.ClassCodeGenerator.Generate [INFO] ////////////////////////////////////////////////////////// 
2024-12-11 23:53:10.7812 DataDesigner.Core.CodeGenerator.ClassCodeGenerator.Generate [INFO] [ClassCodeGenerator] Generating start... 
2024-12-11 23:53:10.8390 DataDesigner.Core.CodeGenerator.ClassCodeGenerator.Generate [INFO] [EnumCodeGenerator] Code generated... 
2024-12-11 23:53:11.0312 DataDesigner.Core.CodeGenerator.ClassCodeGenerator.GetGeneratedTypes [ERROR] Could not load file or assembly 'EnumCodeGenerator, Version=0.0.0.0, Culture=neutral, PublicKeyToken=null'. 지정된 파일을 찾을 수 없습니다. 
2024-12-11 23:58:25.2498 DataDesigner.Core.CodeGenerator.EnumCodeGenerator.Generate [INFO] ////////////////////////////////////////////////////////// 
2024-12-11 23:58:25.2808 DataDesigner.Core.CodeGenerator.EnumCodeGenerator.Generate [INFO] [EnumCodeGenerator] Generating start... 
2024-12-11 23:58:25.3728 DataDesigner.Core.CodeGenerator.EnumCodeGenerator.Generate [INFO] [EnumCodeGenerator] Code generated... 
2024-12-11 23:58:26.0611 DataDesigner.Core.CodeGenerator.ClassCodeGenerator.Generate [INFO] ////////////////////////////////////////////////////////// 
2024-12-11 23:58:26.0611 DataDesigner.Core.CodeGenerator.ClassCodeGenerator.Generate [INFO] [ClassCodeGenerator] Generating start... 
2024-12-11 23:58:26.1268 DataDesigner.Core.CodeGenerator.ClassCodeGenerator.Generate [INFO] [EnumCodeGenerator] Code generated... 
2024-12-11 23:58:26.2764 DataDesigner.Core.CodeGenerator.ClassCodeGenerator.GetGeneratedTypes [ERROR] Could not load file or assembly 'EnumCodeGenerator, Version=0.0.0.0, Culture=neutral, PublicKeyToken=null'. 지정된 파일을 찾을 수 없습니다. 
