2024-12-12 00:00:13.3647 DataDesigner.Core.CodeGenerator.EnumCodeGenerator.Generate [INFO] ////////////////////////////////////////////////////////// 
2024-12-12 00:00:13.4068 DataDesigner.Core.CodeGenerator.EnumCodeGenerator.Generate [INFO] [EnumCodeGenerator] Generating start... 
2024-12-12 00:00:13.5243 DataDesigner.Core.CodeGenerator.EnumCodeGenerator.Generate [INFO] [EnumCodeGenerator] Code generated... 
2024-12-12 00:02:30.2495 DataDesigner.Core.CodeGenerator.ClassCodeGenerator.Generate [INFO] ////////////////////////////////////////////////////////// 
2024-12-12 00:02:30.2495 DataDesigner.Core.CodeGenerator.ClassCodeGenerator.Generate [INFO] [ClassCodeGenerator] Generating start... 
2024-12-12 00:02:30.3477 DataDesigner.Core.CodeGenerator.ClassCodeGenerator.Generate [INFO] [EnumCodeGenerator] Code generated... 
2024-12-12 00:02:30.4953 DataDesigner.Core.CodeGenerator.ClassCodeGenerator.GetGeneratedTypes [ERROR] Could not load file or assembly 'EnumCodeGenerator, Version=0.0.0.0, Culture=neutral, PublicKeyToken=null'. 지정된 파일을 찾을 수 없습니다. 
2024-12-12 00:05:08.4978 DataDesigner.Core.CodeGenerator.EnumCodeGenerator.Generate [INFO] ////////////////////////////////////////////////////////// 
2024-12-12 00:05:08.5471 DataDesigner.Core.CodeGenerator.EnumCodeGenerator.Generate [INFO] [EnumCodeGenerator] Generating start... 
2024-12-12 00:05:08.6575 DataDesigner.Core.CodeGenerator.EnumCodeGenerator.Generate [INFO] [EnumCodeGenerator] Code generated... 
2024-12-12 00:12:02.6236 DataDesigner.Core.CodeGenerator.EnumCodeGenerator.Generate [INFO] ////////////////////////////////////////////////////////// 
2024-12-12 00:12:02.6654 DataDesigner.Core.CodeGenerator.EnumCodeGenerator.Generate [INFO] [EnumCodeGenerator] Generating start... 
2024-12-12 00:12:02.7773 DataDesigner.Core.CodeGenerator.EnumCodeGenerator.Generate [INFO] [EnumCodeGenerator] Code generated... 
2024-12-12 00:12:05.3912 DataDesigner.Core.CodeGenerator.ClassCodeGenerator.Generate [INFO] ////////////////////////////////////////////////////////// 
2024-12-12 00:12:05.3912 DataDesigner.Core.CodeGenerator.ClassCodeGenerator.Generate [INFO] [ClassCodeGenerator] Generating start... 
2024-12-12 00:12:05.4954 DataDesigner.Core.CodeGenerator.ClassCodeGenerator.Generate [INFO] [EnumCodeGenerator] Code generated... 
2024-12-12 00:12:18.5719 DataDesigner.Core.CodeGenerator.EnumCodeGenerator.Generate [INFO] ////////////////////////////////////////////////////////// 
2024-12-12 00:12:18.6356 DataDesigner.Core.CodeGenerator.EnumCodeGenerator.Generate [INFO] [EnumCodeGenerator] Generating start... 
2024-12-12 00:12:18.7569 DataDesigner.Core.CodeGenerator.EnumCodeGenerator.Generate [INFO] [EnumCodeGenerator] Code generated... 
2024-12-12 00:14:37.7500 DataDesigner.Core.CodeGenerator.EnumCodeGenerator.Generate [INFO] ////////////////////////////////////////////////////////// 
2024-12-12 00:14:37.8108 DataDesigner.Core.CodeGenerator.EnumCodeGenerator.Generate [INFO] [EnumCodeGenerator] Generating start... 
2024-12-12 00:14:37.9409 DataDesigner.Core.CodeGenerator.EnumCodeGenerator.Generate [INFO] [EnumCodeGenerator] Code generated... 
2024-12-12 00:14:40.3479 DataDesigner.Core.CodeGenerator.ClassCodeGenerator.Generate [INFO] ////////////////////////////////////////////////////////// 
2024-12-12 00:14:40.3479 DataDesigner.Core.CodeGenerator.ClassCodeGenerator.Generate [INFO] [ClassCodeGenerator] Generating start... 
2024-12-12 00:14:40.4070 DataDesigner.Core.CodeGenerator.ClassCodeGenerator.Generate [INFO] [EnumCodeGenerator] Code generated... 
2024-12-12 00:15:35.2519 DataDesigner.Core.CodeGenerator.EnumCodeGenerator.Generate [INFO] ////////////////////////////////////////////////////////// 
2024-12-12 00:15:35.2921 DataDesigner.Core.CodeGenerator.EnumCodeGenerator.Generate [INFO] [EnumCodeGenerator] Generating start... 
2024-12-12 00:15:35.3919 DataDesigner.Core.CodeGenerator.EnumCodeGenerator.Generate [INFO] [EnumCodeGenerator] Code generated... 
2024-12-12 00:15:43.2922 DataDesigner.Core.CodeGenerator.ClassCodeGenerator.Generate [INFO] ////////////////////////////////////////////////////////// 
2024-12-12 00:15:43.2922 DataDesigner.Core.CodeGenerator.ClassCodeGenerator.Generate [INFO] [ClassCodeGenerator] Generating start... 
2024-12-12 00:15:43.3498 DataDesigner.Core.CodeGenerator.ClassCodeGenerator.Generate [INFO] [EnumCodeGenerator] Code generated... 
2024-12-12 00:34:21.6864 DataDesigner.Core.CodeGenerator.EnumCodeGenerator.Generate [INFO] ////////////////////////////////////////////////////////// 
2024-12-12 00:34:21.7183 DataDesigner.Core.CodeGenerator.EnumCodeGenerator.Generate [INFO] [EnumCodeGenerator] Generating start... 
2024-12-12 00:34:21.8217 DataDesigner.Core.CodeGenerator.EnumCodeGenerator.Generate [INFO] [EnumCodeGenerator] Code generated... 
2024-12-12 00:40:57.8700 DataDesigner.Core.CodeGenerator.EnumCodeGenerator.Generate [INFO] ////////////////////////////////////////////////////////// 
2024-12-12 00:40:57.9101 DataDesigner.Core.CodeGenerator.EnumCodeGenerator.Generate [INFO] [EnumCodeGenerator] Generating start... 
2024-12-12 00:40:58.0161 DataDesigner.Core.CodeGenerator.EnumCodeGenerator.Generate [INFO] [EnumCodeGenerator] Code generated... 
2024-12-12 00:43:12.1122 DataDesigner.Core.CodeGenerator.EnumCodeGenerator.Generate [INFO] ////////////////////////////////////////////////////////// 
2024-12-12 00:43:12.1491 DataDesigner.Core.CodeGenerator.EnumCodeGenerator.Generate [INFO] [EnumCodeGenerator] Generating start... 
2024-12-12 00:43:12.2386 DataDesigner.Core.CodeGenerator.EnumCodeGenerator.Generate [INFO] [EnumCodeGenerator] Code generated... 
2024-12-12 00:43:23.6882 DataDesigner.Core.CodeGenerator.EnumCodeGenerator.Generate [INFO] ////////////////////////////////////////////////////////// 
2024-12-12 00:43:23.7512 DataDesigner.Core.CodeGenerator.EnumCodeGenerator.Generate [INFO] [EnumCodeGenerator] Generating start... 
2024-12-12 00:43:23.8591 DataDesigner.Core.CodeGenerator.EnumCodeGenerator.Generate [INFO] [EnumCodeGenerator] Code generated... 
2024-12-12 00:44:57.4929 DataDesigner.Core.CodeGenerator.EnumCodeGenerator.Generate [INFO] ////////////////////////////////////////////////////////// 
2024-12-12 00:44:57.5242 DataDesigner.Core.CodeGenerator.EnumCodeGenerator.Generate [INFO] [EnumCodeGenerator] Generating start... 
2024-12-12 00:44:57.5982 DataDesigner.Core.CodeGenerator.EnumCodeGenerator.Generate [INFO] [EnumCodeGenerator] Code generated... 
2024-12-12 00:45:08.3276 DataDesigner.Core.CodeGenerator.ClassCodeGenerator.Generate [INFO] ////////////////////////////////////////////////////////// 
2024-12-12 00:45:08.3276 DataDesigner.Core.CodeGenerator.ClassCodeGenerator.Generate [INFO] [ClassCodeGenerator] Generating start... 
2024-12-12 00:45:08.3884 DataDesigner.Core.CodeGenerator.ClassCodeGenerator.Generate [INFO] [EnumCodeGenerator] Code generated... 
2024-12-12 00:45:08.4634 DataDesigner.Core.CodeGenerator.ClassCodeGenerator.GetGeneratedTypes [ERROR] enum code compilation failed. msg: error CS0009: '<메모리 내 어셈블리>' 메타데이터 파일을 열 수 없습니다. PE 이미지에 관리된 메타데이터가 포함되어 있지 않습니다. 
2024-12-12 00:45:08.4740 DataDesigner.Core.CodeGenerator.ClassCodeGenerator.GetGeneratedTypes [ERROR] enum code compilation failed. msg: (28,26): error CS0234: 'TestCode' 네임스페이스에 'Type_EnumCode' 형식 또는 네임스페이스 이름이 없습니다. 어셈블리 참조가 있는지 확인하세요. 
2024-12-12 00:45:08.4740 DataDesigner.Core.CodeGenerator.ClassCodeGenerator.GetGeneratedTypes [ERROR] enum code compilation failed. msg: (43,26): error CS0234: 'TestCode' 네임스페이스에 'Type_EnumCode' 형식 또는 네임스페이스 이름이 없습니다. 어셈블리 참조가 있는지 확인하세요. 
2024-12-12 00:48:21.2712 DataDesigner.Core.CodeGenerator.EnumCodeGenerator.Generate [INFO] ////////////////////////////////////////////////////////// 
2024-12-12 00:48:21.3123 DataDesigner.Core.CodeGenerator.EnumCodeGenerator.Generate [INFO] [EnumCodeGenerator] Generating start... 
2024-12-12 00:48:21.4111 DataDesigner.Core.CodeGenerator.EnumCodeGenerator.Generate [INFO] [EnumCodeGenerator] Code generated... 
2024-12-12 00:48:23.4941 DataDesigner.Core.CodeGenerator.ClassCodeGenerator.Generate [INFO] ////////////////////////////////////////////////////////// 
2024-12-12 00:48:23.4941 DataDesigner.Core.CodeGenerator.ClassCodeGenerator.Generate [INFO] [ClassCodeGenerator] Generating start... 
2024-12-12 00:48:23.5625 DataDesigner.Core.CodeGenerator.ClassCodeGenerator.Generate [INFO] [ClassCodeGenerator] Code generated... 
2024-12-12 00:48:26.4869 DataDesigner.Core.CodeGenerator.ClassCodeGenerator.GetGeneratedTypes [ERROR] enum code compilation failed. msg: error CS0009: '<메모리 내 어셈블리>' 메타데이터 파일을 열 수 없습니다. PE 이미지에 관리된 메타데이터가 포함되어 있지 않습니다. 
2024-12-12 00:48:26.4985 DataDesigner.Core.CodeGenerator.ClassCodeGenerator.GetGeneratedTypes [ERROR] enum code compilation failed. msg: (28,26): error CS0234: 'TestCode' 네임스페이스에 'Type_EnumCode' 형식 또는 네임스페이스 이름이 없습니다. 어셈블리 참조가 있는지 확인하세요. 
2024-12-12 00:48:26.4985 DataDesigner.Core.CodeGenerator.ClassCodeGenerator.GetGeneratedTypes [ERROR] enum code compilation failed. msg: (43,26): error CS0234: 'TestCode' 네임스페이스에 'Type_EnumCode' 형식 또는 네임스페이스 이름이 없습니다. 어셈블리 참조가 있는지 확인하세요. 
2024-12-12 00:49:25.4435 DataDesigner.Core.CodeGenerator.EnumCodeGenerator.Generate [INFO] ////////////////////////////////////////////////////////// 
2024-12-12 00:49:25.4720 DataDesigner.Core.CodeGenerator.EnumCodeGenerator.Generate [INFO] [EnumCodeGenerator] Generating start... 
2024-12-12 00:49:25.5807 DataDesigner.Core.CodeGenerator.EnumCodeGenerator.Generate [INFO] [EnumCodeGenerator] Code generated... 
2024-12-12 00:49:28.3783 DataDesigner.Core.CodeGenerator.ClassCodeGenerator.Generate [INFO] ////////////////////////////////////////////////////////// 
2024-12-12 00:49:28.3798 DataDesigner.Core.CodeGenerator.ClassCodeGenerator.Generate [INFO] [ClassCodeGenerator] Generating start... 
2024-12-12 00:49:32.0054 DataDesigner.Core.CodeGenerator.ClassCodeGenerator.Generate [INFO] [ClassCodeGenerator] Code generated... 
2024-12-12 00:49:33.3721 DataDesigner.Core.CodeGenerator.ClassCodeGenerator.GetGeneratedTypes [ERROR] enum code compilation failed. msg: (28,26): error CS0234: 'TestCode' 네임스페이스에 'Type_EnumCode' 형식 또는 네임스페이스 이름이 없습니다. 어셈블리 참조가 있는지 확인하세요. 
2024-12-12 00:49:33.3721 DataDesigner.Core.CodeGenerator.ClassCodeGenerator.GetGeneratedTypes [ERROR] enum code compilation failed. msg: (43,26): error CS0234: 'TestCode' 네임스페이스에 'Type_EnumCode' 형식 또는 네임스페이스 이름이 없습니다. 어셈블리 참조가 있는지 확인하세요. 
2024-12-12 00:49:58.9646 DataDesigner.Core.CodeGenerator.EnumCodeGenerator.Generate [INFO] ////////////////////////////////////////////////////////// 
2024-12-12 00:49:58.9936 DataDesigner.Core.CodeGenerator.EnumCodeGenerator.Generate [INFO] [EnumCodeGenerator] Generating start... 
2024-12-12 00:49:59.1093 DataDesigner.Core.CodeGenerator.EnumCodeGenerator.Generate [INFO] [EnumCodeGenerator] Code generated... 
2024-12-12 00:49:59.8551 DataDesigner.Core.CodeGenerator.ClassCodeGenerator.Generate [INFO] ////////////////////////////////////////////////////////// 
2024-12-12 00:49:59.8551 DataDesigner.Core.CodeGenerator.ClassCodeGenerator.Generate [INFO] [ClassCodeGenerator] Generating start... 
2024-12-12 00:50:01.8765 DataDesigner.Core.CodeGenerator.ClassCodeGenerator.Generate [INFO] [ClassCodeGenerator] Code generated... 
2024-12-12 00:50:02.4633 DataDesigner.Core.CodeGenerator.ClassCodeGenerator.GetGeneratedTypes [ERROR] enum code compilation failed. msg: error CS0009: '<메모리 내 어셈블리>' 메타데이터 파일을 열 수 없습니다. PE 이미지에 관리된 메타데이터가 포함되어 있지 않습니다. 
2024-12-12 00:50:02.4739 DataDesigner.Core.CodeGenerator.ClassCodeGenerator.GetGeneratedTypes [ERROR] enum code compilation failed. msg: (28,26): error CS0234: 'TestCode' 네임스페이스에 'Type_EnumCode' 형식 또는 네임스페이스 이름이 없습니다. 어셈블리 참조가 있는지 확인하세요. 
2024-12-12 00:50:02.4739 DataDesigner.Core.CodeGenerator.ClassCodeGenerator.GetGeneratedTypes [ERROR] enum code compilation failed. msg: (43,26): error CS0234: 'TestCode' 네임스페이스에 'Type_EnumCode' 형식 또는 네임스페이스 이름이 없습니다. 어셈블리 참조가 있는지 확인하세요. 
2024-12-12 00:51:21.5715 DataDesigner.Core.CodeGenerator.EnumCodeGenerator.Generate [INFO] ////////////////////////////////////////////////////////// 
2024-12-12 00:51:21.6010 DataDesigner.Core.CodeGenerator.EnumCodeGenerator.Generate [INFO] [EnumCodeGenerator] Generating start... 
2024-12-12 00:51:21.6920 DataDesigner.Core.CodeGenerator.EnumCodeGenerator.Generate [INFO] [EnumCodeGenerator] Code generated... 
2024-12-12 00:56:40.5137 DataDesigner.Core.CodeGenerator.EnumCodeGenerator.Generate [INFO] ////////////////////////////////////////////////////////// 
2024-12-12 00:56:40.5414 DataDesigner.Core.CodeGenerator.EnumCodeGenerator.Generate [INFO] [EnumCodeGenerator] Generating start... 
2024-12-12 00:56:40.6275 DataDesigner.Core.CodeGenerator.EnumCodeGenerator.Generate [INFO] [EnumCodeGenerator] Code generated... 
2024-12-12 00:56:41.2726 DataDesigner.Core.CodeGenerator.ClassCodeGenerator.Generate [INFO] ////////////////////////////////////////////////////////// 
2024-12-12 00:56:41.2726 DataDesigner.Core.CodeGenerator.ClassCodeGenerator.Generate [INFO] [ClassCodeGenerator] Generating start... 
2024-12-12 00:59:50.9694 DataDesigner.Core.CodeGenerator.EnumCodeGenerator.Generate [INFO] ////////////////////////////////////////////////////////// 
2024-12-12 00:59:51.0095 DataDesigner.Core.CodeGenerator.EnumCodeGenerator.Generate [INFO] [EnumCodeGenerator] Generating start... 
2024-12-12 00:59:51.7587 DataDesigner.Core.CodeGenerator.EnumCodeGenerator.Generate [INFO] [EnumCodeGenerator] Code generated... 
2024-12-12 00:59:51.7587 DataDesigner.Core.CodeGenerator.ClassCodeGenerator.Generate [INFO] ////////////////////////////////////////////////////////// 
2024-12-12 00:59:51.7587 DataDesigner.Core.CodeGenerator.ClassCodeGenerator.Generate [INFO] [ClassCodeGenerator] Generating start... 
2024-12-12 00:59:55.6085 DataDesigner.Core.CodeGenerator.ClassCodeGenerator.Generate [INFO] [ClassCodeGenerator] Code generated... 
2024-12-12 01:00:06.4618 DataDesigner.Core.CodeGenerator.ClassCodeGenerator.GetGeneratedTypes [ERROR] enum code compilation failed. msg: error CS0009: '<메모리 내 어셈블리>' 메타데이터 파일을 열 수 없습니다. PE 이미지에 관리된 메타데이터가 포함되어 있지 않습니다. 
2024-12-12 01:00:06.4618 DataDesigner.Core.CodeGenerator.ClassCodeGenerator.GetGeneratedTypes [ERROR] enum code compilation failed. msg: (28,26): error CS0234: 'TestCode' 네임스페이스에 'Type_EnumCode' 형식 또는 네임스페이스 이름이 없습니다. 어셈블리 참조가 있는지 확인하세요. 
2024-12-12 01:00:06.4618 DataDesigner.Core.CodeGenerator.ClassCodeGenerator.GetGeneratedTypes [ERROR] enum code compilation failed. msg: (43,26): error CS0234: 'TestCode' 네임스페이스에 'Type_EnumCode' 형식 또는 네임스페이스 이름이 없습니다. 어셈블리 참조가 있는지 확인하세요. 
