2024-12-19 00:12:39.5811 DataDesigner.Core.CodeGenerator.EnumCodeGenerator.Initialize [INFO] EnumCodeGenerator initialized. 
2024-12-19 00:12:40.2351 DataDesigner.Core.CodeGenerator.ClassCodeGenerator.Initialize [INFO] ClassCodeGenerator initialized. 
2024-12-19 00:12:40.2351 DataDesigner.Core.CodeGenerator.EnumCodeGenerator.AddType [DEBUG] ////////////////////////////////////////////////////////// 
2024-12-19 00:12:40.2351 DataDesigner.Core.CodeGenerator.EnumCodeGenerator.AddType [DEBUG] [EnumCodeGenerator] Generating start 
2024-12-19 00:12:41.0037 DataDesigner.Core.CodeGenerator.EnumCodeGenerator.AddType [DEBUG] [EnumCodeGenerator] Code generated 
2024-12-19 00:12:41.0037 DataDesigner.Core.CodeGenerator.EnumCodeGenerator.AddType [DEBUG] ////////////////////////////////////////////////////////// 
2024-12-19 00:12:41.0037 DataDesigner.Core.CodeGenerator.EnumCodeGenerator.AddType [DEBUG] [EnumCodeGenerator] Generating start 
2024-12-19 00:12:41.0498 DataDesigner.Core.CodeGenerator.EnumCodeGenerator.AddType [DEBUG] [EnumCodeGenerator] Code generated 
2024-12-19 00:12:41.0498 DataDesigner.Core.CodeGenerator.ClassCodeGenerator.AddClass [INFO] ////////////////////////////////////////////////////////// 
2024-12-19 00:12:41.0498 DataDesigner.Core.CodeGenerator.ClassCodeGenerator.AddClass [INFO] [ClassCodeGenerator] Generating start 
2024-12-19 00:12:41.2946 DataDesigner.Core.CodeGenerator.ClassCodeGenerator.GenerateDLL [ERROR] enum code compilation failed. msg: (6,16): error CS0246: 'Int32' 형식 또는 네임스페이스 이름을 찾을 수 없습니다. using 지시문 또는 어셈블리 참조가 있는지 확인하세요. 
2024-12-19 00:12:41.2993 DataDesigner.Core.CodeGenerator.ClassCodeGenerator.GenerateDLL [ERROR] enum code compilation failed. msg: (8,16): error CS0246: 'String' 형식 또는 네임스페이스 이름을 찾을 수 없습니다. using 지시문 또는 어셈블리 참조가 있는지 확인하세요. 
2024-12-19 00:12:41.2993 DataDesigner.Core.CodeGenerator.ClassCodeGenerator.GenerateDLL [ERROR] enum code compilation failed. msg: (10,16): error CS0246: 'Double' 형식 또는 네임스페이스 이름을 찾을 수 없습니다. using 지시문 또는 어셈블리 참조가 있는지 확인하세요. 
2024-12-19 00:12:41.2993 DataDesigner.Core.CodeGenerator.ClassCodeGenerator.GenerateDLL [ERROR] enum code compilation failed. msg: (12,16): error CS0246: 'Boolean' 형식 또는 네임스페이스 이름을 찾을 수 없습니다. using 지시문 또는 어셈블리 참조가 있는지 확인하세요. 
2024-12-19 00:12:41.2993 DataDesigner.Core.CodeGenerator.ClassCodeGenerator.GenerateDLL [ERROR] enum code compilation failed. msg: (18,16): error CS0246: 'Int32' 형식 또는 네임스페이스 이름을 찾을 수 없습니다. using 지시문 또는 어셈블리 참조가 있는지 확인하세요. 
2024-12-19 00:12:41.2993 DataDesigner.Core.CodeGenerator.ClassCodeGenerator.GenerateDLL [ERROR] enum code compilation failed. msg: (20,16): error CS0246: 'String' 형식 또는 네임스페이스 이름을 찾을 수 없습니다. using 지시문 또는 어셈블리 참조가 있는지 확인하세요. 
2024-12-19 00:12:41.2993 DataDesigner.Core.CodeGenerator.ClassCodeGenerator.GenerateDLL [ERROR] enum code compilation failed. msg: (22,16): error CS0246: 'Double' 형식 또는 네임스페이스 이름을 찾을 수 없습니다. using 지시문 또는 어셈블리 참조가 있는지 확인하세요. 
2024-12-19 00:12:41.2993 DataDesigner.Core.CodeGenerator.ClassCodeGenerator.GenerateDLL [ERROR] enum code compilation failed. msg: (24,16): error CS0246: 'Boolean' 형식 또는 네임스페이스 이름을 찾을 수 없습니다. using 지시문 또는 어셈블리 참조가 있는지 확인하세요. 
2024-12-19 00:13:42.5802 DataDesigner.Core.CodeGenerator.EnumCodeGenerator.Initialize [INFO] EnumCodeGenerator initialized. 
2024-12-19 00:13:42.9928 DataDesigner.Core.CodeGenerator.ClassCodeGenerator.Initialize [INFO] ClassCodeGenerator initialized. 
2024-12-19 00:13:42.9928 DataDesigner.Core.CodeGenerator.EnumCodeGenerator.AddType [DEBUG] ////////////////////////////////////////////////////////// 
2024-12-19 00:13:42.9928 DataDesigner.Core.CodeGenerator.EnumCodeGenerator.AddType [DEBUG] [EnumCodeGenerator] Generating start 
2024-12-19 00:13:43.5606 DataDesigner.Core.CodeGenerator.EnumCodeGenerator.AddType [DEBUG] [EnumCodeGenerator] Code generated 
2024-12-19 00:13:43.5606 DataDesigner.Core.CodeGenerator.EnumCodeGenerator.AddType [DEBUG] ////////////////////////////////////////////////////////// 
2024-12-19 00:13:43.5606 DataDesigner.Core.CodeGenerator.EnumCodeGenerator.AddType [DEBUG] [EnumCodeGenerator] Generating start 
2024-12-19 00:13:43.6038 DataDesigner.Core.CodeGenerator.EnumCodeGenerator.AddType [DEBUG] [EnumCodeGenerator] Code generated 
2024-12-19 00:13:43.6128 DataDesigner.Core.CodeGenerator.ClassCodeGenerator.AddClass [INFO] ////////////////////////////////////////////////////////// 
2024-12-19 00:13:43.6128 DataDesigner.Core.CodeGenerator.ClassCodeGenerator.AddClass [INFO] [ClassCodeGenerator] Generating start 
2024-12-19 00:13:43.8104 DataDesigner.Core.CodeGenerator.ClassCodeGenerator.AddClass [INFO] [ClassCodeGenerator] Code generated 
2024-12-19 00:14:15.0819 DataDesigner.Core.CodeGenerator.EnumCodeGenerator.Initialize [INFO] EnumCodeGenerator initialized. 
2024-12-19 00:14:15.5620 DataDesigner.Core.CodeGenerator.ClassCodeGenerator.Initialize [INFO] ClassCodeGenerator initialized. 
2024-12-19 00:14:15.5640 DataDesigner.Core.CodeGenerator.EnumCodeGenerator.AddType [DEBUG] ////////////////////////////////////////////////////////// 
2024-12-19 00:14:15.5640 DataDesigner.Core.CodeGenerator.EnumCodeGenerator.AddType [DEBUG] [EnumCodeGenerator] Generating start 
2024-12-19 00:14:16.1081 DataDesigner.Core.CodeGenerator.EnumCodeGenerator.AddType [DEBUG] [EnumCodeGenerator] Code generated 
2024-12-19 00:14:16.1081 DataDesigner.Core.CodeGenerator.EnumCodeGenerator.AddType [DEBUG] ////////////////////////////////////////////////////////// 
2024-12-19 00:14:16.1081 DataDesigner.Core.CodeGenerator.EnumCodeGenerator.AddType [DEBUG] [EnumCodeGenerator] Generating start 
2024-12-19 00:14:16.1494 DataDesigner.Core.CodeGenerator.EnumCodeGenerator.AddType [DEBUG] [EnumCodeGenerator] Code generated 
2024-12-19 00:14:16.1623 DataDesigner.Core.CodeGenerator.ClassCodeGenerator.AddClass [INFO] ////////////////////////////////////////////////////////// 
2024-12-19 00:14:16.1623 DataDesigner.Core.CodeGenerator.ClassCodeGenerator.AddClass [INFO] [ClassCodeGenerator] Generating start 
2024-12-19 00:14:16.3966 DataDesigner.Core.CodeGenerator.ClassCodeGenerator.AddClass [INFO] [ClassCodeGenerator] Code generated 
2024-12-19 00:14:36.2871 DataDesigner.Core.CodeGenerator.EnumCodeGenerator.Initialize [INFO] EnumCodeGenerator initialized. 
2024-12-19 00:14:36.6586 DataDesigner.Core.CodeGenerator.ClassCodeGenerator.Initialize [INFO] ClassCodeGenerator initialized. 
2024-12-19 00:14:36.6586 DataDesigner.Core.CodeGenerator.EnumCodeGenerator.AddType [DEBUG] ////////////////////////////////////////////////////////// 
2024-12-19 00:14:36.6586 DataDesigner.Core.CodeGenerator.EnumCodeGenerator.AddType [DEBUG] [EnumCodeGenerator] Generating start 
2024-12-19 00:14:37.3265 DataDesigner.Core.CodeGenerator.EnumCodeGenerator.AddType [DEBUG] [EnumCodeGenerator] Code generated 
2024-12-19 00:14:37.3265 DataDesigner.Core.CodeGenerator.EnumCodeGenerator.AddType [DEBUG] ////////////////////////////////////////////////////////// 
2024-12-19 00:14:37.3265 DataDesigner.Core.CodeGenerator.EnumCodeGenerator.AddType [DEBUG] [EnumCodeGenerator] Generating start 
2024-12-19 00:14:37.3742 DataDesigner.Core.CodeGenerator.EnumCodeGenerator.AddType [DEBUG] [EnumCodeGenerator] Code generated 
2024-12-19 00:14:37.3836 DataDesigner.Core.CodeGenerator.ClassCodeGenerator.AddClass [INFO] ////////////////////////////////////////////////////////// 
2024-12-19 00:14:37.3836 DataDesigner.Core.CodeGenerator.ClassCodeGenerator.AddClass [INFO] [ClassCodeGenerator] Generating start 
2024-12-19 00:14:37.5962 DataDesigner.Core.CodeGenerator.ClassCodeGenerator.AddClass [INFO] [ClassCodeGenerator] Code generated 
2024-12-19 23:08:14.5719 DataDesigner.Core.CodeGenerator.EnumCodeGenerator.Initialize [INFO] EnumCodeGenerator initialized. 
2024-12-19 23:08:15.1212 DataDesigner.Core.CodeGenerator.ClassCodeGenerator.Initialize [INFO] ClassCodeGenerator initialized. 
2024-12-19 23:08:15.1212 DataDesigner.Core.CodeGenerator.EnumCodeGenerator.AddType [DEBUG] ////////////////////////////////////////////////////////// 
2024-12-19 23:08:15.1212 DataDesigner.Core.CodeGenerator.EnumCodeGenerator.AddType [DEBUG] [EnumCodeGenerator] Generating start 
2024-12-19 23:08:15.8665 DataDesigner.Core.CodeGenerator.EnumCodeGenerator.AddType [DEBUG] [EnumCodeGenerator] Code generated 
2024-12-19 23:08:15.8665 DataDesigner.Core.CodeGenerator.EnumCodeGenerator.AddType [DEBUG] ////////////////////////////////////////////////////////// 
2024-12-19 23:08:15.8665 DataDesigner.Core.CodeGenerator.EnumCodeGenerator.AddType [DEBUG] [EnumCodeGenerator] Generating start 
2024-12-19 23:08:15.9081 DataDesigner.Core.CodeGenerator.EnumCodeGenerator.AddType [DEBUG] [EnumCodeGenerator] Code generated 
2024-12-19 23:08:15.9081 DataDesigner.Core.CodeGenerator.ClassCodeGenerator.AddClass [INFO] ////////////////////////////////////////////////////////// 
2024-12-19 23:08:15.9081 DataDesigner.Core.CodeGenerator.ClassCodeGenerator.AddClass [INFO] [ClassCodeGenerator] Generating start 
2024-12-19 23:08:16.1464 DataDesigner.Core.CodeGenerator.ClassCodeGenerator.AddClass [INFO] [ClassCodeGenerator] Code generated 
2024-12-19 23:12:50.4493 DataDesigner.Core.CodeGenerator.EnumCodeGenerator.Initialize [INFO] EnumCodeGenerator initialized. 
2024-12-19 23:12:50.9672 DataDesigner.Core.CodeGenerator.ClassCodeGenerator.Initialize [INFO] ClassCodeGenerator initialized. 
2024-12-19 23:12:50.9698 DataDesigner.Core.CodeGenerator.EnumCodeGenerator.AddType [DEBUG] ////////////////////////////////////////////////////////// 
2024-12-19 23:12:50.9698 DataDesigner.Core.CodeGenerator.EnumCodeGenerator.AddType [DEBUG] [EnumCodeGenerator] Generating start 
2024-12-19 23:12:51.5986 DataDesigner.Core.CodeGenerator.EnumCodeGenerator.AddType [DEBUG] [EnumCodeGenerator] Code generated 
2024-12-19 23:12:51.5986 DataDesigner.Core.CodeGenerator.EnumCodeGenerator.AddType [DEBUG] ////////////////////////////////////////////////////////// 
2024-12-19 23:12:51.5986 DataDesigner.Core.CodeGenerator.EnumCodeGenerator.AddType [DEBUG] [EnumCodeGenerator] Generating start 
2024-12-19 23:12:51.6405 DataDesigner.Core.CodeGenerator.EnumCodeGenerator.AddType [DEBUG] [EnumCodeGenerator] Code generated 
2024-12-19 23:12:51.6480 DataDesigner.Core.CodeGenerator.ClassCodeGenerator.AddClass [INFO] ////////////////////////////////////////////////////////// 
2024-12-19 23:12:51.6480 DataDesigner.Core.CodeGenerator.ClassCodeGenerator.AddClass [INFO] [ClassCodeGenerator] Generating start 
2024-12-19 23:12:51.8386 DataDesigner.Core.CodeGenerator.ClassCodeGenerator.AddClass [INFO] [ClassCodeGenerator] Code generated 
2024-12-19 23:17:12.6675 DataDesigner.Core.CodeGenerator.EnumCodeGenerator.Initialize [INFO] EnumCodeGenerator initialized. 
2024-12-19 23:17:13.1086 DataDesigner.Core.CodeGenerator.ClassCodeGenerator.Initialize [INFO] ClassCodeGenerator initialized. 
2024-12-19 23:17:13.1086 DataDesigner.Core.CodeGenerator.EnumCodeGenerator.AddType [DEBUG] ////////////////////////////////////////////////////////// 
2024-12-19 23:17:13.1108 DataDesigner.Core.CodeGenerator.EnumCodeGenerator.AddType [DEBUG] [EnumCodeGenerator] Generating start 
2024-12-19 23:17:13.6615 DataDesigner.Core.CodeGenerator.EnumCodeGenerator.AddType [DEBUG] [EnumCodeGenerator] Code generated 
2024-12-19 23:17:13.6615 DataDesigner.Core.CodeGenerator.EnumCodeGenerator.AddType [DEBUG] ////////////////////////////////////////////////////////// 
2024-12-19 23:17:13.6615 DataDesigner.Core.CodeGenerator.EnumCodeGenerator.AddType [DEBUG] [EnumCodeGenerator] Generating start 
2024-12-19 23:17:13.6994 DataDesigner.Core.CodeGenerator.EnumCodeGenerator.AddType [DEBUG] [EnumCodeGenerator] Code generated 
2024-12-19 23:17:13.7066 DataDesigner.Core.CodeGenerator.ClassCodeGenerator.AddClass [INFO] ////////////////////////////////////////////////////////// 
2024-12-19 23:17:13.7066 DataDesigner.Core.CodeGenerator.ClassCodeGenerator.AddClass [INFO] [ClassCodeGenerator] Generating start 
2024-12-19 23:17:13.9126 DataDesigner.Core.CodeGenerator.ClassCodeGenerator.AddClass [INFO] [ClassCodeGenerator] Code generated 
2024-12-19 23:17:23.9594 DataDesigner.Core.CodeGenerator.EnumCodeGenerator.Initialize [INFO] EnumCodeGenerator initialized. 
2024-12-19 23:17:24.3439 DataDesigner.Core.CodeGenerator.ClassCodeGenerator.Initialize [INFO] ClassCodeGenerator initialized. 
2024-12-19 23:17:24.3457 DataDesigner.Core.CodeGenerator.EnumCodeGenerator.AddType [DEBUG] ////////////////////////////////////////////////////////// 
2024-12-19 23:17:24.3457 DataDesigner.Core.CodeGenerator.EnumCodeGenerator.AddType [DEBUG] [EnumCodeGenerator] Generating start 
2024-12-19 23:17:24.8943 DataDesigner.Core.CodeGenerator.EnumCodeGenerator.AddType [DEBUG] [EnumCodeGenerator] Code generated 
2024-12-19 23:17:24.8943 DataDesigner.Core.CodeGenerator.EnumCodeGenerator.AddType [DEBUG] ////////////////////////////////////////////////////////// 
2024-12-19 23:17:24.8943 DataDesigner.Core.CodeGenerator.EnumCodeGenerator.AddType [DEBUG] [EnumCodeGenerator] Generating start 
2024-12-19 23:17:24.9323 DataDesigner.Core.CodeGenerator.EnumCodeGenerator.AddType [DEBUG] [EnumCodeGenerator] Code generated 
2024-12-19 23:17:24.9399 DataDesigner.Core.CodeGenerator.ClassCodeGenerator.AddClass [INFO] ////////////////////////////////////////////////////////// 
2024-12-19 23:17:24.9399 DataDesigner.Core.CodeGenerator.ClassCodeGenerator.AddClass [INFO] [ClassCodeGenerator] Generating start 
2024-12-19 23:17:25.1133 DataDesigner.Core.CodeGenerator.ClassCodeGenerator.AddClass [INFO] [ClassCodeGenerator] Code generated 
2024-12-19 23:18:58.9085 DataDesigner.Core.CodeGenerator.EnumCodeGenerator.Initialize [INFO] EnumCodeGenerator initialized. 
2024-12-19 23:18:59.4222 DataDesigner.Core.CodeGenerator.ClassCodeGenerator.Initialize [INFO] ClassCodeGenerator initialized. 
2024-12-19 23:18:59.4253 DataDesigner.Core.CodeGenerator.EnumCodeGenerator.AddType [DEBUG] ////////////////////////////////////////////////////////// 
2024-12-19 23:18:59.4253 DataDesigner.Core.CodeGenerator.EnumCodeGenerator.AddType [DEBUG] [EnumCodeGenerator] Generating start 
2024-12-19 23:18:59.9734 DataDesigner.Core.CodeGenerator.EnumCodeGenerator.AddType [DEBUG] [EnumCodeGenerator] Code generated 
2024-12-19 23:18:59.9734 DataDesigner.Core.CodeGenerator.EnumCodeGenerator.AddType [DEBUG] ////////////////////////////////////////////////////////// 
2024-12-19 23:18:59.9734 DataDesigner.Core.CodeGenerator.EnumCodeGenerator.AddType [DEBUG] [EnumCodeGenerator] Generating start 
2024-12-19 23:19:00.0180 DataDesigner.Core.CodeGenerator.EnumCodeGenerator.AddType [DEBUG] [EnumCodeGenerator] Code generated 
2024-12-19 23:19:00.0180 DataDesigner.Core.CodeGenerator.ClassCodeGenerator.AddClass [INFO] ////////////////////////////////////////////////////////// 
2024-12-19 23:19:00.0180 DataDesigner.Core.CodeGenerator.ClassCodeGenerator.AddClass [INFO] [ClassCodeGenerator] Generating start 
2024-12-19 23:19:00.2323 DataDesigner.Core.CodeGenerator.ClassCodeGenerator.AddClass [INFO] [ClassCodeGenerator] Code generated 
2024-12-19 23:19:15.6314 DataDesigner.Core.CodeGenerator.EnumCodeGenerator.Initialize [INFO] EnumCodeGenerator initialized. 
2024-12-19 23:19:16.0733 DataDesigner.Core.CodeGenerator.ClassCodeGenerator.Initialize [INFO] ClassCodeGenerator initialized. 
2024-12-19 23:19:16.0733 DataDesigner.Core.CodeGenerator.EnumCodeGenerator.AddType [DEBUG] ////////////////////////////////////////////////////////// 
2024-12-19 23:19:16.0733 DataDesigner.Core.CodeGenerator.EnumCodeGenerator.AddType [DEBUG] [EnumCodeGenerator] Generating start 
2024-12-19 23:19:16.6203 DataDesigner.Core.CodeGenerator.EnumCodeGenerator.AddType [DEBUG] [EnumCodeGenerator] Code generated 
2024-12-19 23:19:16.6203 DataDesigner.Core.CodeGenerator.EnumCodeGenerator.AddType [DEBUG] ////////////////////////////////////////////////////////// 
2024-12-19 23:19:16.6203 DataDesigner.Core.CodeGenerator.EnumCodeGenerator.AddType [DEBUG] [EnumCodeGenerator] Generating start 
2024-12-19 23:19:16.6575 DataDesigner.Core.CodeGenerator.EnumCodeGenerator.AddType [DEBUG] [EnumCodeGenerator] Code generated 
2024-12-19 23:19:16.6575 DataDesigner.Core.CodeGenerator.ClassCodeGenerator.AddClass [INFO] ////////////////////////////////////////////////////////// 
2024-12-19 23:19:16.6575 DataDesigner.Core.CodeGenerator.ClassCodeGenerator.AddClass [INFO] [ClassCodeGenerator] Generating start 
2024-12-19 23:19:16.8922 DataDesigner.Core.CodeGenerator.ClassCodeGenerator.AddClass [INFO] [ClassCodeGenerator] Code generated 
2024-12-19 23:20:37.9579 DataDesigner.Core.CodeGenerator.EnumCodeGenerator.Initialize [INFO] EnumCodeGenerator initialized. 
2024-12-19 23:20:38.5064 DataDesigner.Core.CodeGenerator.ClassCodeGenerator.Initialize [INFO] ClassCodeGenerator initialized. 
2024-12-19 23:20:38.5064 DataDesigner.Core.CodeGenerator.EnumCodeGenerator.AddType [DEBUG] ////////////////////////////////////////////////////////// 
2024-12-19 23:20:38.5064 DataDesigner.Core.CodeGenerator.EnumCodeGenerator.AddType [DEBUG] [EnumCodeGenerator] Generating start 
2024-12-19 23:20:39.0601 DataDesigner.Core.CodeGenerator.EnumCodeGenerator.AddType [DEBUG] [EnumCodeGenerator] Code generated 
2024-12-19 23:20:39.0601 DataDesigner.Core.CodeGenerator.EnumCodeGenerator.AddType [DEBUG] ////////////////////////////////////////////////////////// 
2024-12-19 23:20:39.0601 DataDesigner.Core.CodeGenerator.EnumCodeGenerator.AddType [DEBUG] [EnumCodeGenerator] Generating start 
2024-12-19 23:20:39.0977 DataDesigner.Core.CodeGenerator.EnumCodeGenerator.AddType [DEBUG] [EnumCodeGenerator] Code generated 
2024-12-19 23:20:39.0977 DataDesigner.Core.CodeGenerator.ClassCodeGenerator.AddClass [INFO] ////////////////////////////////////////////////////////// 
2024-12-19 23:20:39.0977 DataDesigner.Core.CodeGenerator.ClassCodeGenerator.AddClass [INFO] [ClassCodeGenerator] Generating start 
2024-12-19 23:20:39.3087 DataDesigner.Core.CodeGenerator.ClassCodeGenerator.AddClass [INFO] [ClassCodeGenerator] Code generated 
2024-12-19 23:21:04.5307 DataDesigner.Core.CodeGenerator.EnumCodeGenerator.Initialize [INFO] EnumCodeGenerator initialized. 
2024-12-19 23:21:05.0546 DataDesigner.Core.CodeGenerator.ClassCodeGenerator.Initialize [INFO] ClassCodeGenerator initialized. 
2024-12-19 23:21:05.0546 DataDesigner.Core.CodeGenerator.EnumCodeGenerator.AddType [DEBUG] ////////////////////////////////////////////////////////// 
2024-12-19 23:21:05.0546 DataDesigner.Core.CodeGenerator.EnumCodeGenerator.AddType [DEBUG] [EnumCodeGenerator] Generating start 
2024-12-19 23:21:05.6274 DataDesigner.Core.CodeGenerator.EnumCodeGenerator.AddType [DEBUG] [EnumCodeGenerator] Code generated 
2024-12-19 23:21:05.6274 DataDesigner.Core.CodeGenerator.EnumCodeGenerator.AddType [DEBUG] ////////////////////////////////////////////////////////// 
2024-12-19 23:21:05.6274 DataDesigner.Core.CodeGenerator.EnumCodeGenerator.AddType [DEBUG] [EnumCodeGenerator] Generating start 
2024-12-19 23:21:05.7026 DataDesigner.Core.CodeGenerator.EnumCodeGenerator.AddType [DEBUG] [EnumCodeGenerator] Code generated 
2024-12-19 23:21:05.7094 DataDesigner.Core.CodeGenerator.ClassCodeGenerator.AddClass [INFO] ////////////////////////////////////////////////////////// 
2024-12-19 23:21:05.7094 DataDesigner.Core.CodeGenerator.ClassCodeGenerator.AddClass [INFO] [ClassCodeGenerator] Generating start 
2024-12-19 23:21:05.8898 DataDesigner.Core.CodeGenerator.ClassCodeGenerator.AddClass [INFO] [ClassCodeGenerator] Code generated 
2024-12-19 23:21:38.5355 DataDesigner.Core.CodeGenerator.EnumCodeGenerator.Initialize [INFO] EnumCodeGenerator initialized. 
2024-12-19 23:21:38.9896 DataDesigner.Core.CodeGenerator.ClassCodeGenerator.Initialize [INFO] ClassCodeGenerator initialized. 
2024-12-19 23:21:38.9896 DataDesigner.Core.CodeGenerator.EnumCodeGenerator.AddType [DEBUG] ////////////////////////////////////////////////////////// 
2024-12-19 23:21:38.9896 DataDesigner.Core.CodeGenerator.EnumCodeGenerator.AddType [DEBUG] [EnumCodeGenerator] Generating start 
2024-12-19 23:21:39.5385 DataDesigner.Core.CodeGenerator.EnumCodeGenerator.AddType [DEBUG] [EnumCodeGenerator] Code generated 
2024-12-19 23:21:39.5385 DataDesigner.Core.CodeGenerator.EnumCodeGenerator.AddType [DEBUG] ////////////////////////////////////////////////////////// 
2024-12-19 23:21:39.5385 DataDesigner.Core.CodeGenerator.EnumCodeGenerator.AddType [DEBUG] [EnumCodeGenerator] Generating start 
2024-12-19 23:21:39.5777 DataDesigner.Core.CodeGenerator.EnumCodeGenerator.AddType [DEBUG] [EnumCodeGenerator] Code generated 
2024-12-19 23:21:39.5867 DataDesigner.Core.CodeGenerator.ClassCodeGenerator.AddClass [INFO] ////////////////////////////////////////////////////////// 
2024-12-19 23:21:39.5867 DataDesigner.Core.CodeGenerator.ClassCodeGenerator.AddClass [INFO] [ClassCodeGenerator] Generating start 
2024-12-19 23:21:39.8149 DataDesigner.Core.CodeGenerator.ClassCodeGenerator.AddClass [INFO] [ClassCodeGenerator] Code generated 
2024-12-19 23:22:33.5779 DataDesigner.Core.CodeGenerator.EnumCodeGenerator.Initialize [INFO] EnumCodeGenerator initialized. 
2024-12-19 23:22:34.0504 DataDesigner.Core.CodeGenerator.ClassCodeGenerator.Initialize [INFO] ClassCodeGenerator initialized. 
2024-12-19 23:22:34.0504 DataDesigner.Core.CodeGenerator.EnumCodeGenerator.AddType [DEBUG] ////////////////////////////////////////////////////////// 
2024-12-19 23:22:34.0504 DataDesigner.Core.CodeGenerator.EnumCodeGenerator.AddType [DEBUG] [EnumCodeGenerator] Generating start 
2024-12-19 23:22:34.5652 DataDesigner.Core.CodeGenerator.EnumCodeGenerator.AddType [DEBUG] [EnumCodeGenerator] Code generated 
2024-12-19 23:22:34.5652 DataDesigner.Core.CodeGenerator.EnumCodeGenerator.AddType [DEBUG] ////////////////////////////////////////////////////////// 
2024-12-19 23:22:34.5652 DataDesigner.Core.CodeGenerator.EnumCodeGenerator.AddType [DEBUG] [EnumCodeGenerator] Generating start 
2024-12-19 23:22:34.6022 DataDesigner.Core.CodeGenerator.EnumCodeGenerator.AddType [DEBUG] [EnumCodeGenerator] Code generated 
2024-12-19 23:22:34.6022 DataDesigner.Core.CodeGenerator.ClassCodeGenerator.AddClass [INFO] ////////////////////////////////////////////////////////// 
2024-12-19 23:22:34.6022 DataDesigner.Core.CodeGenerator.ClassCodeGenerator.AddClass [INFO] [ClassCodeGenerator] Generating start 
2024-12-19 23:22:34.7916 DataDesigner.Core.CodeGenerator.ClassCodeGenerator.AddClass [INFO] [ClassCodeGenerator] Code generated 
2024-12-19 23:23:52.5731 DataDesigner.Core.CodeGenerator.EnumCodeGenerator.Initialize [INFO] EnumCodeGenerator initialized. 
2024-12-19 23:23:53.0035 DataDesigner.Core.CodeGenerator.ClassCodeGenerator.Initialize [INFO] ClassCodeGenerator initialized. 
2024-12-19 23:23:53.0035 DataDesigner.Core.CodeGenerator.EnumCodeGenerator.AddType [DEBUG] ////////////////////////////////////////////////////////// 
2024-12-19 23:23:53.0035 DataDesigner.Core.CodeGenerator.EnumCodeGenerator.AddType [DEBUG] [EnumCodeGenerator] Generating start 
2024-12-19 23:23:53.5946 DataDesigner.Core.CodeGenerator.EnumCodeGenerator.AddType [DEBUG] [EnumCodeGenerator] Code generated 
2024-12-19 23:23:53.5946 DataDesigner.Core.CodeGenerator.EnumCodeGenerator.AddType [DEBUG] ////////////////////////////////////////////////////////// 
2024-12-19 23:23:53.5955 DataDesigner.Core.CodeGenerator.EnumCodeGenerator.AddType [DEBUG] [EnumCodeGenerator] Generating start 
2024-12-19 23:23:53.6344 DataDesigner.Core.CodeGenerator.EnumCodeGenerator.AddType [DEBUG] [EnumCodeGenerator] Code generated 
2024-12-19 23:23:53.6344 DataDesigner.Core.CodeGenerator.ClassCodeGenerator.AddClass [INFO] ////////////////////////////////////////////////////////// 
2024-12-19 23:23:53.6427 DataDesigner.Core.CodeGenerator.ClassCodeGenerator.AddClass [INFO] [ClassCodeGenerator] Generating start 
2024-12-19 23:23:53.8201 DataDesigner.Core.CodeGenerator.ClassCodeGenerator.AddClass [INFO] [ClassCodeGenerator] Code generated 
2024-12-19 23:24:06.3390 DataDesigner.Core.CodeGenerator.EnumCodeGenerator.Initialize [INFO] EnumCodeGenerator initialized. 
2024-12-19 23:24:06.7574 DataDesigner.Core.CodeGenerator.ClassCodeGenerator.Initialize [INFO] ClassCodeGenerator initialized. 
2024-12-19 23:24:06.7574 DataDesigner.Core.CodeGenerator.EnumCodeGenerator.AddType [DEBUG] ////////////////////////////////////////////////////////// 
2024-12-19 23:24:06.7574 DataDesigner.Core.CodeGenerator.EnumCodeGenerator.AddType [DEBUG] [EnumCodeGenerator] Generating start 
2024-12-19 23:24:07.2692 DataDesigner.Core.CodeGenerator.EnumCodeGenerator.AddType [DEBUG] [EnumCodeGenerator] Code generated 
2024-12-19 23:24:07.2692 DataDesigner.Core.CodeGenerator.EnumCodeGenerator.AddType [DEBUG] ////////////////////////////////////////////////////////// 
2024-12-19 23:24:07.2692 DataDesigner.Core.CodeGenerator.EnumCodeGenerator.AddType [DEBUG] [EnumCodeGenerator] Generating start 
2024-12-19 23:24:07.3061 DataDesigner.Core.CodeGenerator.EnumCodeGenerator.AddType [DEBUG] [EnumCodeGenerator] Code generated 
2024-12-19 23:24:07.3151 DataDesigner.Core.CodeGenerator.ClassCodeGenerator.AddClass [INFO] ////////////////////////////////////////////////////////// 
2024-12-19 23:24:07.3151 DataDesigner.Core.CodeGenerator.ClassCodeGenerator.AddClass [INFO] [ClassCodeGenerator] Generating start 
2024-12-19 23:24:07.5461 DataDesigner.Core.CodeGenerator.ClassCodeGenerator.AddClass [INFO] [ClassCodeGenerator] Code generated 
2024-12-19 23:24:24.5276 DataDesigner.Core.CodeGenerator.EnumCodeGenerator.Initialize [INFO] EnumCodeGenerator initialized. 
2024-12-19 23:24:24.9945 DataDesigner.Core.CodeGenerator.ClassCodeGenerator.Initialize [INFO] ClassCodeGenerator initialized. 
2024-12-19 23:24:24.9945 DataDesigner.Core.CodeGenerator.EnumCodeGenerator.AddType [DEBUG] ////////////////////////////////////////////////////////// 
2024-12-19 23:24:24.9945 DataDesigner.Core.CodeGenerator.EnumCodeGenerator.AddType [DEBUG] [EnumCodeGenerator] Generating start 
2024-12-19 23:24:25.5383 DataDesigner.Core.CodeGenerator.EnumCodeGenerator.AddType [DEBUG] [EnumCodeGenerator] Code generated 
2024-12-19 23:24:25.5383 DataDesigner.Core.CodeGenerator.EnumCodeGenerator.AddType [DEBUG] ////////////////////////////////////////////////////////// 
2024-12-19 23:24:25.5383 DataDesigner.Core.CodeGenerator.EnumCodeGenerator.AddType [DEBUG] [EnumCodeGenerator] Generating start 
2024-12-19 23:24:25.5817 DataDesigner.Core.CodeGenerator.EnumCodeGenerator.AddType [DEBUG] [EnumCodeGenerator] Code generated 
2024-12-19 23:24:25.5817 DataDesigner.Core.CodeGenerator.ClassCodeGenerator.AddClass [INFO] ////////////////////////////////////////////////////////// 
2024-12-19 23:24:25.5817 DataDesigner.Core.CodeGenerator.ClassCodeGenerator.AddClass [INFO] [ClassCodeGenerator] Generating start 
2024-12-19 23:24:25.8003 DataDesigner.Core.CodeGenerator.ClassCodeGenerator.AddClass [INFO] [ClassCodeGenerator] Code generated 
2024-12-19 23:24:41.4703 DataDesigner.Core.CodeGenerator.EnumCodeGenerator.Initialize [INFO] EnumCodeGenerator initialized. 
2024-12-19 23:24:41.8978 DataDesigner.Core.CodeGenerator.ClassCodeGenerator.Initialize [INFO] ClassCodeGenerator initialized. 
2024-12-19 23:24:41.8978 DataDesigner.Core.CodeGenerator.EnumCodeGenerator.AddType [DEBUG] ////////////////////////////////////////////////////////// 
2024-12-19 23:24:41.8978 DataDesigner.Core.CodeGenerator.EnumCodeGenerator.AddType [DEBUG] [EnumCodeGenerator] Generating start 
2024-12-19 23:24:42.4189 DataDesigner.Core.CodeGenerator.EnumCodeGenerator.AddType [DEBUG] [EnumCodeGenerator] Code generated 
2024-12-19 23:24:42.4189 DataDesigner.Core.CodeGenerator.EnumCodeGenerator.AddType [DEBUG] ////////////////////////////////////////////////////////// 
2024-12-19 23:24:42.4189 DataDesigner.Core.CodeGenerator.EnumCodeGenerator.AddType [DEBUG] [EnumCodeGenerator] Generating start 
2024-12-19 23:24:42.4573 DataDesigner.Core.CodeGenerator.EnumCodeGenerator.AddType [DEBUG] [EnumCodeGenerator] Code generated 
2024-12-19 23:24:42.4573 DataDesigner.Core.CodeGenerator.ClassCodeGenerator.AddClass [INFO] ////////////////////////////////////////////////////////// 
2024-12-19 23:24:42.4573 DataDesigner.Core.CodeGenerator.ClassCodeGenerator.AddClass [INFO] [ClassCodeGenerator] Generating start 
2024-12-19 23:24:42.6681 DataDesigner.Core.CodeGenerator.ClassCodeGenerator.AddClass [INFO] [ClassCodeGenerator] Code generated 
2024-12-19 23:24:52.9215 DataDesigner.Core.CodeGenerator.EnumCodeGenerator.Initialize [INFO] EnumCodeGenerator initialized. 
2024-12-19 23:24:53.3435 DataDesigner.Core.CodeGenerator.ClassCodeGenerator.Initialize [INFO] ClassCodeGenerator initialized. 
2024-12-19 23:24:53.3453 DataDesigner.Core.CodeGenerator.EnumCodeGenerator.AddType [DEBUG] ////////////////////////////////////////////////////////// 
2024-12-19 23:24:53.3453 DataDesigner.Core.CodeGenerator.EnumCodeGenerator.AddType [DEBUG] [EnumCodeGenerator] Generating start 
2024-12-19 23:24:53.9230 DataDesigner.Core.CodeGenerator.EnumCodeGenerator.AddType [DEBUG] [EnumCodeGenerator] Code generated 
2024-12-19 23:24:53.9235 DataDesigner.Core.CodeGenerator.EnumCodeGenerator.AddType [DEBUG] ////////////////////////////////////////////////////////// 
2024-12-19 23:24:53.9235 DataDesigner.Core.CodeGenerator.EnumCodeGenerator.AddType [DEBUG] [EnumCodeGenerator] Generating start 
2024-12-19 23:24:53.9937 DataDesigner.Core.CodeGenerator.EnumCodeGenerator.AddType [DEBUG] [EnumCodeGenerator] Code generated 
2024-12-19 23:24:54.0019 DataDesigner.Core.CodeGenerator.ClassCodeGenerator.AddClass [INFO] ////////////////////////////////////////////////////////// 
2024-12-19 23:24:54.0019 DataDesigner.Core.CodeGenerator.ClassCodeGenerator.AddClass [INFO] [ClassCodeGenerator] Generating start 
2024-12-19 23:24:54.1952 DataDesigner.Core.CodeGenerator.ClassCodeGenerator.AddClass [INFO] [ClassCodeGenerator] Code generated 
2024-12-19 23:25:04.4388 DataDesigner.Core.CodeGenerator.EnumCodeGenerator.Initialize [INFO] EnumCodeGenerator initialized. 
2024-12-19 23:25:04.9343 DataDesigner.Core.CodeGenerator.ClassCodeGenerator.Initialize [INFO] ClassCodeGenerator initialized. 
2024-12-19 23:25:04.9343 DataDesigner.Core.CodeGenerator.EnumCodeGenerator.AddType [DEBUG] ////////////////////////////////////////////////////////// 
2024-12-19 23:25:04.9343 DataDesigner.Core.CodeGenerator.EnumCodeGenerator.AddType [DEBUG] [EnumCodeGenerator] Generating start 
2024-12-19 23:25:05.4571 DataDesigner.Core.CodeGenerator.EnumCodeGenerator.AddType [DEBUG] [EnumCodeGenerator] Code generated 
2024-12-19 23:25:05.4571 DataDesigner.Core.CodeGenerator.EnumCodeGenerator.AddType [DEBUG] ////////////////////////////////////////////////////////// 
2024-12-19 23:25:05.4571 DataDesigner.Core.CodeGenerator.EnumCodeGenerator.AddType [DEBUG] [EnumCodeGenerator] Generating start 
2024-12-19 23:25:05.5013 DataDesigner.Core.CodeGenerator.EnumCodeGenerator.AddType [DEBUG] [EnumCodeGenerator] Code generated 
2024-12-19 23:25:05.5103 DataDesigner.Core.CodeGenerator.ClassCodeGenerator.AddClass [INFO] ////////////////////////////////////////////////////////// 
2024-12-19 23:25:05.5103 DataDesigner.Core.CodeGenerator.ClassCodeGenerator.AddClass [INFO] [ClassCodeGenerator] Generating start 
2024-12-19 23:25:05.7454 DataDesigner.Core.CodeGenerator.ClassCodeGenerator.AddClass [INFO] [ClassCodeGenerator] Code generated 
2024-12-19 23:30:12.8237 DataDesigner.Core.CodeGenerator.EnumCodeGenerator.Initialize [INFO] EnumCodeGenerator initialized. 
2024-12-19 23:30:13.2669 DataDesigner.Core.CodeGenerator.ClassCodeGenerator.Initialize [INFO] ClassCodeGenerator initialized. 
2024-12-19 23:30:13.2691 DataDesigner.Core.CodeGenerator.EnumCodeGenerator.AddType [DEBUG] ////////////////////////////////////////////////////////// 
2024-12-19 23:30:13.2691 DataDesigner.Core.CodeGenerator.EnumCodeGenerator.AddType [DEBUG] [EnumCodeGenerator] Generating start 
2024-12-19 23:30:13.8225 DataDesigner.Core.CodeGenerator.EnumCodeGenerator.AddType [DEBUG] [EnumCodeGenerator] Code generated 
2024-12-19 23:30:13.8225 DataDesigner.Core.CodeGenerator.EnumCodeGenerator.AddType [DEBUG] ////////////////////////////////////////////////////////// 
2024-12-19 23:30:13.8225 DataDesigner.Core.CodeGenerator.EnumCodeGenerator.AddType [DEBUG] [EnumCodeGenerator] Generating start 
2024-12-19 23:30:13.8591 DataDesigner.Core.CodeGenerator.EnumCodeGenerator.AddType [DEBUG] [EnumCodeGenerator] Code generated 
2024-12-19 23:30:13.8687 DataDesigner.Core.CodeGenerator.ClassCodeGenerator.AddClass [INFO] ////////////////////////////////////////////////////////// 
2024-12-19 23:30:13.8687 DataDesigner.Core.CodeGenerator.ClassCodeGenerator.AddClass [INFO] [ClassCodeGenerator] Generating start 
2024-12-19 23:30:14.0497 DataDesigner.Core.CodeGenerator.ClassCodeGenerator.AddClass [INFO] [ClassCodeGenerator] Code generated 
2024-12-19 23:32:39.0011 DataDesigner.Core.CodeGenerator.EnumCodeGenerator.Initialize [INFO] EnumCodeGenerator initialized. 
2024-12-19 23:32:39.5016 DataDesigner.Core.CodeGenerator.ClassCodeGenerator.Initialize [INFO] ClassCodeGenerator initialized. 
2024-12-19 23:32:39.5036 DataDesigner.Core.CodeGenerator.EnumCodeGenerator.AddType [DEBUG] ////////////////////////////////////////////////////////// 
2024-12-19 23:32:39.5036 DataDesigner.Core.CodeGenerator.EnumCodeGenerator.AddType [DEBUG] [EnumCodeGenerator] Generating start 
2024-12-19 23:32:40.0399 DataDesigner.Core.CodeGenerator.EnumCodeGenerator.AddType [DEBUG] [EnumCodeGenerator] Code generated 
2024-12-19 23:32:40.0399 DataDesigner.Core.CodeGenerator.EnumCodeGenerator.AddType [DEBUG] ////////////////////////////////////////////////////////// 
2024-12-19 23:32:40.0399 DataDesigner.Core.CodeGenerator.EnumCodeGenerator.AddType [DEBUG] [EnumCodeGenerator] Generating start 
2024-12-19 23:32:40.0856 DataDesigner.Core.CodeGenerator.EnumCodeGenerator.AddType [DEBUG] [EnumCodeGenerator] Code generated 
2024-12-19 23:32:40.0856 DataDesigner.Core.CodeGenerator.ClassCodeGenerator.AddClass [INFO] ////////////////////////////////////////////////////////// 
2024-12-19 23:32:40.0856 DataDesigner.Core.CodeGenerator.ClassCodeGenerator.AddClass [INFO] [ClassCodeGenerator] Generating start 
2024-12-19 23:32:57.7150 DataDesigner.Core.CodeGenerator.EnumCodeGenerator.Initialize [INFO] EnumCodeGenerator initialized. 
2024-12-19 23:32:58.1695 DataDesigner.Core.CodeGenerator.ClassCodeGenerator.Initialize [INFO] ClassCodeGenerator initialized. 
2024-12-19 23:32:58.1695 DataDesigner.Core.CodeGenerator.EnumCodeGenerator.AddType [DEBUG] ////////////////////////////////////////////////////////// 
2024-12-19 23:32:58.1695 DataDesigner.Core.CodeGenerator.EnumCodeGenerator.AddType [DEBUG] [EnumCodeGenerator] Generating start 
2024-12-19 23:32:58.6831 DataDesigner.Core.CodeGenerator.EnumCodeGenerator.AddType [DEBUG] [EnumCodeGenerator] Code generated 
2024-12-19 23:32:58.6831 DataDesigner.Core.CodeGenerator.EnumCodeGenerator.AddType [DEBUG] ////////////////////////////////////////////////////////// 
2024-12-19 23:32:58.6831 DataDesigner.Core.CodeGenerator.EnumCodeGenerator.AddType [DEBUG] [EnumCodeGenerator] Generating start 
2024-12-19 23:32:58.7207 DataDesigner.Core.CodeGenerator.EnumCodeGenerator.AddType [DEBUG] [EnumCodeGenerator] Code generated 
2024-12-19 23:32:58.7207 DataDesigner.Core.CodeGenerator.ClassCodeGenerator.AddClass [INFO] ////////////////////////////////////////////////////////// 
2024-12-19 23:32:58.7207 DataDesigner.Core.CodeGenerator.ClassCodeGenerator.AddClass [INFO] [ClassCodeGenerator] Generating start 
2024-12-19 23:33:16.3349 DataDesigner.Core.CodeGenerator.EnumCodeGenerator.Initialize [INFO] EnumCodeGenerator initialized. 
2024-12-19 23:33:16.7304 DataDesigner.Core.CodeGenerator.ClassCodeGenerator.Initialize [INFO] ClassCodeGenerator initialized. 
2024-12-19 23:33:16.7304 DataDesigner.Core.CodeGenerator.EnumCodeGenerator.AddType [DEBUG] ////////////////////////////////////////////////////////// 
2024-12-19 23:33:16.7368 DataDesigner.Core.CodeGenerator.EnumCodeGenerator.AddType [DEBUG] [EnumCodeGenerator] Generating start 
2024-12-19 23:33:17.3101 DataDesigner.Core.CodeGenerator.EnumCodeGenerator.AddType [DEBUG] [EnumCodeGenerator] Code generated 
2024-12-19 23:33:17.3101 DataDesigner.Core.CodeGenerator.EnumCodeGenerator.AddType [DEBUG] ////////////////////////////////////////////////////////// 
2024-12-19 23:33:17.3101 DataDesigner.Core.CodeGenerator.EnumCodeGenerator.AddType [DEBUG] [EnumCodeGenerator] Generating start 
2024-12-19 23:33:17.3672 DataDesigner.Core.CodeGenerator.EnumCodeGenerator.AddType [DEBUG] [EnumCodeGenerator] Code generated 
2024-12-19 23:33:17.3672 DataDesigner.Core.CodeGenerator.ClassCodeGenerator.AddClass [INFO] ////////////////////////////////////////////////////////// 
2024-12-19 23:33:17.3672 DataDesigner.Core.CodeGenerator.ClassCodeGenerator.AddClass [INFO] [ClassCodeGenerator] Generating start 
2024-12-19 23:34:23.3810 DataDesigner.Core.CodeGenerator.EnumCodeGenerator.Initialize [INFO] EnumCodeGenerator initialized. 
2024-12-19 23:34:23.9082 DataDesigner.Core.CodeGenerator.ClassCodeGenerator.Initialize [INFO] ClassCodeGenerator initialized. 
2024-12-19 23:34:23.9082 DataDesigner.Core.CodeGenerator.EnumCodeGenerator.AddType [DEBUG] ////////////////////////////////////////////////////////// 
2024-12-19 23:34:23.9082 DataDesigner.Core.CodeGenerator.EnumCodeGenerator.AddType [DEBUG] [EnumCodeGenerator] Generating start 
2024-12-19 23:34:24.4340 DataDesigner.Core.CodeGenerator.EnumCodeGenerator.AddType [DEBUG] [EnumCodeGenerator] Code generated 
2024-12-19 23:34:24.4340 DataDesigner.Core.CodeGenerator.EnumCodeGenerator.AddType [DEBUG] ////////////////////////////////////////////////////////// 
2024-12-19 23:34:24.4340 DataDesigner.Core.CodeGenerator.EnumCodeGenerator.AddType [DEBUG] [EnumCodeGenerator] Generating start 
2024-12-19 23:34:24.4724 DataDesigner.Core.CodeGenerator.EnumCodeGenerator.AddType [DEBUG] [EnumCodeGenerator] Code generated 
2024-12-19 23:34:24.4724 DataDesigner.Core.CodeGenerator.ClassCodeGenerator.AddClass [INFO] ////////////////////////////////////////////////////////// 
2024-12-19 23:34:24.4724 DataDesigner.Core.CodeGenerator.ClassCodeGenerator.AddClass [INFO] [ClassCodeGenerator] Generating start 
2024-12-19 23:34:53.0881 DataDesigner.Core.CodeGenerator.EnumCodeGenerator.Initialize [INFO] EnumCodeGenerator initialized. 
2024-12-19 23:34:53.5075 DataDesigner.Core.CodeGenerator.ClassCodeGenerator.Initialize [INFO] ClassCodeGenerator initialized. 
2024-12-19 23:34:53.5075 DataDesigner.Core.CodeGenerator.EnumCodeGenerator.AddType [DEBUG] ////////////////////////////////////////////////////////// 
2024-12-19 23:34:53.5075 DataDesigner.Core.CodeGenerator.EnumCodeGenerator.AddType [DEBUG] [EnumCodeGenerator] Generating start 
2024-12-19 23:34:54.0241 DataDesigner.Core.CodeGenerator.EnumCodeGenerator.AddType [DEBUG] [EnumCodeGenerator] Code generated 
2024-12-19 23:34:54.0241 DataDesigner.Core.CodeGenerator.EnumCodeGenerator.AddType [DEBUG] ////////////////////////////////////////////////////////// 
2024-12-19 23:34:54.0241 DataDesigner.Core.CodeGenerator.EnumCodeGenerator.AddType [DEBUG] [EnumCodeGenerator] Generating start 
2024-12-19 23:34:54.0684 DataDesigner.Core.CodeGenerator.EnumCodeGenerator.AddType [DEBUG] [EnumCodeGenerator] Code generated 
2024-12-19 23:34:54.0684 DataDesigner.Core.CodeGenerator.ClassCodeGenerator.AddClass [INFO] ////////////////////////////////////////////////////////// 
2024-12-19 23:34:54.0684 DataDesigner.Core.CodeGenerator.ClassCodeGenerator.AddClass [INFO] [ClassCodeGenerator] Generating start 
2024-12-19 23:36:53.5749 DataDesigner.Core.CodeGenerator.EnumCodeGenerator.Initialize [INFO] EnumCodeGenerator initialized. 
2024-12-19 23:36:53.9794 DataDesigner.Core.CodeGenerator.ClassCodeGenerator.Initialize [INFO] ClassCodeGenerator initialized. 
2024-12-19 23:36:53.9794 DataDesigner.Core.CodeGenerator.EnumCodeGenerator.AddType [DEBUG] ////////////////////////////////////////////////////////// 
2024-12-19 23:36:53.9794 DataDesigner.Core.CodeGenerator.EnumCodeGenerator.AddType [DEBUG] [EnumCodeGenerator] Generating start 
2024-12-19 23:36:54.4834 DataDesigner.Core.CodeGenerator.EnumCodeGenerator.AddType [DEBUG] [EnumCodeGenerator] Code generated 
2024-12-19 23:36:54.4834 DataDesigner.Core.CodeGenerator.EnumCodeGenerator.AddType [DEBUG] ////////////////////////////////////////////////////////// 
2024-12-19 23:36:54.4834 DataDesigner.Core.CodeGenerator.EnumCodeGenerator.AddType [DEBUG] [EnumCodeGenerator] Generating start 
2024-12-19 23:36:54.5220 DataDesigner.Core.CodeGenerator.EnumCodeGenerator.AddType [DEBUG] [EnumCodeGenerator] Code generated 
2024-12-19 23:36:54.5220 DataDesigner.Core.CodeGenerator.ClassCodeGenerator.AddClass [INFO] ////////////////////////////////////////////////////////// 
2024-12-19 23:36:54.5220 DataDesigner.Core.CodeGenerator.ClassCodeGenerator.AddClass [INFO] [ClassCodeGenerator] Generating start 
2024-12-19 23:36:54.7577 DataDesigner.Core.CodeGenerator.ClassCodeGenerator.AddClass [INFO] [ClassCodeGenerator] Code generated 
2024-12-19 23:37:12.9042 DataDesigner.Core.CodeGenerator.EnumCodeGenerator.Initialize [INFO] EnumCodeGenerator initialized. 
2024-12-19 23:37:13.4389 DataDesigner.Core.CodeGenerator.ClassCodeGenerator.Initialize [INFO] ClassCodeGenerator initialized. 
2024-12-19 23:37:13.4389 DataDesigner.Core.CodeGenerator.EnumCodeGenerator.AddType [DEBUG] ////////////////////////////////////////////////////////// 
2024-12-19 23:37:13.4389 DataDesigner.Core.CodeGenerator.EnumCodeGenerator.AddType [DEBUG] [EnumCodeGenerator] Generating start 
2024-12-19 23:37:13.9358 DataDesigner.Core.CodeGenerator.EnumCodeGenerator.AddType [DEBUG] [EnumCodeGenerator] Code generated 
2024-12-19 23:37:13.9358 DataDesigner.Core.CodeGenerator.EnumCodeGenerator.AddType [DEBUG] ////////////////////////////////////////////////////////// 
2024-12-19 23:37:13.9358 DataDesigner.Core.CodeGenerator.EnumCodeGenerator.AddType [DEBUG] [EnumCodeGenerator] Generating start 
2024-12-19 23:37:13.9731 DataDesigner.Core.CodeGenerator.EnumCodeGenerator.AddType [DEBUG] [EnumCodeGenerator] Code generated 
2024-12-19 23:37:13.9731 DataDesigner.Core.CodeGenerator.ClassCodeGenerator.AddClass [INFO] ////////////////////////////////////////////////////////// 
2024-12-19 23:37:13.9731 DataDesigner.Core.CodeGenerator.ClassCodeGenerator.AddClass [INFO] [ClassCodeGenerator] Generating start 
2024-12-19 23:37:19.6269 DataDesigner.Core.CodeGenerator.EnumCodeGenerator.Initialize [INFO] EnumCodeGenerator initialized. 
2024-12-19 23:37:20.0648 DataDesigner.Core.CodeGenerator.ClassCodeGenerator.Initialize [INFO] ClassCodeGenerator initialized. 
2024-12-19 23:37:20.0648 DataDesigner.Core.CodeGenerator.EnumCodeGenerator.AddType [DEBUG] ////////////////////////////////////////////////////////// 
2024-12-19 23:37:20.0648 DataDesigner.Core.CodeGenerator.EnumCodeGenerator.AddType [DEBUG] [EnumCodeGenerator] Generating start 
2024-12-19 23:37:20.5877 DataDesigner.Core.CodeGenerator.EnumCodeGenerator.AddType [DEBUG] [EnumCodeGenerator] Code generated 
2024-12-19 23:37:20.5877 DataDesigner.Core.CodeGenerator.EnumCodeGenerator.AddType [DEBUG] ////////////////////////////////////////////////////////// 
2024-12-19 23:37:20.5877 DataDesigner.Core.CodeGenerator.EnumCodeGenerator.AddType [DEBUG] [EnumCodeGenerator] Generating start 
2024-12-19 23:37:20.6249 DataDesigner.Core.CodeGenerator.EnumCodeGenerator.AddType [DEBUG] [EnumCodeGenerator] Code generated 
2024-12-19 23:37:20.6318 DataDesigner.Core.CodeGenerator.ClassCodeGenerator.AddClass [INFO] ////////////////////////////////////////////////////////// 
2024-12-19 23:37:20.6318 DataDesigner.Core.CodeGenerator.ClassCodeGenerator.AddClass [INFO] [ClassCodeGenerator] Generating start 
2024-12-19 23:37:29.0824 DataDesigner.Core.CodeGenerator.EnumCodeGenerator.Initialize [INFO] EnumCodeGenerator initialized. 
2024-12-19 23:37:29.5513 DataDesigner.Core.CodeGenerator.ClassCodeGenerator.Initialize [INFO] ClassCodeGenerator initialized. 
2024-12-19 23:37:29.5513 DataDesigner.Core.CodeGenerator.EnumCodeGenerator.AddType [DEBUG] ////////////////////////////////////////////////////////// 
2024-12-19 23:37:29.5513 DataDesigner.Core.CodeGenerator.EnumCodeGenerator.AddType [DEBUG] [EnumCodeGenerator] Generating start 
2024-12-19 23:37:30.0597 DataDesigner.Core.CodeGenerator.EnumCodeGenerator.AddType [DEBUG] [EnumCodeGenerator] Code generated 
2024-12-19 23:37:30.0597 DataDesigner.Core.CodeGenerator.EnumCodeGenerator.AddType [DEBUG] ////////////////////////////////////////////////////////// 
2024-12-19 23:37:30.0597 DataDesigner.Core.CodeGenerator.EnumCodeGenerator.AddType [DEBUG] [EnumCodeGenerator] Generating start 
2024-12-19 23:37:30.0963 DataDesigner.Core.CodeGenerator.EnumCodeGenerator.AddType [DEBUG] [EnumCodeGenerator] Code generated 
2024-12-19 23:37:30.0963 DataDesigner.Core.CodeGenerator.ClassCodeGenerator.AddClass [INFO] ////////////////////////////////////////////////////////// 
2024-12-19 23:37:30.0963 DataDesigner.Core.CodeGenerator.ClassCodeGenerator.AddClass [INFO] [ClassCodeGenerator] Generating start 
2024-12-19 23:37:37.2701 DataDesigner.Core.CodeGenerator.EnumCodeGenerator.Initialize [INFO] EnumCodeGenerator initialized. 
2024-12-19 23:37:37.7177 DataDesigner.Core.CodeGenerator.ClassCodeGenerator.Initialize [INFO] ClassCodeGenerator initialized. 
2024-12-19 23:37:37.7177 DataDesigner.Core.CodeGenerator.EnumCodeGenerator.AddType [DEBUG] ////////////////////////////////////////////////////////// 
2024-12-19 23:37:37.7177 DataDesigner.Core.CodeGenerator.EnumCodeGenerator.AddType [DEBUG] [EnumCodeGenerator] Generating start 
2024-12-19 23:37:38.2237 DataDesigner.Core.CodeGenerator.EnumCodeGenerator.AddType [DEBUG] [EnumCodeGenerator] Code generated 
2024-12-19 23:37:38.2237 DataDesigner.Core.CodeGenerator.EnumCodeGenerator.AddType [DEBUG] ////////////////////////////////////////////////////////// 
2024-12-19 23:37:38.2237 DataDesigner.Core.CodeGenerator.EnumCodeGenerator.AddType [DEBUG] [EnumCodeGenerator] Generating start 
2024-12-19 23:37:38.2598 DataDesigner.Core.CodeGenerator.EnumCodeGenerator.AddType [DEBUG] [EnumCodeGenerator] Code generated 
2024-12-19 23:37:38.2598 DataDesigner.Core.CodeGenerator.ClassCodeGenerator.AddClass [INFO] ////////////////////////////////////////////////////////// 
2024-12-19 23:37:38.2676 DataDesigner.Core.CodeGenerator.ClassCodeGenerator.AddClass [INFO] [ClassCodeGenerator] Generating start 
2024-12-19 23:39:59.4564 DataDesigner.Core.CodeGenerator.EnumCodeGenerator.Initialize [INFO] EnumCodeGenerator initialized. 
2024-12-19 23:39:59.8872 DataDesigner.Core.CodeGenerator.ClassCodeGenerator.Initialize [INFO] ClassCodeGenerator initialized. 
2024-12-19 23:39:59.8872 DataDesigner.Core.CodeGenerator.EnumCodeGenerator.AddType [DEBUG] ////////////////////////////////////////////////////////// 
2024-12-19 23:39:59.8872 DataDesigner.Core.CodeGenerator.EnumCodeGenerator.AddType [DEBUG] [EnumCodeGenerator] Generating start 
2024-12-19 23:40:00.4482 DataDesigner.Core.CodeGenerator.EnumCodeGenerator.AddType [DEBUG] [EnumCodeGenerator] Code generated 
2024-12-19 23:40:00.4482 DataDesigner.Core.CodeGenerator.EnumCodeGenerator.AddType [DEBUG] ////////////////////////////////////////////////////////// 
2024-12-19 23:40:00.4482 DataDesigner.Core.CodeGenerator.EnumCodeGenerator.AddType [DEBUG] [EnumCodeGenerator] Generating start 
2024-12-19 23:40:00.4861 DataDesigner.Core.CodeGenerator.EnumCodeGenerator.AddType [DEBUG] [EnumCodeGenerator] Code generated 
2024-12-19 23:40:00.4861 DataDesigner.Core.CodeGenerator.ClassCodeGenerator.AddClass [INFO] ////////////////////////////////////////////////////////// 
2024-12-19 23:40:00.4861 DataDesigner.Core.CodeGenerator.ClassCodeGenerator.AddClass [INFO] [ClassCodeGenerator] Generating start 
2024-12-19 23:40:05.7780 DataDesigner.Core.CodeGenerator.EnumCodeGenerator.Initialize [INFO] EnumCodeGenerator initialized. 
2024-12-19 23:40:06.2779 DataDesigner.Core.CodeGenerator.ClassCodeGenerator.Initialize [INFO] ClassCodeGenerator initialized. 
2024-12-19 23:40:06.2779 DataDesigner.Core.CodeGenerator.EnumCodeGenerator.AddType [DEBUG] ////////////////////////////////////////////////////////// 
2024-12-19 23:40:06.2779 DataDesigner.Core.CodeGenerator.EnumCodeGenerator.AddType [DEBUG] [EnumCodeGenerator] Generating start 
2024-12-19 23:40:06.7868 DataDesigner.Core.CodeGenerator.EnumCodeGenerator.AddType [DEBUG] [EnumCodeGenerator] Code generated 
2024-12-19 23:40:06.7868 DataDesigner.Core.CodeGenerator.EnumCodeGenerator.AddType [DEBUG] ////////////////////////////////////////////////////////// 
2024-12-19 23:40:06.7868 DataDesigner.Core.CodeGenerator.EnumCodeGenerator.AddType [DEBUG] [EnumCodeGenerator] Generating start 
2024-12-19 23:40:06.8257 DataDesigner.Core.CodeGenerator.EnumCodeGenerator.AddType [DEBUG] [EnumCodeGenerator] Code generated 
2024-12-19 23:40:06.8327 DataDesigner.Core.CodeGenerator.ClassCodeGenerator.AddClass [INFO] ////////////////////////////////////////////////////////// 
2024-12-19 23:40:06.8327 DataDesigner.Core.CodeGenerator.ClassCodeGenerator.AddClass [INFO] [ClassCodeGenerator] Generating start 
2024-12-19 23:40:15.7901 DataDesigner.Core.CodeGenerator.EnumCodeGenerator.Initialize [INFO] EnumCodeGenerator initialized. 
2024-12-19 23:40:16.2595 DataDesigner.Core.CodeGenerator.ClassCodeGenerator.Initialize [INFO] ClassCodeGenerator initialized. 
2024-12-19 23:40:16.2595 DataDesigner.Core.CodeGenerator.EnumCodeGenerator.AddType [DEBUG] ////////////////////////////////////////////////////////// 
2024-12-19 23:40:16.2595 DataDesigner.Core.CodeGenerator.EnumCodeGenerator.AddType [DEBUG] [EnumCodeGenerator] Generating start 
2024-12-19 23:40:16.7776 DataDesigner.Core.CodeGenerator.EnumCodeGenerator.AddType [DEBUG] [EnumCodeGenerator] Code generated 
2024-12-19 23:40:16.7776 DataDesigner.Core.CodeGenerator.EnumCodeGenerator.AddType [DEBUG] ////////////////////////////////////////////////////////// 
2024-12-19 23:40:16.7776 DataDesigner.Core.CodeGenerator.EnumCodeGenerator.AddType [DEBUG] [EnumCodeGenerator] Generating start 
2024-12-19 23:40:16.8145 DataDesigner.Core.CodeGenerator.EnumCodeGenerator.AddType [DEBUG] [EnumCodeGenerator] Code generated 
2024-12-19 23:40:16.8145 DataDesigner.Core.CodeGenerator.ClassCodeGenerator.AddClass [INFO] ////////////////////////////////////////////////////////// 
2024-12-19 23:40:16.8145 DataDesigner.Core.CodeGenerator.ClassCodeGenerator.AddClass [INFO] [ClassCodeGenerator] Generating start 
2024-12-19 23:40:39.5505 DataDesigner.Core.CodeGenerator.EnumCodeGenerator.Initialize [INFO] EnumCodeGenerator initialized. 
2024-12-19 23:40:39.9246 DataDesigner.Core.CodeGenerator.ClassCodeGenerator.Initialize [INFO] ClassCodeGenerator initialized. 
2024-12-19 23:40:39.9246 DataDesigner.Core.CodeGenerator.EnumCodeGenerator.AddType [DEBUG] ////////////////////////////////////////////////////////// 
2024-12-19 23:40:39.9246 DataDesigner.Core.CodeGenerator.EnumCodeGenerator.AddType [DEBUG] [EnumCodeGenerator] Generating start 
2024-12-19 23:40:40.5607 DataDesigner.Core.CodeGenerator.EnumCodeGenerator.AddType [DEBUG] [EnumCodeGenerator] Code generated 
2024-12-19 23:40:40.5607 DataDesigner.Core.CodeGenerator.EnumCodeGenerator.AddType [DEBUG] ////////////////////////////////////////////////////////// 
2024-12-19 23:40:40.5607 DataDesigner.Core.CodeGenerator.EnumCodeGenerator.AddType [DEBUG] [EnumCodeGenerator] Generating start 
2024-12-19 23:40:40.6009 DataDesigner.Core.CodeGenerator.EnumCodeGenerator.AddType [DEBUG] [EnumCodeGenerator] Code generated 
2024-12-19 23:40:40.6110 DataDesigner.Core.CodeGenerator.ClassCodeGenerator.AddClass [INFO] ////////////////////////////////////////////////////////// 
2024-12-19 23:40:40.6110 DataDesigner.Core.CodeGenerator.ClassCodeGenerator.AddClass [INFO] [ClassCodeGenerator] Generating start 
2024-12-19 23:43:17.3338 DataDesigner.Core.CodeGenerator.EnumCodeGenerator.Initialize [INFO] EnumCodeGenerator initialized. 
2024-12-19 23:43:17.8382 DataDesigner.Core.CodeGenerator.ClassCodeGenerator.Initialize [INFO] ClassCodeGenerator initialized. 
2024-12-19 23:43:17.8382 DataDesigner.Core.CodeGenerator.EnumCodeGenerator.AddType [DEBUG] ////////////////////////////////////////////////////////// 
2024-12-19 23:43:17.8382 DataDesigner.Core.CodeGenerator.EnumCodeGenerator.AddType [DEBUG] [EnumCodeGenerator] Generating start 
2024-12-19 23:43:18.4664 DataDesigner.Core.CodeGenerator.EnumCodeGenerator.AddType [DEBUG] [EnumCodeGenerator] Code generated 
2024-12-19 23:43:18.4664 DataDesigner.Core.CodeGenerator.EnumCodeGenerator.AddType [DEBUG] ////////////////////////////////////////////////////////// 
2024-12-19 23:43:18.4664 DataDesigner.Core.CodeGenerator.EnumCodeGenerator.AddType [DEBUG] [EnumCodeGenerator] Generating start 
2024-12-19 23:43:18.5028 DataDesigner.Core.CodeGenerator.EnumCodeGenerator.AddType [DEBUG] [EnumCodeGenerator] Code generated 
2024-12-19 23:43:18.5028 DataDesigner.Core.CodeGenerator.ClassCodeGenerator.AddClass [INFO] ////////////////////////////////////////////////////////// 
2024-12-19 23:43:18.5028 DataDesigner.Core.CodeGenerator.ClassCodeGenerator.AddClass [INFO] [ClassCodeGenerator] Generating start 
2024-12-19 23:43:18.7165 DataDesigner.Core.CodeGenerator.ClassCodeGenerator.AddClass [INFO] [ClassCodeGenerator] Code generated 
2024-12-19 23:43:50.4486 DataDesigner.Core.CodeGenerator.EnumCodeGenerator.Initialize [INFO] EnumCodeGenerator initialized. 
2024-12-19 23:43:50.8805 DataDesigner.Core.CodeGenerator.ClassCodeGenerator.Initialize [INFO] ClassCodeGenerator initialized. 
2024-12-19 23:43:50.8805 DataDesigner.Core.CodeGenerator.EnumCodeGenerator.AddType [DEBUG] ////////////////////////////////////////////////////////// 
2024-12-19 23:43:50.8805 DataDesigner.Core.CodeGenerator.EnumCodeGenerator.AddType [DEBUG] [EnumCodeGenerator] Generating start 
2024-12-19 23:43:51.3948 DataDesigner.Core.CodeGenerator.EnumCodeGenerator.AddType [DEBUG] [EnumCodeGenerator] Code generated 
2024-12-19 23:43:51.3948 DataDesigner.Core.CodeGenerator.EnumCodeGenerator.AddType [DEBUG] ////////////////////////////////////////////////////////// 
2024-12-19 23:43:51.3948 DataDesigner.Core.CodeGenerator.EnumCodeGenerator.AddType [DEBUG] [EnumCodeGenerator] Generating start 
2024-12-19 23:43:51.4323 DataDesigner.Core.CodeGenerator.EnumCodeGenerator.AddType [DEBUG] [EnumCodeGenerator] Code generated 
2024-12-19 23:43:51.4399 DataDesigner.Core.CodeGenerator.ClassCodeGenerator.AddClass [INFO] ////////////////////////////////////////////////////////// 
2024-12-19 23:43:51.4399 DataDesigner.Core.CodeGenerator.ClassCodeGenerator.AddClass [INFO] [ClassCodeGenerator] Generating start 
2024-12-19 23:43:51.6479 DataDesigner.Core.CodeGenerator.ClassCodeGenerator.AddClass [INFO] [ClassCodeGenerator] Code generated 
2024-12-19 23:44:44.2523 DataDesigner.Core.CodeGenerator.EnumCodeGenerator.Initialize [INFO] EnumCodeGenerator initialized. 
2024-12-19 23:44:44.6892 DataDesigner.Core.CodeGenerator.ClassCodeGenerator.Initialize [INFO] ClassCodeGenerator initialized. 
2024-12-19 23:44:44.6892 DataDesigner.Core.CodeGenerator.EnumCodeGenerator.AddType [DEBUG] ////////////////////////////////////////////////////////// 
2024-12-19 23:44:44.6892 DataDesigner.Core.CodeGenerator.EnumCodeGenerator.AddType [DEBUG] [EnumCodeGenerator] Generating start 
2024-12-19 23:44:45.2276 DataDesigner.Core.CodeGenerator.EnumCodeGenerator.AddType [DEBUG] [EnumCodeGenerator] Code generated 
2024-12-19 23:44:45.2276 DataDesigner.Core.CodeGenerator.EnumCodeGenerator.AddType [DEBUG] ////////////////////////////////////////////////////////// 
2024-12-19 23:44:45.2276 DataDesigner.Core.CodeGenerator.EnumCodeGenerator.AddType [DEBUG] [EnumCodeGenerator] Generating start 
2024-12-19 23:44:45.2638 DataDesigner.Core.CodeGenerator.EnumCodeGenerator.AddType [DEBUG] [EnumCodeGenerator] Code generated 
2024-12-19 23:44:45.2715 DataDesigner.Core.CodeGenerator.ClassCodeGenerator.AddClass [INFO] ////////////////////////////////////////////////////////// 
2024-12-19 23:44:45.2715 DataDesigner.Core.CodeGenerator.ClassCodeGenerator.AddClass [INFO] [ClassCodeGenerator] Generating start 
2024-12-19 23:44:45.4930 DataDesigner.Core.CodeGenerator.ClassCodeGenerator.AddClass [INFO] [ClassCodeGenerator] Code generated 
2024-12-19 23:47:00.8783 DataDesigner.Core.CodeGenerator.EnumCodeGenerator.Initialize [INFO] EnumCodeGenerator initialized. 
2024-12-19 23:47:01.3005 DataDesigner.Core.CodeGenerator.ClassCodeGenerator.Initialize [INFO] ClassCodeGenerator initialized. 
2024-12-19 23:47:01.3005 DataDesigner.Core.CodeGenerator.EnumCodeGenerator.AddType [DEBUG] ////////////////////////////////////////////////////////// 
2024-12-19 23:47:01.3005 DataDesigner.Core.CodeGenerator.EnumCodeGenerator.AddType [DEBUG] [EnumCodeGenerator] Generating start 
2024-12-19 23:47:01.7988 DataDesigner.Core.CodeGenerator.EnumCodeGenerator.AddType [DEBUG] [EnumCodeGenerator] Code generated 
2024-12-19 23:47:01.7988 DataDesigner.Core.CodeGenerator.EnumCodeGenerator.AddType [DEBUG] ////////////////////////////////////////////////////////// 
2024-12-19 23:47:01.7988 DataDesigner.Core.CodeGenerator.EnumCodeGenerator.AddType [DEBUG] [EnumCodeGenerator] Generating start 
2024-12-19 23:47:01.8366 DataDesigner.Core.CodeGenerator.EnumCodeGenerator.AddType [DEBUG] [EnumCodeGenerator] Code generated 
2024-12-19 23:47:01.8366 DataDesigner.Core.CodeGenerator.ClassCodeGenerator.AddClass [INFO] ////////////////////////////////////////////////////////// 
2024-12-19 23:47:01.8458 DataDesigner.Core.CodeGenerator.ClassCodeGenerator.AddClass [INFO] [ClassCodeGenerator] Generating start 
2024-12-19 23:47:02.0548 DataDesigner.Core.CodeGenerator.ClassCodeGenerator.AddClass [INFO] [ClassCodeGenerator] Code generated 
2024-12-19 23:51:03.6753 DataDesigner.Core.CodeGenerator.EnumCodeGenerator.Initialize [INFO] EnumCodeGenerator initialized. 
2024-12-19 23:51:04.0962 DataDesigner.Core.CodeGenerator.ClassCodeGenerator.Initialize [INFO] ClassCodeGenerator initialized. 
2024-12-19 23:51:04.0962 DataDesigner.Core.CodeGenerator.EnumCodeGenerator.AddType [DEBUG] ////////////////////////////////////////////////////////// 
2024-12-19 23:51:04.0962 DataDesigner.Core.CodeGenerator.EnumCodeGenerator.AddType [DEBUG] [EnumCodeGenerator] Generating start 
2024-12-19 23:51:04.6407 DataDesigner.Core.CodeGenerator.EnumCodeGenerator.AddType [DEBUG] [EnumCodeGenerator] Code generated 
2024-12-19 23:51:04.6407 DataDesigner.Core.CodeGenerator.EnumCodeGenerator.AddType [DEBUG] ////////////////////////////////////////////////////////// 
2024-12-19 23:51:04.6407 DataDesigner.Core.CodeGenerator.EnumCodeGenerator.AddType [DEBUG] [EnumCodeGenerator] Generating start 
2024-12-19 23:51:04.6846 DataDesigner.Core.CodeGenerator.EnumCodeGenerator.AddType [DEBUG] [EnumCodeGenerator] Code generated 
2024-12-19 23:51:04.6939 DataDesigner.Core.CodeGenerator.ClassCodeGenerator.AddClass [INFO] ////////////////////////////////////////////////////////// 
2024-12-19 23:51:04.6939 DataDesigner.Core.CodeGenerator.ClassCodeGenerator.AddClass [INFO] [ClassCodeGenerator] Generating start 
2024-12-19 23:51:04.9201 DataDesigner.Core.CodeGenerator.ClassCodeGenerator.AddClass [INFO] [ClassCodeGenerator] Code generated 
2024-12-19 23:51:30.0973 DataDesigner.Core.CodeGenerator.EnumCodeGenerator.Initialize [INFO] EnumCodeGenerator initialized. 
2024-12-19 23:51:30.6413 DataDesigner.Core.CodeGenerator.ClassCodeGenerator.Initialize [INFO] ClassCodeGenerator initialized. 
2024-12-19 23:51:30.6437 DataDesigner.Core.CodeGenerator.EnumCodeGenerator.AddType [DEBUG] ////////////////////////////////////////////////////////// 
2024-12-19 23:51:30.6437 DataDesigner.Core.CodeGenerator.EnumCodeGenerator.AddType [DEBUG] [EnumCodeGenerator] Generating start 
2024-12-19 23:51:31.1788 DataDesigner.Core.CodeGenerator.EnumCodeGenerator.AddType [DEBUG] [EnumCodeGenerator] Code generated 
2024-12-19 23:51:31.1788 DataDesigner.Core.CodeGenerator.EnumCodeGenerator.AddType [DEBUG] ////////////////////////////////////////////////////////// 
2024-12-19 23:51:31.1788 DataDesigner.Core.CodeGenerator.EnumCodeGenerator.AddType [DEBUG] [EnumCodeGenerator] Generating start 
2024-12-19 23:51:31.2167 DataDesigner.Core.CodeGenerator.EnumCodeGenerator.AddType [DEBUG] [EnumCodeGenerator] Code generated 
2024-12-19 23:51:31.2245 DataDesigner.Core.CodeGenerator.ClassCodeGenerator.AddClass [INFO] ////////////////////////////////////////////////////////// 
2024-12-19 23:51:31.2245 DataDesigner.Core.CodeGenerator.ClassCodeGenerator.AddClass [INFO] [ClassCodeGenerator] Generating start 
2024-12-19 23:51:31.4237 DataDesigner.Core.CodeGenerator.ClassCodeGenerator.AddClass [INFO] [ClassCodeGenerator] Code generated 
2024-12-19 23:51:57.1453 DataDesigner.Core.CodeGenerator.EnumCodeGenerator.Initialize [INFO] EnumCodeGenerator initialized. 
2024-12-19 23:51:57.5917 DataDesigner.Core.CodeGenerator.ClassCodeGenerator.Initialize [INFO] ClassCodeGenerator initialized. 
2024-12-19 23:51:57.5917 DataDesigner.Core.CodeGenerator.EnumCodeGenerator.AddType [DEBUG] ////////////////////////////////////////////////////////// 
2024-12-19 23:51:57.5948 DataDesigner.Core.CodeGenerator.EnumCodeGenerator.AddType [DEBUG] [EnumCodeGenerator] Generating start 
2024-12-19 23:51:58.1186 DataDesigner.Core.CodeGenerator.EnumCodeGenerator.AddType [DEBUG] [EnumCodeGenerator] Code generated 
2024-12-19 23:51:58.1186 DataDesigner.Core.CodeGenerator.EnumCodeGenerator.AddType [DEBUG] ////////////////////////////////////////////////////////// 
2024-12-19 23:51:58.1186 DataDesigner.Core.CodeGenerator.EnumCodeGenerator.AddType [DEBUG] [EnumCodeGenerator] Generating start 
2024-12-19 23:51:58.2026 DataDesigner.Core.CodeGenerator.EnumCodeGenerator.AddType [DEBUG] [EnumCodeGenerator] Code generated 
2024-12-19 23:51:58.2106 DataDesigner.Core.CodeGenerator.ClassCodeGenerator.AddClass [INFO] ////////////////////////////////////////////////////////// 
2024-12-19 23:51:58.2106 DataDesigner.Core.CodeGenerator.ClassCodeGenerator.AddClass [INFO] [ClassCodeGenerator] Generating start 
2024-12-19 23:51:58.3914 DataDesigner.Core.CodeGenerator.ClassCodeGenerator.AddClass [INFO] [ClassCodeGenerator] Code generated 
2024-12-19 23:52:04.0134 DataDesigner.Core.CodeGenerator.EnumCodeGenerator.Initialize [INFO] EnumCodeGenerator initialized. 
2024-12-19 23:52:04.4557 DataDesigner.Core.CodeGenerator.ClassCodeGenerator.Initialize [INFO] ClassCodeGenerator initialized. 
2024-12-19 23:52:04.4557 DataDesigner.Core.CodeGenerator.EnumCodeGenerator.AddType [DEBUG] ////////////////////////////////////////////////////////// 
2024-12-19 23:52:04.4557 DataDesigner.Core.CodeGenerator.EnumCodeGenerator.AddType [DEBUG] [EnumCodeGenerator] Generating start 
2024-12-19 23:52:05.0969 DataDesigner.Core.CodeGenerator.EnumCodeGenerator.AddType [DEBUG] [EnumCodeGenerator] Code generated 
2024-12-19 23:52:05.0969 DataDesigner.Core.CodeGenerator.EnumCodeGenerator.AddType [DEBUG] ////////////////////////////////////////////////////////// 
2024-12-19 23:52:05.0969 DataDesigner.Core.CodeGenerator.EnumCodeGenerator.AddType [DEBUG] [EnumCodeGenerator] Generating start 
2024-12-19 23:52:05.1406 DataDesigner.Core.CodeGenerator.EnumCodeGenerator.AddType [DEBUG] [EnumCodeGenerator] Code generated 
2024-12-19 23:52:05.1493 DataDesigner.Core.CodeGenerator.ClassCodeGenerator.AddClass [INFO] ////////////////////////////////////////////////////////// 
2024-12-19 23:52:05.1493 DataDesigner.Core.CodeGenerator.ClassCodeGenerator.AddClass [INFO] [ClassCodeGenerator] Generating start 
2024-12-19 23:52:05.3484 DataDesigner.Core.CodeGenerator.ClassCodeGenerator.AddClass [INFO] [ClassCodeGenerator] Code generated 
2024-12-19 23:52:26.7472 DataDesigner.Core.CodeGenerator.EnumCodeGenerator.Initialize [INFO] EnumCodeGenerator initialized. 
2024-12-19 23:52:27.2633 DataDesigner.Core.CodeGenerator.ClassCodeGenerator.Initialize [INFO] ClassCodeGenerator initialized. 
2024-12-19 23:52:27.2633 DataDesigner.Core.CodeGenerator.EnumCodeGenerator.AddType [DEBUG] ////////////////////////////////////////////////////////// 
2024-12-19 23:52:27.2633 DataDesigner.Core.CodeGenerator.EnumCodeGenerator.AddType [DEBUG] [EnumCodeGenerator] Generating start 
2024-12-19 23:52:27.7796 DataDesigner.Core.CodeGenerator.EnumCodeGenerator.AddType [DEBUG] [EnumCodeGenerator] Code generated 
2024-12-19 23:52:27.7796 DataDesigner.Core.CodeGenerator.EnumCodeGenerator.AddType [DEBUG] ////////////////////////////////////////////////////////// 
2024-12-19 23:52:27.7796 DataDesigner.Core.CodeGenerator.EnumCodeGenerator.AddType [DEBUG] [EnumCodeGenerator] Generating start 
2024-12-19 23:52:27.8161 DataDesigner.Core.CodeGenerator.EnumCodeGenerator.AddType [DEBUG] [EnumCodeGenerator] Code generated 
2024-12-19 23:52:27.8161 DataDesigner.Core.CodeGenerator.ClassCodeGenerator.AddClass [INFO] ////////////////////////////////////////////////////////// 
2024-12-19 23:52:27.8161 DataDesigner.Core.CodeGenerator.ClassCodeGenerator.AddClass [INFO] [ClassCodeGenerator] Generating start 
2024-12-19 23:52:28.0500 DataDesigner.Core.CodeGenerator.ClassCodeGenerator.AddClass [INFO] [ClassCodeGenerator] Code generated 
2024-12-19 23:52:45.5333 DataDesigner.Core.CodeGenerator.EnumCodeGenerator.Initialize [INFO] EnumCodeGenerator initialized. 
2024-12-19 23:52:45.9778 DataDesigner.Core.CodeGenerator.ClassCodeGenerator.Initialize [INFO] ClassCodeGenerator initialized. 
2024-12-19 23:52:45.9778 DataDesigner.Core.CodeGenerator.EnumCodeGenerator.AddType [DEBUG] ////////////////////////////////////////////////////////// 
2024-12-19 23:52:45.9778 DataDesigner.Core.CodeGenerator.EnumCodeGenerator.AddType [DEBUG] [EnumCodeGenerator] Generating start 
2024-12-19 23:52:46.5293 DataDesigner.Core.CodeGenerator.EnumCodeGenerator.AddType [DEBUG] [EnumCodeGenerator] Code generated 
2024-12-19 23:52:46.5293 DataDesigner.Core.CodeGenerator.EnumCodeGenerator.AddType [DEBUG] ////////////////////////////////////////////////////////// 
2024-12-19 23:52:46.5293 DataDesigner.Core.CodeGenerator.EnumCodeGenerator.AddType [DEBUG] [EnumCodeGenerator] Generating start 
2024-12-19 23:52:46.5718 DataDesigner.Core.CodeGenerator.EnumCodeGenerator.AddType [DEBUG] [EnumCodeGenerator] Code generated 
2024-12-19 23:52:46.5824 DataDesigner.Core.CodeGenerator.ClassCodeGenerator.AddClass [INFO] ////////////////////////////////////////////////////////// 
2024-12-19 23:52:46.5824 DataDesigner.Core.CodeGenerator.ClassCodeGenerator.AddClass [INFO] [ClassCodeGenerator] Generating start 
2024-12-19 23:52:46.8112 DataDesigner.Core.CodeGenerator.ClassCodeGenerator.AddClass [INFO] [ClassCodeGenerator] Code generated 
2024-12-19 23:53:10.0711 DataDesigner.Core.CodeGenerator.EnumCodeGenerator.Initialize [INFO] EnumCodeGenerator initialized. 
2024-12-19 23:53:10.4552 DataDesigner.Core.CodeGenerator.ClassCodeGenerator.Initialize [INFO] ClassCodeGenerator initialized. 
2024-12-19 23:53:10.4552 DataDesigner.Core.CodeGenerator.EnumCodeGenerator.AddType [DEBUG] ////////////////////////////////////////////////////////// 
2024-12-19 23:53:10.4552 DataDesigner.Core.CodeGenerator.EnumCodeGenerator.AddType [DEBUG] [EnumCodeGenerator] Generating start 
2024-12-19 23:53:10.9800 DataDesigner.Core.CodeGenerator.EnumCodeGenerator.AddType [DEBUG] [EnumCodeGenerator] Code generated 
2024-12-19 23:53:10.9800 DataDesigner.Core.CodeGenerator.EnumCodeGenerator.AddType [DEBUG] ////////////////////////////////////////////////////////// 
2024-12-19 23:53:10.9800 DataDesigner.Core.CodeGenerator.EnumCodeGenerator.AddType [DEBUG] [EnumCodeGenerator] Generating start 
2024-12-19 23:53:11.0164 DataDesigner.Core.CodeGenerator.EnumCodeGenerator.AddType [DEBUG] [EnumCodeGenerator] Code generated 
2024-12-19 23:53:11.0238 DataDesigner.Core.CodeGenerator.ClassCodeGenerator.AddClass [INFO] ////////////////////////////////////////////////////////// 
2024-12-19 23:53:11.0238 DataDesigner.Core.CodeGenerator.ClassCodeGenerator.AddClass [INFO] [ClassCodeGenerator] Generating start 
2024-12-19 23:53:11.2440 DataDesigner.Core.CodeGenerator.ClassCodeGenerator.AddClass [INFO] [ClassCodeGenerator] Code generated 
2024-12-19 23:53:21.9833 DataDesigner.Core.CodeGenerator.EnumCodeGenerator.Initialize [INFO] EnumCodeGenerator initialized. 
2024-12-19 23:53:22.4026 DataDesigner.Core.CodeGenerator.ClassCodeGenerator.Initialize [INFO] ClassCodeGenerator initialized. 
2024-12-19 23:53:22.4026 DataDesigner.Core.CodeGenerator.EnumCodeGenerator.AddType [DEBUG] ////////////////////////////////////////////////////////// 
2024-12-19 23:53:22.4026 DataDesigner.Core.CodeGenerator.EnumCodeGenerator.AddType [DEBUG] [EnumCodeGenerator] Generating start 
2024-12-19 23:53:22.9138 DataDesigner.Core.CodeGenerator.EnumCodeGenerator.AddType [DEBUG] [EnumCodeGenerator] Code generated 
2024-12-19 23:53:22.9138 DataDesigner.Core.CodeGenerator.EnumCodeGenerator.AddType [DEBUG] ////////////////////////////////////////////////////////// 
2024-12-19 23:53:22.9138 DataDesigner.Core.CodeGenerator.EnumCodeGenerator.AddType [DEBUG] [EnumCodeGenerator] Generating start 
2024-12-19 23:53:22.9555 DataDesigner.Core.CodeGenerator.EnumCodeGenerator.AddType [DEBUG] [EnumCodeGenerator] Code generated 
2024-12-19 23:53:22.9555 DataDesigner.Core.CodeGenerator.ClassCodeGenerator.AddClass [INFO] ////////////////////////////////////////////////////////// 
2024-12-19 23:53:22.9555 DataDesigner.Core.CodeGenerator.ClassCodeGenerator.AddClass [INFO] [ClassCodeGenerator] Generating start 
2024-12-19 23:53:23.1409 DataDesigner.Core.CodeGenerator.ClassCodeGenerator.AddClass [INFO] [ClassCodeGenerator] Code generated 
2024-12-19 23:54:47.2545 DataDesigner.Core.CodeGenerator.EnumCodeGenerator.Initialize [INFO] EnumCodeGenerator initialized. 
2024-12-19 23:54:48.3954 DataDesigner.Core.CodeGenerator.ClassCodeGenerator.Initialize [INFO] ClassCodeGenerator initialized. 
2024-12-19 23:54:48.3954 DataDesigner.Core.CodeGenerator.EnumCodeGenerator.AddType [DEBUG] ////////////////////////////////////////////////////////// 
2024-12-19 23:54:48.3954 DataDesigner.Core.CodeGenerator.EnumCodeGenerator.AddType [DEBUG] [EnumCodeGenerator] Generating start 
2024-12-19 23:54:48.9051 DataDesigner.Core.CodeGenerator.EnumCodeGenerator.AddType [DEBUG] [EnumCodeGenerator] Code generated 
2024-12-19 23:54:48.9051 DataDesigner.Core.CodeGenerator.EnumCodeGenerator.AddType [DEBUG] ////////////////////////////////////////////////////////// 
2024-12-19 23:54:48.9051 DataDesigner.Core.CodeGenerator.EnumCodeGenerator.AddType [DEBUG] [EnumCodeGenerator] Generating start 
2024-12-19 23:54:48.9441 DataDesigner.Core.CodeGenerator.EnumCodeGenerator.AddType [DEBUG] [EnumCodeGenerator] Code generated 
2024-12-19 23:54:48.9441 DataDesigner.Core.CodeGenerator.ClassCodeGenerator.AddClass [INFO] ////////////////////////////////////////////////////////// 
2024-12-19 23:54:48.9549 DataDesigner.Core.CodeGenerator.ClassCodeGenerator.AddClass [INFO] [ClassCodeGenerator] Generating start 
2024-12-19 23:54:49.1644 DataDesigner.Core.CodeGenerator.ClassCodeGenerator.AddClass [INFO] [ClassCodeGenerator] Code generated 
2024-12-19 23:55:06.1591 DataDesigner.Core.CodeGenerator.EnumCodeGenerator.Initialize [INFO] EnumCodeGenerator initialized. 
2024-12-19 23:55:06.7635 DataDesigner.Core.CodeGenerator.ClassCodeGenerator.Initialize [INFO] ClassCodeGenerator initialized. 
2024-12-19 23:55:06.7635 DataDesigner.Core.CodeGenerator.EnumCodeGenerator.AddType [DEBUG] ////////////////////////////////////////////////////////// 
2024-12-19 23:55:06.7635 DataDesigner.Core.CodeGenerator.EnumCodeGenerator.AddType [DEBUG] [EnumCodeGenerator] Generating start 
2024-12-19 23:55:07.2729 DataDesigner.Core.CodeGenerator.EnumCodeGenerator.AddType [DEBUG] [EnumCodeGenerator] Code generated 
2024-12-19 23:55:07.2729 DataDesigner.Core.CodeGenerator.EnumCodeGenerator.AddType [DEBUG] ////////////////////////////////////////////////////////// 
2024-12-19 23:55:07.2729 DataDesigner.Core.CodeGenerator.EnumCodeGenerator.AddType [DEBUG] [EnumCodeGenerator] Generating start 
2024-12-19 23:55:07.3107 DataDesigner.Core.CodeGenerator.EnumCodeGenerator.AddType [DEBUG] [EnumCodeGenerator] Code generated 
2024-12-19 23:55:07.3187 DataDesigner.Core.CodeGenerator.ClassCodeGenerator.AddClass [INFO] ////////////////////////////////////////////////////////// 
2024-12-19 23:55:07.3187 DataDesigner.Core.CodeGenerator.ClassCodeGenerator.AddClass [INFO] [ClassCodeGenerator] Generating start 
2024-12-19 23:55:07.5495 DataDesigner.Core.CodeGenerator.ClassCodeGenerator.AddClass [INFO] [ClassCodeGenerator] Code generated 
2024-12-19 23:55:33.7138 DataDesigner.Core.CodeGenerator.EnumCodeGenerator.Initialize [INFO] EnumCodeGenerator initialized. 
2024-12-19 23:55:34.1817 DataDesigner.Core.CodeGenerator.ClassCodeGenerator.Initialize [INFO] ClassCodeGenerator initialized. 
2024-12-19 23:55:34.1978 DataDesigner.Core.CodeGenerator.EnumCodeGenerator.AddType [DEBUG] ////////////////////////////////////////////////////////// 
2024-12-19 23:55:34.1978 DataDesigner.Core.CodeGenerator.EnumCodeGenerator.AddType [DEBUG] [EnumCodeGenerator] Generating start 
2024-12-19 23:55:34.7265 DataDesigner.Core.CodeGenerator.EnumCodeGenerator.AddType [DEBUG] [EnumCodeGenerator] Code generated 
2024-12-19 23:55:34.7265 DataDesigner.Core.CodeGenerator.EnumCodeGenerator.AddType [DEBUG] ////////////////////////////////////////////////////////// 
2024-12-19 23:55:34.7265 DataDesigner.Core.CodeGenerator.EnumCodeGenerator.AddType [DEBUG] [EnumCodeGenerator] Generating start 
2024-12-19 23:55:34.8067 DataDesigner.Core.CodeGenerator.EnumCodeGenerator.AddType [DEBUG] [EnumCodeGenerator] Code generated 
2024-12-19 23:55:34.8159 DataDesigner.Core.CodeGenerator.ClassCodeGenerator.AddClass [INFO] ////////////////////////////////////////////////////////// 
2024-12-19 23:55:34.8159 DataDesigner.Core.CodeGenerator.ClassCodeGenerator.AddClass [INFO] [ClassCodeGenerator] Generating start 
2024-12-19 23:55:34.9988 DataDesigner.Core.CodeGenerator.ClassCodeGenerator.AddClass [INFO] [ClassCodeGenerator] Code generated 
2024-12-19 23:56:26.9470 DataDesigner.Core.CodeGenerator.EnumCodeGenerator.Initialize [INFO] EnumCodeGenerator initialized. 
2024-12-19 23:56:27.3315 DataDesigner.Core.CodeGenerator.ClassCodeGenerator.Initialize [INFO] ClassCodeGenerator initialized. 
2024-12-19 23:56:27.3315 DataDesigner.Core.CodeGenerator.EnumCodeGenerator.AddType [DEBUG] ////////////////////////////////////////////////////////// 
2024-12-19 23:56:27.3315 DataDesigner.Core.CodeGenerator.EnumCodeGenerator.AddType [DEBUG] [EnumCodeGenerator] Generating start 
2024-12-19 23:56:27.8316 DataDesigner.Core.CodeGenerator.EnumCodeGenerator.AddType [DEBUG] [EnumCodeGenerator] Code generated 
2024-12-19 23:56:27.8316 DataDesigner.Core.CodeGenerator.EnumCodeGenerator.AddType [DEBUG] ////////////////////////////////////////////////////////// 
2024-12-19 23:56:27.8316 DataDesigner.Core.CodeGenerator.EnumCodeGenerator.AddType [DEBUG] [EnumCodeGenerator] Generating start 
2024-12-19 23:56:27.8692 DataDesigner.Core.CodeGenerator.EnumCodeGenerator.AddType [DEBUG] [EnumCodeGenerator] Code generated 
2024-12-19 23:56:27.8779 DataDesigner.Core.CodeGenerator.ClassCodeGenerator.AddClass [INFO] ////////////////////////////////////////////////////////// 
2024-12-19 23:56:27.8779 DataDesigner.Core.CodeGenerator.ClassCodeGenerator.AddClass [INFO] [ClassCodeGenerator] Generating start 
2024-12-19 23:56:28.0793 DataDesigner.Core.CodeGenerator.ClassCodeGenerator.AddClass [INFO] [ClassCodeGenerator] Code generated 
