2024-12-13 00:03:11.5633 DataDesigner.Core.CodeGenerator.EnumCodeGenerator.Generate [INFO] ////////////////////////////////////////////////////////// 
2024-12-13 00:03:11.5909 DataDesigner.Core.CodeGenerator.EnumCodeGenerator.Generate [INFO] [EnumCodeGenerator] Generating start... 
2024-12-13 00:03:12.3507 DataDesigner.Core.CodeGenerator.EnumCodeGenerator.Generate [INFO] [EnumCodeGenerator] Code generated... 
2024-12-13 00:03:12.3598 DataDesigner.Core.CodeGenerator.ClassCodeGenerator.Generate [INFO] ////////////////////////////////////////////////////////// 
2024-12-13 00:03:12.3598 DataDesigner.Core.CodeGenerator.ClassCodeGenerator.Generate [INFO] [ClassCodeGenerator] Generating start... 
2024-12-13 00:03:12.3732 DataDesigner.Core.CodeGenerator.ClassCodeGenerator.Generate [INFO] [ClassCodeGenerator] Code generated... 
2024-12-13 00:03:21.1570 DataDesigner.Core.CodeGenerator.EnumCodeGenerator.Generate [INFO] ////////////////////////////////////////////////////////// 
2024-12-13 00:03:21.1838 DataDesigner.Core.CodeGenerator.EnumCodeGenerator.Generate [INFO] [EnumCodeGenerator] Generating start... 
2024-12-13 00:03:22.0411 DataDesigner.Core.CodeGenerator.EnumCodeGenerator.Generate [INFO] [EnumCodeGenerator] Code generated... 
2024-12-13 00:03:22.0497 DataDesigner.Core.CodeGenerator.ClassCodeGenerator.Generate [INFO] ////////////////////////////////////////////////////////// 
2024-12-13 00:03:22.0497 DataDesigner.Core.CodeGenerator.ClassCodeGenerator.Generate [INFO] [ClassCodeGenerator] Generating start... 
2024-12-13 00:03:22.0619 DataDesigner.Core.CodeGenerator.ClassCodeGenerator.Generate [INFO] [ClassCodeGenerator] Code generated... 
2024-12-13 00:03:29.7869 DataDesigner.Core.CodeGenerator.EnumCodeGenerator.Generate [INFO] ////////////////////////////////////////////////////////// 
2024-12-13 00:03:29.8208 DataDesigner.Core.CodeGenerator.EnumCodeGenerator.Generate [INFO] [EnumCodeGenerator] Generating start... 
2024-12-13 00:03:30.6227 DataDesigner.Core.CodeGenerator.EnumCodeGenerator.Generate [INFO] [EnumCodeGenerator] Code generated... 
2024-12-13 00:03:30.6306 DataDesigner.Core.CodeGenerator.ClassCodeGenerator.Generate [INFO] ////////////////////////////////////////////////////////// 
2024-12-13 00:03:30.6306 DataDesigner.Core.CodeGenerator.ClassCodeGenerator.Generate [INFO] [ClassCodeGenerator] Generating start... 
2024-12-13 00:03:30.6415 DataDesigner.Core.CodeGenerator.ClassCodeGenerator.Generate [INFO] [ClassCodeGenerator] Code generated... 
2024-12-13 00:05:57.9724 DataDesigner.Core.CodeGenerator.EnumCodeGenerator.Generate [INFO] ////////////////////////////////////////////////////////// 
2024-12-13 00:05:58.0037 DataDesigner.Core.CodeGenerator.EnumCodeGenerator.Generate [INFO] [EnumCodeGenerator] Generating start... 
2024-12-13 00:05:58.8950 DataDesigner.Core.CodeGenerator.EnumCodeGenerator.Generate [INFO] [EnumCodeGenerator] Code generated... 
2024-12-13 00:05:58.8950 DataDesigner.Core.CodeGenerator.ClassCodeGenerator.Generate [INFO] ////////////////////////////////////////////////////////// 
2024-12-13 00:05:58.8950 DataDesigner.Core.CodeGenerator.ClassCodeGenerator.Generate [INFO] [ClassCodeGenerator] Generating start... 
2024-12-13 00:06:55.9724 DataDesigner.Core.CodeGenerator.EnumCodeGenerator.Generate [INFO] ////////////////////////////////////////////////////////// 
2024-12-13 00:06:56.0010 DataDesigner.Core.CodeGenerator.EnumCodeGenerator.Generate [INFO] [EnumCodeGenerator] Generating start... 
