2024-12-10 00:04:46.1518 DataDesigner.Core.CodeGenerator.EnumCodeGenerator.Generate [INFO] ////////////////////////////////////////////////////////// 
2024-12-10 00:04:46.1974 DataDesigner.Core.CodeGenerator.EnumCodeGenerator.Generate [INFO] [EnumCodeGenerator] Generating start... 
2024-12-10 00:05:53.0756 DataDesigner.Core.CodeGenerator.EnumCodeGenerator.Generate [INFO] ////////////////////////////////////////////////////////// 
2024-12-10 00:05:53.1114 DataDesigner.Core.CodeGenerator.EnumCodeGenerator.Generate [INFO] [EnumCodeGenerator] Generating start... 
2024-12-10 00:06:33.8724 DataDesigner.Core.CodeGenerator.EnumCodeGenerator.Generate [INFO] ////////////////////////////////////////////////////////// 
2024-12-10 00:06:33.9015 DataDesigner.Core.CodeGenerator.EnumCodeGenerator.Generate [INFO] [EnumCodeGenerator] Generating start... 
2024-12-10 00:08:41.6026 DataDesigner.Core.CodeGenerator.EnumCodeGenerator.Generate [INFO] ////////////////////////////////////////////////////////// 
2024-12-10 00:08:41.6504 DataDesigner.Core.CodeGenerator.EnumCodeGenerator.Generate [INFO] [EnumCodeGenerator] Generating start... 
2024-12-10 00:10:50.6993 DataDesigner.Core.CodeGenerator.EnumCodeGenerator.Generate [INFO] ////////////////////////////////////////////////////////// 
2024-12-10 00:10:50.7317 DataDesigner.Core.CodeGenerator.EnumCodeGenerator.Generate [INFO] [EnumCodeGenerator] Generating start... 
2024-12-10 00:11:55.0052 DataDesigner.Core.CodeGenerator.EnumCodeGenerator.Generate [INFO] ////////////////////////////////////////////////////////// 
2024-12-10 00:11:55.0454 DataDesigner.Core.CodeGenerator.EnumCodeGenerator.Generate [INFO] [EnumCodeGenerator] Generating start... 
2024-12-10 00:13:35.7751 DataDesigner.Core.CodeGenerator.EnumCodeGenerator.Generate [INFO] ////////////////////////////////////////////////////////// 
2024-12-10 00:13:35.8087 DataDesigner.Core.CodeGenerator.EnumCodeGenerator.Generate [INFO] [EnumCodeGenerator] Generating start... 
2024-12-10 00:26:35.6740 DataDesigner.Core.CodeGenerator.EnumCodeGenerator.Generate [INFO] ////////////////////////////////////////////////////////// 
2024-12-10 00:26:35.7024 DataDesigner.Core.CodeGenerator.EnumCodeGenerator.Generate [INFO] [EnumCodeGenerator] Generating start... 
2024-12-10 00:26:38.7699 DataDesigner.Core.CodeGenerator.EnumCodeGenerator.Generate [INFO] [EnumCodeGenerator] Code generated... 
2024-12-10 00:26:38.7699 DataDesigner.Core.CodeGenerator.ClassCodeGenerator.Generate [INFO] ////////////////////////////////////////////////////////// 
2024-12-10 00:26:38.7699 DataDesigner.Core.CodeGenerator.ClassCodeGenerator.Generate [INFO] [ClassCodeGenerator] Generating start... 
2024-12-10 00:26:38.7835 DataDesigner.Core.CodeGenerator.ClassCodeGenerator.Generate [ERROR] [EnumCodeGenerator] Failed to generate code. 
2024-12-10 00:26:44.6292 DataDesigner.Core.CodeGenerator.EnumCodeGenerator.Generate [INFO] ////////////////////////////////////////////////////////// 
2024-12-10 00:26:44.6885 DataDesigner.Core.CodeGenerator.EnumCodeGenerator.Generate [INFO] [EnumCodeGenerator] Generating start... 
2024-12-10 00:27:42.4936 DataDesigner.Core.CodeGenerator.EnumCodeGenerator.Generate [INFO] ////////////////////////////////////////////////////////// 
2024-12-10 00:27:42.5362 DataDesigner.Core.CodeGenerator.EnumCodeGenerator.Generate [INFO] [EnumCodeGenerator] Generating start... 
2024-12-10 00:27:49.1491 DataDesigner.Core.CodeGenerator.EnumCodeGenerator.Generate [INFO] ////////////////////////////////////////////////////////// 
2024-12-10 00:27:49.1780 DataDesigner.Core.CodeGenerator.EnumCodeGenerator.Generate [INFO] [EnumCodeGenerator] Generating start... 
2024-12-10 00:28:12.6182 DataDesigner.Core.CodeGenerator.EnumCodeGenerator.Generate [INFO] ////////////////////////////////////////////////////////// 
2024-12-10 00:28:12.6567 DataDesigner.Core.CodeGenerator.EnumCodeGenerator.Generate [INFO] [EnumCodeGenerator] Generating start... 
2024-12-10 00:28:57.9493 DataDesigner.Core.CodeGenerator.EnumCodeGenerator.Generate [INFO] [EnumCodeGenerator] Code generated... 
2024-12-10 00:28:57.9691 DataDesigner.Core.CodeGenerator.ClassCodeGenerator.Generate [INFO] ////////////////////////////////////////////////////////// 
2024-12-10 00:28:57.9691 DataDesigner.Core.CodeGenerator.ClassCodeGenerator.Generate [INFO] [ClassCodeGenerator] Generating start... 
2024-12-10 00:28:57.9821 DataDesigner.Core.CodeGenerator.ClassCodeGenerator.Generate [ERROR] [EnumCodeGenerator] Failed to generate code. 
2024-12-10 00:29:14.2971 DataDesigner.Core.CodeGenerator.EnumCodeGenerator.Generate [INFO] ////////////////////////////////////////////////////////// 
2024-12-10 00:29:14.3237 DataDesigner.Core.CodeGenerator.EnumCodeGenerator.Generate [INFO] [EnumCodeGenerator] Generating start... 
2024-12-10 22:52:30.8755 DataDesigner.Core.CodeGenerator.EnumCodeGenerator.Generate [INFO] ////////////////////////////////////////////////////////// 
2024-12-10 22:52:30.9092 DataDesigner.Core.CodeGenerator.EnumCodeGenerator.Generate [INFO] [EnumCodeGenerator] Generating start... 
2024-12-10 22:55:10.5533 DataDesigner.Core.CodeGenerator.EnumCodeGenerator.Generate [INFO] ////////////////////////////////////////////////////////// 
2024-12-10 22:55:10.5874 DataDesigner.Core.CodeGenerator.EnumCodeGenerator.Generate [INFO] [EnumCodeGenerator] Generating start... 
2024-12-10 22:55:23.1258 DataDesigner.Core.CodeGenerator.EnumCodeGenerator.Generate [INFO] ////////////////////////////////////////////////////////// 
2024-12-10 22:55:23.1582 DataDesigner.Core.CodeGenerator.EnumCodeGenerator.Generate [INFO] [EnumCodeGenerator] Generating start... 
2024-12-10 22:55:32.3015 DataDesigner.Core.CodeGenerator.EnumCodeGenerator.Generate [INFO] ////////////////////////////////////////////////////////// 
2024-12-10 22:55:32.3303 DataDesigner.Core.CodeGenerator.EnumCodeGenerator.Generate [INFO] [EnumCodeGenerator] Generating start... 
2024-12-10 22:57:02.3385 DataDesigner.Core.CodeGenerator.EnumCodeGenerator.Generate [INFO] ////////////////////////////////////////////////////////// 
2024-12-10 22:57:02.3725 DataDesigner.Core.CodeGenerator.EnumCodeGenerator.Generate [INFO] [EnumCodeGenerator] Generating start... 
2024-12-10 22:57:48.1016 DataDesigner.Core.CodeGenerator.EnumCodeGenerator.Generate [INFO] ////////////////////////////////////////////////////////// 
2024-12-10 22:57:48.1454 DataDesigner.Core.CodeGenerator.EnumCodeGenerator.Generate [INFO] [EnumCodeGenerator] Generating start... 
2024-12-10 22:57:56.7569 DataDesigner.Core.CodeGenerator.EnumCodeGenerator.Generate [INFO] ////////////////////////////////////////////////////////// 
2024-12-10 22:57:56.8029 DataDesigner.Core.CodeGenerator.EnumCodeGenerator.Generate [INFO] [EnumCodeGenerator] Generating start... 
2024-12-10 22:58:06.2273 DataDesigner.Core.CodeGenerator.EnumCodeGenerator.Generate [INFO] ////////////////////////////////////////////////////////// 
2024-12-10 22:58:06.2581 DataDesigner.Core.CodeGenerator.EnumCodeGenerator.Generate [INFO] [EnumCodeGenerator] Generating start... 
2024-12-10 22:58:50.5716 DataDesigner.Core.CodeGenerator.EnumCodeGenerator.Generate [INFO] ////////////////////////////////////////////////////////// 
2024-12-10 22:58:50.6039 DataDesigner.Core.CodeGenerator.EnumCodeGenerator.Generate [INFO] [EnumCodeGenerator] Generating start... 
2024-12-10 22:59:14.7290 DataDesigner.Core.CodeGenerator.EnumCodeGenerator.Generate [INFO] ////////////////////////////////////////////////////////// 
2024-12-10 22:59:14.7614 DataDesigner.Core.CodeGenerator.EnumCodeGenerator.Generate [INFO] [EnumCodeGenerator] Generating start... 
2024-12-10 23:05:13.5783 DataDesigner.Core.CodeGenerator.EnumCodeGenerator.Generate [INFO] ////////////////////////////////////////////////////////// 
2024-12-10 23:05:13.6184 DataDesigner.Core.CodeGenerator.EnumCodeGenerator.Generate [INFO] [EnumCodeGenerator] Generating start... 
2024-12-10 23:16:02.4759 DataDesigner.Core.CodeGenerator.EnumCodeGenerator.Generate [INFO] ////////////////////////////////////////////////////////// 
2024-12-10 23:16:02.5274 DataDesigner.Core.CodeGenerator.EnumCodeGenerator.Generate [INFO] [EnumCodeGenerator] Generating start... 
2024-12-10 23:30:30.2700 DataDesigner.Core.CodeGenerator.EnumCodeGenerator.Generate [INFO] ////////////////////////////////////////////////////////// 
2024-12-10 23:30:30.3115 DataDesigner.Core.CodeGenerator.EnumCodeGenerator.Generate [INFO] [EnumCodeGenerator] Generating start... 
2024-12-10 23:31:22.6405 DataDesigner.Core.CodeGenerator.EnumCodeGenerator.Generate [INFO] ////////////////////////////////////////////////////////// 
2024-12-10 23:31:22.7022 DataDesigner.Core.CodeGenerator.EnumCodeGenerator.Generate [INFO] [EnumCodeGenerator] Generating start... 
2024-12-10 23:31:22.8401 DataDesigner.Core.CodeGenerator.EnumCodeGenerator.Generate [INFO] [EnumCodeGenerator] Code generated... 
2024-12-10 23:31:48.6962 DataDesigner.Core.CodeGenerator.EnumCodeGenerator.Generate [INFO] ////////////////////////////////////////////////////////// 
2024-12-10 23:31:48.7321 DataDesigner.Core.CodeGenerator.EnumCodeGenerator.Generate [INFO] [EnumCodeGenerator] Generating start... 
2024-12-10 23:31:48.8382 DataDesigner.Core.CodeGenerator.EnumCodeGenerator.Generate [INFO] [EnumCodeGenerator] Code generated... 
2024-12-10 23:31:58.8458 DataDesigner.Core.CodeGenerator.EnumCodeGenerator.Generate [INFO] ////////////////////////////////////////////////////////// 
2024-12-10 23:31:58.8840 DataDesigner.Core.CodeGenerator.EnumCodeGenerator.Generate [INFO] [EnumCodeGenerator] Generating start... 
2024-12-10 23:31:58.9860 DataDesigner.Core.CodeGenerator.EnumCodeGenerator.Generate [INFO] [EnumCodeGenerator] Code generated... 
2024-12-10 23:32:31.1699 DataDesigner.Core.CodeGenerator.EnumCodeGenerator.Generate [INFO] ////////////////////////////////////////////////////////// 
2024-12-10 23:32:31.2273 DataDesigner.Core.CodeGenerator.EnumCodeGenerator.Generate [INFO] [EnumCodeGenerator] Generating start... 
2024-12-10 23:32:31.3311 DataDesigner.Core.CodeGenerator.EnumCodeGenerator.Generate [INFO] [EnumCodeGenerator] Code generated... 
2024-12-10 23:34:03.7308 DataDesigner.Core.CodeGenerator.EnumCodeGenerator.Generate [INFO] ////////////////////////////////////////////////////////// 
2024-12-10 23:34:03.7877 DataDesigner.Core.CodeGenerator.EnumCodeGenerator.Generate [INFO] [EnumCodeGenerator] Generating start... 
2024-12-10 23:34:03.8989 DataDesigner.Core.CodeGenerator.EnumCodeGenerator.Generate [INFO] [EnumCodeGenerator] Code generated... 
2024-12-10 23:34:04.5714 DataDesigner.Core.CodeGenerator.ClassCodeGenerator.Generate [INFO] ////////////////////////////////////////////////////////// 
2024-12-10 23:34:04.5714 DataDesigner.Core.CodeGenerator.ClassCodeGenerator.Generate [INFO] [ClassCodeGenerator] Generating start... 
2024-12-10 23:34:04.5836 DataDesigner.Core.CodeGenerator.ClassCodeGenerator.Generate [ERROR] [EnumCodeGenerator] Failed to generate code. 
2024-12-10 23:34:06.1384 DataDesigner.Core.CodeGenerator.EnumCodeGenerator.Generate [INFO] ////////////////////////////////////////////////////////// 
2024-12-10 23:34:06.1768 DataDesigner.Core.CodeGenerator.EnumCodeGenerator.Generate [INFO] [EnumCodeGenerator] Generating start... 
2024-12-10 23:34:06.2742 DataDesigner.Core.CodeGenerator.EnumCodeGenerator.Generate [INFO] [EnumCodeGenerator] Code generated... 
2024-12-10 23:40:45.4042 DataDesigner.Core.CodeGenerator.EnumCodeGenerator.Generate [INFO] ////////////////////////////////////////////////////////// 
2024-12-10 23:40:45.4584 DataDesigner.Core.CodeGenerator.EnumCodeGenerator.Generate [INFO] [EnumCodeGenerator] Generating start... 
2024-12-10 23:40:45.5765 DataDesigner.Core.CodeGenerator.EnumCodeGenerator.Generate [INFO] [EnumCodeGenerator] Code generated... 
2024-12-10 23:40:56.9105 DataDesigner.Core.CodeGenerator.ClassCodeGenerator.Generate [INFO] ////////////////////////////////////////////////////////// 
2024-12-10 23:40:56.9105 DataDesigner.Core.CodeGenerator.ClassCodeGenerator.Generate [INFO] [ClassCodeGenerator] Generating start... 
2024-12-10 23:40:56.9241 DataDesigner.Core.CodeGenerator.ClassCodeGenerator.Generate [ERROR] [EnumCodeGenerator] Failed to generate code. 
2024-12-10 23:41:07.0233 DataDesigner.Core.CodeGenerator.EnumCodeGenerator.Generate [INFO] ////////////////////////////////////////////////////////// 
2024-12-10 23:41:07.0489 DataDesigner.Core.CodeGenerator.EnumCodeGenerator.Generate [INFO] [EnumCodeGenerator] Generating start... 
2024-12-10 23:41:07.1183 DataDesigner.Core.CodeGenerator.EnumCodeGenerator.Generate [INFO] [EnumCodeGenerator] Code generated... 
2024-12-10 23:41:09.0607 DataDesigner.Core.CodeGenerator.ClassCodeGenerator.Generate [INFO] ////////////////////////////////////////////////////////// 
2024-12-10 23:41:09.0607 DataDesigner.Core.CodeGenerator.ClassCodeGenerator.Generate [INFO] [ClassCodeGenerator] Generating start... 
2024-12-10 23:41:09.0607 DataDesigner.Core.CodeGenerator.ClassCodeGenerator.Generate [ERROR] [EnumCodeGenerator] Failed to generate code. 
2024-12-10 23:43:50.2431 DataDesigner.Core.CodeGenerator.EnumCodeGenerator.Generate [INFO] ////////////////////////////////////////////////////////// 
2024-12-10 23:43:50.2996 DataDesigner.Core.CodeGenerator.EnumCodeGenerator.Generate [INFO] [EnumCodeGenerator] Generating start... 
2024-12-10 23:43:50.4063 DataDesigner.Core.CodeGenerator.EnumCodeGenerator.Generate [INFO] [EnumCodeGenerator] Code generated... 
2024-12-10 23:43:53.1258 DataDesigner.Core.CodeGenerator.ClassCodeGenerator.Generate [INFO] ////////////////////////////////////////////////////////// 
2024-12-10 23:43:53.1258 DataDesigner.Core.CodeGenerator.ClassCodeGenerator.Generate [INFO] [ClassCodeGenerator] Generating start... 
2024-12-10 23:43:53.1383 DataDesigner.Core.CodeGenerator.ClassCodeGenerator.Generate [ERROR] [EnumCodeGenerator] Failed to generate code. 
2024-12-10 23:44:16.1871 DataDesigner.Core.CodeGenerator.EnumCodeGenerator.Generate [INFO] ////////////////////////////////////////////////////////// 
2024-12-10 23:44:16.2162 DataDesigner.Core.CodeGenerator.EnumCodeGenerator.Generate [INFO] [EnumCodeGenerator] Generating start... 
2024-12-10 23:44:16.3415 DataDesigner.Core.CodeGenerator.EnumCodeGenerator.Generate [INFO] [EnumCodeGenerator] Code generated... 
2024-12-10 23:44:18.2733 DataDesigner.Core.CodeGenerator.ClassCodeGenerator.Generate [INFO] ////////////////////////////////////////////////////////// 
2024-12-10 23:44:18.2733 DataDesigner.Core.CodeGenerator.ClassCodeGenerator.Generate [INFO] [ClassCodeGenerator] Generating start... 
2024-12-10 23:44:18.2859 DataDesigner.Core.CodeGenerator.ClassCodeGenerator.Generate [ERROR] [EnumCodeGenerator] Failed to generate code. 
2024-12-10 23:45:22.3772 DataDesigner.Core.CodeGenerator.EnumCodeGenerator.Generate [INFO] ////////////////////////////////////////////////////////// 
2024-12-10 23:45:22.4038 DataDesigner.Core.CodeGenerator.EnumCodeGenerator.Generate [INFO] [EnumCodeGenerator] Generating start... 
2024-12-10 23:45:22.4760 DataDesigner.Core.CodeGenerator.EnumCodeGenerator.Generate [INFO] [EnumCodeGenerator] Code generated... 
2024-12-10 23:45:23.7547 DataDesigner.Core.CodeGenerator.ClassCodeGenerator.Generate [INFO] ////////////////////////////////////////////////////////// 
2024-12-10 23:45:23.7547 DataDesigner.Core.CodeGenerator.ClassCodeGenerator.Generate [INFO] [ClassCodeGenerator] Generating start... 
2024-12-10 23:45:23.7674 DataDesigner.Core.CodeGenerator.ClassCodeGenerator.Generate [ERROR] [EnumCodeGenerator] Failed to generate code. 
2024-12-10 23:45:28.0515 DataDesigner.Core.CodeGenerator.EnumCodeGenerator.Generate [INFO] ////////////////////////////////////////////////////////// 
2024-12-10 23:45:28.0788 DataDesigner.Core.CodeGenerator.EnumCodeGenerator.Generate [INFO] [EnumCodeGenerator] Generating start... 
2024-12-10 23:45:28.1521 DataDesigner.Core.CodeGenerator.EnumCodeGenerator.Generate [INFO] [EnumCodeGenerator] Code generated... 
2024-12-10 23:45:30.8192 DataDesigner.Core.CodeGenerator.ClassCodeGenerator.Generate [INFO] ////////////////////////////////////////////////////////// 
2024-12-10 23:45:30.8192 DataDesigner.Core.CodeGenerator.ClassCodeGenerator.Generate [INFO] [ClassCodeGenerator] Generating start... 
2024-12-10 23:45:30.8323 DataDesigner.Core.CodeGenerator.ClassCodeGenerator.Generate [ERROR] [EnumCodeGenerator] Failed to generate code. 
2024-12-10 23:45:54.4420 DataDesigner.Core.CodeGenerator.EnumCodeGenerator.Generate [INFO] ////////////////////////////////////////////////////////// 
2024-12-10 23:45:54.4750 DataDesigner.Core.CodeGenerator.EnumCodeGenerator.Generate [INFO] [EnumCodeGenerator] Generating start... 
2024-12-10 23:45:54.5750 DataDesigner.Core.CodeGenerator.EnumCodeGenerator.Generate [INFO] [EnumCodeGenerator] Code generated... 
2024-12-10 23:45:56.1798 DataDesigner.Core.CodeGenerator.ClassCodeGenerator.Generate [INFO] ////////////////////////////////////////////////////////// 
2024-12-10 23:45:56.1798 DataDesigner.Core.CodeGenerator.ClassCodeGenerator.Generate [INFO] [ClassCodeGenerator] Generating start... 
2024-12-10 23:53:39.6545 DataDesigner.Core.CodeGenerator.EnumCodeGenerator.Generate [INFO] ////////////////////////////////////////////////////////// 
2024-12-10 23:53:39.6829 DataDesigner.Core.CodeGenerator.EnumCodeGenerator.Generate [INFO] [EnumCodeGenerator] Generating start... 
2024-12-10 23:53:39.7688 DataDesigner.Core.CodeGenerator.EnumCodeGenerator.Generate [INFO] [EnumCodeGenerator] Code generated... 
2024-12-10 23:53:43.1923 DataDesigner.Core.CodeGenerator.ClassCodeGenerator.Generate [INFO] ////////////////////////////////////////////////////////// 
2024-12-10 23:53:43.1923 DataDesigner.Core.CodeGenerator.ClassCodeGenerator.Generate [INFO] [ClassCodeGenerator] Generating start... 
2024-12-10 23:54:19.3833 DataDesigner.Core.CodeGenerator.EnumCodeGenerator.Generate [INFO] ////////////////////////////////////////////////////////// 
2024-12-10 23:54:19.4219 DataDesigner.Core.CodeGenerator.EnumCodeGenerator.Generate [INFO] [EnumCodeGenerator] Generating start... 
2024-12-10 23:54:19.5328 DataDesigner.Core.CodeGenerator.EnumCodeGenerator.Generate [INFO] [EnumCodeGenerator] Code generated... 
2024-12-10 23:54:22.2201 DataDesigner.Core.CodeGenerator.ClassCodeGenerator.Generate [INFO] ////////////////////////////////////////////////////////// 
2024-12-10 23:54:22.2201 DataDesigner.Core.CodeGenerator.ClassCodeGenerator.Generate [INFO] [ClassCodeGenerator] Generating start... 
2024-12-10 23:54:35.7527 DataDesigner.Core.CodeGenerator.ClassCodeGenerator.Generate [INFO] [EnumCodeGenerator] Code generated... 
2024-12-10 23:54:49.1966 DataDesigner.Core.CodeGenerator.ClassCodeGenerator.GetGeneratedTypes [ERROR] enum code compilation failed. msg: (28,26): error CS0234: 'TestCode' 네임스페이스에 'Type_EnumCode' 형식 또는 네임스페이스 이름이 없습니다. 어셈블리 참조가 있는지 확인하세요. 
2024-12-10 23:54:49.1966 DataDesigner.Core.CodeGenerator.ClassCodeGenerator.GetGeneratedTypes [ERROR] enum code compilation failed. msg: (43,26): error CS0234: 'TestCode' 네임스페이스에 'Type_EnumCode' 형식 또는 네임스페이스 이름이 없습니다. 어셈블리 참조가 있는지 확인하세요. 
