2024-12-11 00:01:58.6366 DataDesigner.Core.CodeGenerator.EnumCodeGenerator.Generate [INFO] ////////////////////////////////////////////////////////// 
2024-12-11 00:01:58.6735 DataDesigner.Core.CodeGenerator.EnumCodeGenerator.Generate [INFO] [EnumCodeGenerator] Generating start... 
2024-12-11 00:01:58.7600 DataDesigner.Core.CodeGenerator.EnumCodeGenerator.Generate [INFO] [EnumCodeGenerator] Code generated... 
2024-12-11 00:02:22.2842 DataDesigner.Core.CodeGenerator.EnumCodeGenerator.Generate [INFO] ////////////////////////////////////////////////////////// 
2024-12-11 00:02:22.3111 DataDesigner.Core.CodeGenerator.EnumCodeGenerator.Generate [INFO] [EnumCodeGenerator] Generating start... 
2024-12-11 00:02:22.3836 DataDesigner.Core.CodeGenerator.EnumCodeGenerator.Generate [INFO] [EnumCodeGenerator] Code generated... 
2024-12-11 00:06:19.5675 DataDesigner.Core.CodeGenerator.EnumCodeGenerator.Generate [INFO] ////////////////////////////////////////////////////////// 
2024-12-11 00:06:19.5965 DataDesigner.Core.CodeGenerator.EnumCodeGenerator.Generate [INFO] [EnumCodeGenerator] Generating start... 
2024-12-11 00:06:19.6833 DataDesigner.Core.CodeGenerator.EnumCodeGenerator.Generate [INFO] [EnumCodeGenerator] Code generated... 
2024-12-11 00:06:21.5033 DataDesigner.Core.CodeGenerator.ClassCodeGenerator.Generate [INFO] ////////////////////////////////////////////////////////// 
2024-12-11 00:06:21.5033 DataDesigner.Core.CodeGenerator.ClassCodeGenerator.Generate [INFO] [ClassCodeGenerator] Generating start... 
2024-12-11 00:06:21.5713 DataDesigner.Core.CodeGenerator.ClassCodeGenerator.Generate [INFO] [EnumCodeGenerator] Code generated... 
2024-12-11 00:06:21.6693 DataDesigner.Core.CodeGenerator.ClassCodeGenerator.GetGeneratedTypes [ERROR] enum code compilation failed. msg: (28,26): error CS0234: 'TestCode' 네임스페이스에 'Type_EnumCode' 형식 또는 네임스페이스 이름이 없습니다. 어셈블리 참조가 있는지 확인하세요. 
2024-12-11 00:06:21.6693 DataDesigner.Core.CodeGenerator.ClassCodeGenerator.GetGeneratedTypes [ERROR] enum code compilation failed. msg: (43,26): error CS0234: 'TestCode' 네임스페이스에 'Type_EnumCode' 형식 또는 네임스페이스 이름이 없습니다. 어셈블리 참조가 있는지 확인하세요. 
2024-12-11 00:19:35.1703 DataDesigner.Core.CodeGenerator.EnumCodeGenerator.Generate [INFO] ////////////////////////////////////////////////////////// 
2024-12-11 00:19:35.2049 DataDesigner.Core.CodeGenerator.EnumCodeGenerator.Generate [INFO] [EnumCodeGenerator] Generating start... 
2024-12-11 00:19:35.3092 DataDesigner.Core.CodeGenerator.EnumCodeGenerator.Generate [INFO] [EnumCodeGenerator] Code generated... 
2024-12-11 00:19:51.3975 DataDesigner.Core.CodeGenerator.EnumCodeGenerator.Generate [INFO] ////////////////////////////////////////////////////////// 
2024-12-11 00:19:51.4368 DataDesigner.Core.CodeGenerator.EnumCodeGenerator.Generate [INFO] [EnumCodeGenerator] Generating start... 
2024-12-11 00:19:51.5355 DataDesigner.Core.CodeGenerator.EnumCodeGenerator.Generate [INFO] [EnumCodeGenerator] Code generated... 
2024-12-11 00:22:00.5974 DataDesigner.Core.CodeGenerator.EnumCodeGenerator.Generate [INFO] ////////////////////////////////////////////////////////// 
2024-12-11 00:22:00.6420 DataDesigner.Core.CodeGenerator.EnumCodeGenerator.Generate [INFO] [EnumCodeGenerator] Generating start... 
2024-12-11 00:22:00.7512 DataDesigner.Core.CodeGenerator.EnumCodeGenerator.Generate [INFO] [EnumCodeGenerator] Code generated... 
2024-12-11 00:22:39.4464 DataDesigner.Core.CodeGenerator.EnumCodeGenerator.Generate [INFO] ////////////////////////////////////////////////////////// 
2024-12-11 00:22:39.4864 DataDesigner.Core.CodeGenerator.EnumCodeGenerator.Generate [INFO] [EnumCodeGenerator] Generating start... 
2024-12-11 00:22:39.5743 DataDesigner.Core.CodeGenerator.EnumCodeGenerator.Generate [INFO] [EnumCodeGenerator] Code generated... 
2024-12-11 00:22:40.8217 DataDesigner.Core.CodeGenerator.ClassCodeGenerator.Generate [INFO] ////////////////////////////////////////////////////////// 
2024-12-11 00:22:40.8217 DataDesigner.Core.CodeGenerator.ClassCodeGenerator.Generate [INFO] [ClassCodeGenerator] Generating start... 
2024-12-11 00:22:40.8837 DataDesigner.Core.CodeGenerator.ClassCodeGenerator.Generate [INFO] [EnumCodeGenerator] Code generated... 
2024-12-11 00:22:40.9649 DataDesigner.Core.CodeGenerator.ClassCodeGenerator.GetGeneratedTypes [ERROR] enum code compilation failed. msg: error CS0009: '<메모리 내 어셈블리>' 메타데이터 파일을 열 수 없습니다. PE 이미지에 관리된 메타데이터가 포함되어 있지 않습니다. 
2024-12-11 00:22:40.9763 DataDesigner.Core.CodeGenerator.ClassCodeGenerator.GetGeneratedTypes [ERROR] enum code compilation failed. msg: (28,26): error CS0234: 'TestCode' 네임스페이스에 'Type_EnumCode' 형식 또는 네임스페이스 이름이 없습니다. 어셈블리 참조가 있는지 확인하세요. 
2024-12-11 00:22:40.9763 DataDesigner.Core.CodeGenerator.ClassCodeGenerator.GetGeneratedTypes [ERROR] enum code compilation failed. msg: (43,26): error CS0234: 'TestCode' 네임스페이스에 'Type_EnumCode' 형식 또는 네임스페이스 이름이 없습니다. 어셈블리 참조가 있는지 확인하세요. 
2024-12-11 00:22:58.4410 DataDesigner.Core.CodeGenerator.EnumCodeGenerator.Generate [INFO] ////////////////////////////////////////////////////////// 
2024-12-11 00:22:58.4721 DataDesigner.Core.CodeGenerator.EnumCodeGenerator.Generate [INFO] [EnumCodeGenerator] Generating start... 
2024-12-11 00:22:58.5802 DataDesigner.Core.CodeGenerator.EnumCodeGenerator.Generate [INFO] [EnumCodeGenerator] Code generated... 
2024-12-11 00:23:44.1917 DataDesigner.Core.CodeGenerator.ClassCodeGenerator.Generate [INFO] ////////////////////////////////////////////////////////// 
2024-12-11 00:23:44.1917 DataDesigner.Core.CodeGenerator.ClassCodeGenerator.Generate [INFO] [ClassCodeGenerator] Generating start... 
2024-12-11 00:23:44.2759 DataDesigner.Core.CodeGenerator.ClassCodeGenerator.Generate [INFO] [EnumCodeGenerator] Code generated... 
2024-12-11 00:23:59.4791 DataDesigner.Core.CodeGenerator.ClassCodeGenerator.GetGeneratedTypes [ERROR] enum code compilation failed. msg: error CS0009: '<메모리 내 어셈블리>' 메타데이터 파일을 열 수 없습니다. PE 이미지에 관리된 메타데이터가 포함되어 있지 않습니다. 
2024-12-11 00:24:03.5466 DataDesigner.Core.CodeGenerator.ClassCodeGenerator.GetGeneratedTypes [ERROR] enum code compilation failed. msg: (28,26): error CS0234: 'TestCode' 네임스페이스에 'Type_EnumCode' 형식 또는 네임스페이스 이름이 없습니다. 어셈블리 참조가 있는지 확인하세요. 
2024-12-11 00:33:02.6995 DataDesigner.Core.CodeGenerator.EnumCodeGenerator.Generate [INFO] ////////////////////////////////////////////////////////// 
2024-12-11 00:33:02.7331 DataDesigner.Core.CodeGenerator.EnumCodeGenerator.Generate [INFO] [EnumCodeGenerator] Generating start... 
2024-12-11 00:33:02.8430 DataDesigner.Core.CodeGenerator.EnumCodeGenerator.Generate [INFO] [EnumCodeGenerator] Code generated... 
2024-12-11 00:35:28.1488 DataDesigner.Core.CodeGenerator.EnumCodeGenerator.Generate [INFO] ////////////////////////////////////////////////////////// 
2024-12-11 00:35:28.1854 DataDesigner.Core.CodeGenerator.EnumCodeGenerator.Generate [INFO] [EnumCodeGenerator] Generating start... 
2024-12-11 00:35:28.2698 DataDesigner.Core.CodeGenerator.EnumCodeGenerator.Generate [INFO] [EnumCodeGenerator] Code generated... 
2024-12-11 00:35:28.9301 DataDesigner.Core.CodeGenerator.ClassCodeGenerator.Generate [INFO] ////////////////////////////////////////////////////////// 
2024-12-11 00:35:28.9301 DataDesigner.Core.CodeGenerator.ClassCodeGenerator.Generate [INFO] [ClassCodeGenerator] Generating start... 
2024-12-11 00:35:28.9900 DataDesigner.Core.CodeGenerator.ClassCodeGenerator.Generate [INFO] [EnumCodeGenerator] Code generated... 
2024-12-11 00:36:31.7767 DataDesigner.Core.CodeGenerator.EnumCodeGenerator.Generate [INFO] ////////////////////////////////////////////////////////// 
2024-12-11 00:36:31.8348 DataDesigner.Core.CodeGenerator.EnumCodeGenerator.Generate [INFO] [EnumCodeGenerator] Generating start... 
2024-12-11 00:36:31.9419 DataDesigner.Core.CodeGenerator.EnumCodeGenerator.Generate [INFO] [EnumCodeGenerator] Code generated... 
2024-12-11 00:36:32.6157 DataDesigner.Core.CodeGenerator.ClassCodeGenerator.Generate [INFO] ////////////////////////////////////////////////////////// 
2024-12-11 00:36:32.6157 DataDesigner.Core.CodeGenerator.ClassCodeGenerator.Generate [INFO] [ClassCodeGenerator] Generating start... 
2024-12-11 00:36:32.6786 DataDesigner.Core.CodeGenerator.ClassCodeGenerator.Generate [INFO] [EnumCodeGenerator] Code generated... 
2024-12-11 00:38:35.4379 DataDesigner.Core.CodeGenerator.EnumCodeGenerator.Generate [INFO] ////////////////////////////////////////////////////////// 
2024-12-11 00:38:35.4753 DataDesigner.Core.CodeGenerator.EnumCodeGenerator.Generate [INFO] [EnumCodeGenerator] Generating start... 
2024-12-11 00:38:35.5644 DataDesigner.Core.CodeGenerator.EnumCodeGenerator.Generate [INFO] [EnumCodeGenerator] Code generated... 
2024-12-11 00:38:36.2936 DataDesigner.Core.CodeGenerator.ClassCodeGenerator.Generate [INFO] ////////////////////////////////////////////////////////// 
2024-12-11 00:38:36.2936 DataDesigner.Core.CodeGenerator.ClassCodeGenerator.Generate [INFO] [ClassCodeGenerator] Generating start... 
2024-12-11 00:38:36.3587 DataDesigner.Core.CodeGenerator.ClassCodeGenerator.Generate [INFO] [EnumCodeGenerator] Code generated... 
2024-12-11 00:38:47.5980 DataDesigner.Core.CodeGenerator.EnumCodeGenerator.Generate [INFO] ////////////////////////////////////////////////////////// 
2024-12-11 00:38:47.6448 DataDesigner.Core.CodeGenerator.EnumCodeGenerator.Generate [INFO] [EnumCodeGenerator] Generating start... 
2024-12-11 00:38:47.7506 DataDesigner.Core.CodeGenerator.EnumCodeGenerator.Generate [INFO] [EnumCodeGenerator] Code generated... 
2024-12-11 00:38:48.5153 DataDesigner.Core.CodeGenerator.ClassCodeGenerator.Generate [INFO] ////////////////////////////////////////////////////////// 
2024-12-11 00:38:48.5153 DataDesigner.Core.CodeGenerator.ClassCodeGenerator.Generate [INFO] [ClassCodeGenerator] Generating start... 
2024-12-11 00:38:48.5899 DataDesigner.Core.CodeGenerator.ClassCodeGenerator.Generate [INFO] [EnumCodeGenerator] Code generated... 
2024-12-11 00:40:18.0784 DataDesigner.Core.CodeGenerator.EnumCodeGenerator.Generate [INFO] ////////////////////////////////////////////////////////// 
2024-12-11 00:40:18.1043 DataDesigner.Core.CodeGenerator.EnumCodeGenerator.Generate [INFO] [EnumCodeGenerator] Generating start... 
2024-12-11 00:40:18.1780 DataDesigner.Core.CodeGenerator.EnumCodeGenerator.Generate [INFO] [EnumCodeGenerator] Code generated... 
2024-12-11 00:40:18.8849 DataDesigner.Core.CodeGenerator.ClassCodeGenerator.Generate [INFO] ////////////////////////////////////////////////////////// 
2024-12-11 00:40:18.8849 DataDesigner.Core.CodeGenerator.ClassCodeGenerator.Generate [INFO] [ClassCodeGenerator] Generating start... 
2024-12-11 00:40:18.9513 DataDesigner.Core.CodeGenerator.ClassCodeGenerator.Generate [INFO] [EnumCodeGenerator] Code generated... 
2024-12-11 00:43:01.1288 DataDesigner.Core.CodeGenerator.EnumCodeGenerator.Generate [INFO] ////////////////////////////////////////////////////////// 
2024-12-11 00:43:01.1766 DataDesigner.Core.CodeGenerator.EnumCodeGenerator.Generate [INFO] [EnumCodeGenerator] Generating start... 
2024-12-11 00:43:01.2919 DataDesigner.Core.CodeGenerator.EnumCodeGenerator.Generate [INFO] [EnumCodeGenerator] Code generated... 
2024-12-11 00:43:01.9600 DataDesigner.Core.CodeGenerator.ClassCodeGenerator.Generate [INFO] ////////////////////////////////////////////////////////// 
2024-12-11 00:43:01.9600 DataDesigner.Core.CodeGenerator.ClassCodeGenerator.Generate [INFO] [ClassCodeGenerator] Generating start... 
2024-12-11 00:43:02.0229 DataDesigner.Core.CodeGenerator.ClassCodeGenerator.Generate [INFO] [EnumCodeGenerator] Code generated... 
2024-12-11 00:45:11.9934 DataDesigner.Core.CodeGenerator.EnumCodeGenerator.Generate [INFO] ////////////////////////////////////////////////////////// 
2024-12-11 00:45:12.0326 DataDesigner.Core.CodeGenerator.EnumCodeGenerator.Generate [INFO] [EnumCodeGenerator] Generating start... 
2024-12-11 00:45:12.1402 DataDesigner.Core.CodeGenerator.EnumCodeGenerator.Generate [INFO] [EnumCodeGenerator] Code generated... 
2024-12-11 00:45:12.8602 DataDesigner.Core.CodeGenerator.ClassCodeGenerator.Generate [INFO] ////////////////////////////////////////////////////////// 
2024-12-11 00:45:12.8602 DataDesigner.Core.CodeGenerator.ClassCodeGenerator.Generate [INFO] [ClassCodeGenerator] Generating start... 
2024-12-11 00:45:12.9271 DataDesigner.Core.CodeGenerator.ClassCodeGenerator.Generate [INFO] [EnumCodeGenerator] Code generated... 
2024-12-11 00:46:09.9575 DataDesigner.Core.CodeGenerator.EnumCodeGenerator.Generate [INFO] ////////////////////////////////////////////////////////// 
2024-12-11 00:46:09.9841 DataDesigner.Core.CodeGenerator.EnumCodeGenerator.Generate [INFO] [EnumCodeGenerator] Generating start... 
2024-12-11 00:46:10.0833 DataDesigner.Core.CodeGenerator.EnumCodeGenerator.Generate [INFO] [EnumCodeGenerator] Code generated... 
2024-12-11 00:46:10.7763 DataDesigner.Core.CodeGenerator.ClassCodeGenerator.Generate [INFO] ////////////////////////////////////////////////////////// 
2024-12-11 00:46:10.7763 DataDesigner.Core.CodeGenerator.ClassCodeGenerator.Generate [INFO] [ClassCodeGenerator] Generating start... 
2024-12-11 00:46:10.8404 DataDesigner.Core.CodeGenerator.ClassCodeGenerator.Generate [INFO] [EnumCodeGenerator] Code generated... 
2024-12-11 00:47:21.3701 DataDesigner.Core.CodeGenerator.EnumCodeGenerator.Generate [INFO] ////////////////////////////////////////////////////////// 
2024-12-11 00:47:21.4031 DataDesigner.Core.CodeGenerator.EnumCodeGenerator.Generate [INFO] [EnumCodeGenerator] Generating start... 
2024-12-11 00:47:21.4965 DataDesigner.Core.CodeGenerator.EnumCodeGenerator.Generate [INFO] [EnumCodeGenerator] Code generated... 
2024-12-11 00:47:22.1169 DataDesigner.Core.CodeGenerator.ClassCodeGenerator.Generate [INFO] ////////////////////////////////////////////////////////// 
2024-12-11 00:47:22.1169 DataDesigner.Core.CodeGenerator.ClassCodeGenerator.Generate [INFO] [ClassCodeGenerator] Generating start... 
2024-12-11 00:47:22.1759 DataDesigner.Core.CodeGenerator.ClassCodeGenerator.Generate [INFO] [EnumCodeGenerator] Code generated... 
