2024-12-09 22:37:42.1911 DataDesigner.Core.CodeGenerator.EnumCodeGenerator.Generate [INFO] ////////////////////////////////////////////////////////// 
2024-12-09 22:37:42.2246 DataDesigner.Core.CodeGenerator.EnumCodeGenerator.Generate [INFO] [EnumCodeGenerator] Generating start... 
2024-12-09 22:37:42.2487 DataDesigner.Core.CodeGenerator.EnumCodeGenerator.Generate [INFO] [EnumCodeGenerator] Code generated... 
2024-12-09 22:37:42.2487 DataDesigner.Core.CodeGenerator.ClassCodeGenerator.Generate [INFO] ////////////////////////////////////////////////////////// 
2024-12-09 22:37:42.2487 DataDesigner.Core.CodeGenerator.ClassCodeGenerator.Generate [INFO] [ClassCodeGenerator] Generating start... 
2024-12-09 22:37:42.2487 DataDesigner.Core.CodeGenerator.ClassCodeGenerator.Generate [INFO] [EnumCodeGenerator] Failed to generate code. 
2024-12-09 22:37:54.9497 DataDesigner.Core.CodeGenerator.EnumCodeGenerator.Generate [INFO] ////////////////////////////////////////////////////////// 
2024-12-09 22:37:54.9928 DataDesigner.Core.CodeGenerator.EnumCodeGenerator.Generate [INFO] [EnumCodeGenerator] Generating start... 
2024-12-09 22:37:55.0214 DataDesigner.Core.CodeGenerator.EnumCodeGenerator.Generate [INFO] [EnumCodeGenerator] Code generated... 
2024-12-09 22:37:55.0214 DataDesigner.Core.CodeGenerator.ClassCodeGenerator.Generate [INFO] ////////////////////////////////////////////////////////// 
2024-12-09 22:37:55.0214 DataDesigner.Core.CodeGenerator.ClassCodeGenerator.Generate [INFO] [ClassCodeGenerator] Generating start... 
2024-12-09 22:42:01.8292 DataDesigner.Core.CodeGenerator.EnumCodeGenerator.Generate [INFO] ////////////////////////////////////////////////////////// 
2024-12-09 22:42:01.8912 DataDesigner.Core.CodeGenerator.EnumCodeGenerator.Generate [INFO] [EnumCodeGenerator] Generating start... 
2024-12-09 22:42:01.9258 DataDesigner.Core.CodeGenerator.EnumCodeGenerator.Generate [INFO] [EnumCodeGenerator] Code generated... 
2024-12-09 22:42:01.9258 DataDesigner.Core.CodeGenerator.ClassCodeGenerator.Generate [INFO] ////////////////////////////////////////////////////////// 
2024-12-09 22:42:01.9371 DataDesigner.Core.CodeGenerator.ClassCodeGenerator.Generate [INFO] [ClassCodeGenerator] Generating start... 
2024-12-09 22:45:17.6873 DataDesigner.Core.CodeGenerator.ClassCodeGenerator.Generate [INFO] ////////////////////////////////////////////////////////// 
2024-12-09 22:45:17.7277 DataDesigner.Core.CodeGenerator.ClassCodeGenerator.Generate [INFO] [ClassCodeGenerator] Generating start... 
2024-12-09 22:45:45.8717 DataDesigner.Core.CodeGenerator.EnumCodeGenerator.Generate [INFO] ////////////////////////////////////////////////////////// 
2024-12-09 22:45:45.9130 DataDesigner.Core.CodeGenerator.EnumCodeGenerator.Generate [INFO] [EnumCodeGenerator] Generating start... 
2024-12-09 22:45:45.9455 DataDesigner.Core.CodeGenerator.EnumCodeGenerator.Generate [INFO] [EnumCodeGenerator] Code generated... 
2024-12-09 22:45:45.9455 DataDesigner.Core.CodeGenerator.ClassCodeGenerator.Generate [INFO] ////////////////////////////////////////////////////////// 
2024-12-09 22:45:45.9455 DataDesigner.Core.CodeGenerator.ClassCodeGenerator.Generate [INFO] [ClassCodeGenerator] Generating start... 
2024-12-09 22:47:00.9365 DataDesigner.Core.CodeGenerator.EnumCodeGenerator.Generate [INFO] ////////////////////////////////////////////////////////// 
2024-12-09 22:47:00.9740 DataDesigner.Core.CodeGenerator.EnumCodeGenerator.Generate [INFO] [EnumCodeGenerator] Generating start... 
2024-12-09 22:47:00.9993 DataDesigner.Core.CodeGenerator.EnumCodeGenerator.Generate [INFO] [EnumCodeGenerator] Code generated... 
2024-12-09 22:47:00.9993 DataDesigner.Core.CodeGenerator.ClassCodeGenerator.Generate [INFO] ////////////////////////////////////////////////////////// 
2024-12-09 22:47:00.9993 DataDesigner.Core.CodeGenerator.ClassCodeGenerator.Generate [INFO] [ClassCodeGenerator] Generating start... 
2024-12-09 22:47:07.8639 DataDesigner.Core.CodeGenerator.ClassCodeGenerator.Generate [INFO] [EnumCodeGenerator] Code generated... 
2024-12-09 22:50:30.8806 DataDesigner.Core.CodeGenerator.EnumCodeGenerator.Generate [INFO] ////////////////////////////////////////////////////////// 
2024-12-09 22:50:30.9103 DataDesigner.Core.CodeGenerator.EnumCodeGenerator.Generate [INFO] [EnumCodeGenerator] Generating start... 
2024-12-09 22:50:30.9348 DataDesigner.Core.CodeGenerator.EnumCodeGenerator.Generate [INFO] [EnumCodeGenerator] Code generated... 
2024-12-09 22:50:30.9348 DataDesigner.Core.CodeGenerator.ClassCodeGenerator.Generate [INFO] ////////////////////////////////////////////////////////// 
2024-12-09 22:50:30.9348 DataDesigner.Core.CodeGenerator.ClassCodeGenerator.Generate [INFO] [ClassCodeGenerator] Generating start... 
2024-12-09 23:13:42.4386 DataDesigner.Core.CodeGenerator.EnumCodeGenerator.Generate [INFO] ////////////////////////////////////////////////////////// 
2024-12-09 23:13:42.4787 DataDesigner.Core.CodeGenerator.EnumCodeGenerator.Generate [INFO] [EnumCodeGenerator] Generating start... 
2024-12-09 23:13:42.5044 DataDesigner.Core.CodeGenerator.EnumCodeGenerator.Generate [INFO] [EnumCodeGenerator] Code generated... 
2024-12-09 23:13:42.5044 DataDesigner.Core.CodeGenerator.ClassCodeGenerator.Generate [INFO] ////////////////////////////////////////////////////////// 
2024-12-09 23:13:42.5044 DataDesigner.Core.CodeGenerator.ClassCodeGenerator.Generate [INFO] [ClassCodeGenerator] Generating start... 
2024-12-09 23:25:07.2687 DataDesigner.Core.CodeGenerator.EnumCodeGenerator.Generate [INFO] ////////////////////////////////////////////////////////// 
2024-12-09 23:25:07.3392 DataDesigner.Core.CodeGenerator.EnumCodeGenerator.Generate [INFO] [EnumCodeGenerator] Generating start... 
2024-12-09 23:25:07.3902 DataDesigner.Core.CodeGenerator.EnumCodeGenerator.Generate [INFO] [EnumCodeGenerator] Code generated... 
2024-12-09 23:25:23.7072 DataDesigner.Core.CodeGenerator.EnumCodeGenerator.Generate [INFO] ////////////////////////////////////////////////////////// 
2024-12-09 23:25:23.7396 DataDesigner.Core.CodeGenerator.EnumCodeGenerator.Generate [INFO] [EnumCodeGenerator] Generating start... 
2024-12-09 23:25:23.7707 DataDesigner.Core.CodeGenerator.EnumCodeGenerator.Generate [INFO] [EnumCodeGenerator] Code generated... 
2024-12-09 23:25:23.7707 DataDesigner.Core.CodeGenerator.ClassCodeGenerator.Generate [INFO] ////////////////////////////////////////////////////////// 
2024-12-09 23:25:23.7707 DataDesigner.Core.CodeGenerator.ClassCodeGenerator.Generate [INFO] [ClassCodeGenerator] Generating start... 
2024-12-09 23:25:23.7808 DataDesigner.Core.CodeGenerator.ClassCodeGenerator.Generate [INFO] [EnumCodeGenerator] Failed to generate code. 
2024-12-09 23:27:45.4120 DataDesigner.Core.CodeGenerator.EnumCodeGenerator.Generate [INFO] ////////////////////////////////////////////////////////// 
2024-12-09 23:27:45.4735 DataDesigner.Core.CodeGenerator.EnumCodeGenerator.Generate [INFO] [EnumCodeGenerator] Generating start... 
2024-12-09 23:27:45.5405 DataDesigner.Core.CodeGenerator.EnumCodeGenerator.Generate [INFO] [EnumCodeGenerator] Code generated... 
2024-12-09 23:27:45.5438 DataDesigner.Core.CodeGenerator.ClassCodeGenerator.Generate [INFO] ////////////////////////////////////////////////////////// 
2024-12-09 23:27:45.5438 DataDesigner.Core.CodeGenerator.ClassCodeGenerator.Generate [INFO] [ClassCodeGenerator] Generating start... 
2024-12-09 23:27:45.5438 DataDesigner.Core.CodeGenerator.ClassCodeGenerator.Generate [INFO] [EnumCodeGenerator] Code generated... 
2024-12-09 23:28:32.9386 DataDesigner.Core.CodeGenerator.EnumCodeGenerator.Generate [INFO] ////////////////////////////////////////////////////////// 
2024-12-09 23:28:32.9695 DataDesigner.Core.CodeGenerator.EnumCodeGenerator.Generate [INFO] [EnumCodeGenerator] Generating start... 
2024-12-09 23:28:32.9944 DataDesigner.Core.CodeGenerator.EnumCodeGenerator.Generate [INFO] [EnumCodeGenerator] Code generated... 
2024-12-09 23:28:32.9944 DataDesigner.Core.CodeGenerator.ClassCodeGenerator.Generate [INFO] ////////////////////////////////////////////////////////// 
2024-12-09 23:28:32.9944 DataDesigner.Core.CodeGenerator.ClassCodeGenerator.Generate [INFO] [ClassCodeGenerator] Generating start... 
2024-12-09 23:28:33.0004 DataDesigner.Core.CodeGenerator.ClassCodeGenerator.Generate [INFO] [EnumCodeGenerator] Code generated... 
2024-12-09 23:32:40.6391 DataDesigner.Core.CodeGenerator.EnumCodeGenerator.Generate [INFO] ////////////////////////////////////////////////////////// 
2024-12-09 23:32:40.6922 DataDesigner.Core.CodeGenerator.EnumCodeGenerator.Generate [INFO] [EnumCodeGenerator] Generating start... 
2024-12-09 23:32:40.7812 DataDesigner.Core.CodeGenerator.EnumCodeGenerator.Generate [INFO] [EnumCodeGenerator] Code generated... 
2024-12-09 23:32:40.7812 DataDesigner.Core.CodeGenerator.ClassCodeGenerator.Generate [INFO] ////////////////////////////////////////////////////////// 
2024-12-09 23:32:40.7812 DataDesigner.Core.CodeGenerator.ClassCodeGenerator.Generate [INFO] [ClassCodeGenerator] Generating start... 
2024-12-09 23:32:40.7970 DataDesigner.Core.CodeGenerator.ClassCodeGenerator.Generate [ERROR] [EnumCodeGenerator] Failed to generate code. 
